;  LST file generated by mikroListExporter - v.2.0 
; Date/Time: 4/29/2017 12:06:02 PM
;----------------------------------------------

;Address Opcode 	ASM
0x0000	0x021D940C  	JMP        _main
0x0004	0x0000940C  	JMP        0
0x0008	0x0000940C  	JMP        0
0x000C	0x0000940C  	JMP        0
0x0010	0x0000940C  	JMP        0
0x0014	0x0000940C  	JMP        0
0x0018	0x0000940C  	JMP        0
0x001C	0x0000940C  	JMP        0
0x0020	0x0000940C  	JMP        0
0x0024	0x0000940C  	JMP        0
0x0028	0x0000940C  	JMP        0
0x002C	0x0000940C  	JMP        0
0x0030	0x0000940C  	JMP        0
0x0034	0x0000940C  	JMP        0
0x0038	0x0000940C  	JMP        0
0x003C	0x0000940C  	JMP        0
0x0040	0x0000940C  	JMP        0
0x0044	0x0000940C  	JMP        0
0x0048	0x0000940C  	JMP        0
0x004C	0x0000940C  	JMP        0
0x0050	0x0000940C  	JMP        0
_main:
0x043A	0xE5BF    	LDI        R27, 95
0x043C	0xBFBD    	OUT        SPL+0, R27
0x043E	0xE0B4    	LDI        R27, 4
0x0440	0xBFBE    	OUT        SPL+1, R27
0x0442	0x02AB940E  	CALL       683
0x0446	0xB7CD    	IN         R28, SPL+0
0x0448	0xB7DE    	IN         R29, SPL+1
0x044A	0x9722    	SBIW       R28, 2
0x044C	0xBFCD    	OUT        SPL+0, R28
0x044E	0xBFDE    	OUT        SPL+1, R29
0x0450	0x9621    	ADIW       R28, 1
;16x2 lcd library.c,17 :: 		void main()
;16x2 lcd library.c,19 :: 		int val=0;
0x0452	0x922F    	PUSH       R2
0x0454	0x923F    	PUSH       R3
0x0456	0x924F    	PUSH       R4
;16x2 lcd library.c,21 :: 		LCD_Init();
0x0458	0xDE77    	RCALL      _Lcd_Init+0
;16x2 lcd library.c,23 :: 		LCD_Cmd(_LCD_CURSOR_OFF);
0x045A	0xE0BC    	LDI        R27, 12
0x045C	0x2E2B    	MOV        R2, R27
0x045E	0xDF8B    	RCALL      _Lcd_Cmd+0
;16x2 lcd library.c,25 :: 		for(val=0; val<100; val++)
0x0460	0xE0B0    	LDI        R27, 0
0x0462	0x83B8    	STD        Y+0, R27
0x0464	0x83B9    	STD        Y+1, R27
L_main0:
0x0466	0x8128    	LDD        R18, Y+0
0x0468	0x8139    	LDD        R19, Y+1
0x046A	0xE604    	LDI        R16, 100
0x046C	0xE010    	LDI        R17, 0
0x046E	0x1720    	CP         R18, R16
0x0470	0x0731    	CPC        R19, R17
0x0472	0xF00C    	BRLT       L__main6
0x0474	0xC066    	RJMP       L_main1
L__main6:
;16x2 lcd library.c,27 :: 		LCD_Chr(1,1,arr[val/1000%10]);
0x0476	0xEE48    	LDI        R20, 232
0x0478	0xE053    	LDI        R21, 3
0x047A	0x8108    	LDD        R16, Y+0
0x047C	0x8119    	LDD        R17, Y+1
0x047E	0xDDFE    	RCALL      _Div_16x16_S+0
0x0480	0x018B    	MOVW       R16, R22
0x0482	0xE04A    	LDI        R20, 10
0x0484	0xE050    	LDI        R21, 0
0x0486	0xDDFA    	RCALL      _Div_16x16_S+0
0x0488	0x018C    	MOVW       R16, R24
0x048A	0xE620    	LDI        R18, lo_addr(_arr+0)
0x048C	0xE030    	LDI        R19, hi_addr(_arr+0)
0x048E	0x01F8    	MOVW       R30, R16
0x0490	0x0FE2    	ADD        R30, R18
0x0492	0x1FF3    	ADC        R31, R19
0x0494	0x8100    	LD         R16, Z
0x0496	0x2E40    	MOV        R4, R16
0x0498	0xE0B1    	LDI        R27, 1
0x049A	0x2E3B    	MOV        R3, R27
0x049C	0xE0B1    	LDI        R27, 1
0x049E	0x2E2B    	MOV        R2, R27
0x04A0	0xDE17    	RCALL      _Lcd_Chr+0
;16x2 lcd library.c,28 :: 		LCD_Chr(1,2,arr[val/100%10]);
0x04A2	0xE644    	LDI        R20, 100
0x04A4	0xE050    	LDI        R21, 0
0x04A6	0x8108    	LDD        R16, Y+0
0x04A8	0x8119    	LDD        R17, Y+1
0x04AA	0xDDE8    	RCALL      _Div_16x16_S+0
0x04AC	0x018B    	MOVW       R16, R22
0x04AE	0xE04A    	LDI        R20, 10
0x04B0	0xE050    	LDI        R21, 0
0x04B2	0xDDE4    	RCALL      _Div_16x16_S+0
0x04B4	0x018C    	MOVW       R16, R24
0x04B6	0xE620    	LDI        R18, lo_addr(_arr+0)
0x04B8	0xE030    	LDI        R19, hi_addr(_arr+0)
0x04BA	0x01F8    	MOVW       R30, R16
0x04BC	0x0FE2    	ADD        R30, R18
0x04BE	0x1FF3    	ADC        R31, R19
0x04C0	0x8100    	LD         R16, Z
0x04C2	0x2E40    	MOV        R4, R16
0x04C4	0xE0B2    	LDI        R27, 2
0x04C6	0x2E3B    	MOV        R3, R27
0x04C8	0xE0B1    	LDI        R27, 1
0x04CA	0x2E2B    	MOV        R2, R27
0x04CC	0xDE01    	RCALL      _Lcd_Chr+0
;16x2 lcd library.c,29 :: 		LCD_Chr(1,3,arr[val/10%10]);
0x04CE	0xE04A    	LDI        R20, 10
0x04D0	0xE050    	LDI        R21, 0
0x04D2	0x8108    	LDD        R16, Y+0
0x04D4	0x8119    	LDD        R17, Y+1
0x04D6	0xDDD2    	RCALL      _Div_16x16_S+0
0x04D8	0x018B    	MOVW       R16, R22
0x04DA	0xE04A    	LDI        R20, 10
0x04DC	0xE050    	LDI        R21, 0
0x04DE	0xDDCE    	RCALL      _Div_16x16_S+0
0x04E0	0x018C    	MOVW       R16, R24
0x04E2	0xE620    	LDI        R18, lo_addr(_arr+0)
0x04E4	0xE030    	LDI        R19, hi_addr(_arr+0)
0x04E6	0x01F8    	MOVW       R30, R16
0x04E8	0x0FE2    	ADD        R30, R18
0x04EA	0x1FF3    	ADC        R31, R19
0x04EC	0x8100    	LD         R16, Z
0x04EE	0x2E40    	MOV        R4, R16
0x04F0	0xE0B3    	LDI        R27, 3
0x04F2	0x2E3B    	MOV        R3, R27
0x04F4	0xE0B1    	LDI        R27, 1
0x04F6	0x2E2B    	MOV        R2, R27
0x04F8	0xDDEB    	RCALL      _Lcd_Chr+0
;16x2 lcd library.c,30 :: 		LCD_Chr(1,4,arr[val%10]);
0x04FA	0xE04A    	LDI        R20, 10
0x04FC	0xE050    	LDI        R21, 0
0x04FE	0x8108    	LDD        R16, Y+0
0x0500	0x8119    	LDD        R17, Y+1
0x0502	0xDDBC    	RCALL      _Div_16x16_S+0
0x0504	0x018C    	MOVW       R16, R24
0x0506	0xE620    	LDI        R18, lo_addr(_arr+0)
0x0508	0xE030    	LDI        R19, hi_addr(_arr+0)
0x050A	0x01F8    	MOVW       R30, R16
0x050C	0x0FE2    	ADD        R30, R18
0x050E	0x1FF3    	ADC        R31, R19
0x0510	0x8100    	LD         R16, Z
0x0512	0x2E40    	MOV        R4, R16
0x0514	0xE0B4    	LDI        R27, 4
0x0516	0x2E3B    	MOV        R3, R27
0x0518	0xE0B1    	LDI        R27, 1
0x051A	0x2E2B    	MOV        R2, R27
0x051C	0xDDD9    	RCALL      _Lcd_Chr+0
;16x2 lcd library.c,31 :: 		delay_ms(300);
0x051E	0xE129    	LDI        R18, 25
0x0520	0xE51A    	LDI        R17, 90
0x0522	0xEB02    	LDI        R16, 178
L_main3:
0x0524	0x950A    	DEC        R16
0x0526	0xF7F1    	BRNE       L_main3
0x0528	0x951A    	DEC        R17
0x052A	0xF7E1    	BRNE       L_main3
0x052C	0x952A    	DEC        R18
0x052E	0xF7D1    	BRNE       L_main3
0x0530	0x0000    	NOP
0x0532	0x0000    	NOP
;16x2 lcd library.c,25 :: 		for(val=0; val<100; val++)
0x0534	0x8108    	LDD        R16, Y+0
0x0536	0x8119    	LDD        R17, Y+1
0x0538	0x5F0F    	SUBI       R16, 255
0x053A	0x4F1F    	SBCI       R17, 255
0x053C	0x8308    	STD        Y+0, R16
0x053E	0x8319    	STD        Y+1, R17
;16x2 lcd library.c,32 :: 		}
0x0540	0xCF92    	RJMP       L_main0
L_main1:
;16x2 lcd library.c,33 :: 		}
L_end_main:
0x0542	0x904F    	POP        R4
0x0544	0x903F    	POP        R3
0x0546	0x902F    	POP        R2
L__main_end_loop:
0x0548	0xCFFF    	RJMP       L__main_end_loop
; end of _main
_Lcd_Init:
;__Lib_Lcd.c,84 :: 		
;__Lib_Lcd.c,86 :: 		
0x0148	0x003591B0  	LDS        R27, LCD_EN+0
0x014C	0x7FBD    	CBR        R27, 2
0x014E	0x003593B0  	STS        LCD_EN+0, R27
;__Lib_Lcd.c,87 :: 		
0x0152	0x003591B0  	LDS        R27, LCD_RS+0
0x0156	0x7FBE    	CBR        R27, 1
0x0158	0x003593B0  	STS        LCD_RS+0, R27
;__Lib_Lcd.c,88 :: 		
0x015C	0x003591B0  	LDS        R27, LCD_D7+0
0x0160	0x7DBF    	CBR        R27, 32
0x0162	0x003593B0  	STS        LCD_D7+0, R27
;__Lib_Lcd.c,89 :: 		
0x0166	0x003591B0  	LDS        R27, LCD_D6+0
0x016A	0x7EBF    	CBR        R27, 16
0x016C	0x003593B0  	STS        LCD_D6+0, R27
;__Lib_Lcd.c,90 :: 		
0x0170	0x003591B0  	LDS        R27, LCD_D5+0
0x0174	0x7FB7    	CBR        R27, 8
0x0176	0x003593B0  	STS        LCD_D5+0, R27
;__Lib_Lcd.c,91 :: 		
0x017A	0x003591B0  	LDS        R27, LCD_D4+0
0x017E	0x7FBB    	CBR        R27, 4
0x0180	0x003593B0  	STS        LCD_D4+0, R27
;__Lib_Lcd.c,93 :: 		
0x0184	0x003491B0  	LDS        R27, LCD_EN_Direction+0
0x0188	0x60B2    	SBR        R27, 2
0x018A	0x003493B0  	STS        LCD_EN_Direction+0, R27
;__Lib_Lcd.c,94 :: 		
0x018E	0x003491B0  	LDS        R27, LCD_RS_Direction+0
0x0192	0x60B1    	SBR        R27, 1
0x0194	0x003493B0  	STS        LCD_RS_Direction+0, R27
;__Lib_Lcd.c,95 :: 		
0x0198	0x003491B0  	LDS        R27, LCD_D4_Direction+0
0x019C	0x60B4    	SBR        R27, 4
0x019E	0x003493B0  	STS        LCD_D4_Direction+0, R27
;__Lib_Lcd.c,96 :: 		
0x01A2	0x003491B0  	LDS        R27, LCD_D5_Direction+0
0x01A6	0x60B8    	SBR        R27, 8
0x01A8	0x003493B0  	STS        LCD_D5_Direction+0, R27
;__Lib_Lcd.c,97 :: 		
0x01AC	0x003491B0  	LDS        R27, LCD_D6_Direction+0
0x01B0	0x61B0    	SBR        R27, 16
0x01B2	0x003493B0  	STS        LCD_D6_Direction+0, R27
;__Lib_Lcd.c,98 :: 		
0x01B6	0x003491B0  	LDS        R27, LCD_D7_Direction+0
0x01BA	0x62B0    	SBR        R27, 32
0x01BC	0x003493B0  	STS        LCD_D7_Direction+0, R27
;__Lib_Lcd.c,100 :: 		
0x01C0	0xDF55    	RCALL      _Delay_5500us+0
;__Lib_Lcd.c,101 :: 		
0x01C2	0xDF54    	RCALL      _Delay_5500us+0
;__Lib_Lcd.c,102 :: 		
0x01C4	0xDF53    	RCALL      _Delay_5500us+0
;__Lib_Lcd.c,105 :: 		
0x01C6	0x003591B0  	LDS        R27, LCD_D5+0
0x01CA	0x60B8    	SBR        R27, 8
0x01CC	0x003593B0  	STS        LCD_D5+0, R27
;__Lib_Lcd.c,106 :: 		
0x01D0	0x003591B0  	LDS        R27, LCD_D4+0
0x01D4	0x60B4    	SBR        R27, 4
0x01D6	0x003593B0  	STS        LCD_D4+0, R27
;__Lib_Lcd.c,107 :: 		
0x01DA	0x003591B0  	LDS        R27, LCD_EN+0
0x01DE	0x60B2    	SBR        R27, 2
0x01E0	0x003593B0  	STS        LCD_EN+0, R27
;__Lib_Lcd.c,108 :: 		
0x01E4	0xDF37    	RCALL      _Delay_1us+0
;__Lib_Lcd.c,109 :: 		
0x01E6	0x003591B0  	LDS        R27, LCD_EN+0
0x01EA	0x7FBD    	CBR        R27, 2
0x01EC	0x003593B0  	STS        LCD_EN+0, R27
;__Lib_Lcd.c,110 :: 		
0x01F0	0xDF3D    	RCALL      _Delay_5500us+0
;__Lib_Lcd.c,112 :: 		
0x01F2	0x003591B0  	LDS        R27, LCD_EN+0
0x01F6	0x60B2    	SBR        R27, 2
0x01F8	0x003593B0  	STS        LCD_EN+0, R27
;__Lib_Lcd.c,113 :: 		
0x01FC	0xDF2B    	RCALL      _Delay_1us+0
;__Lib_Lcd.c,114 :: 		
0x01FE	0x003591B0  	LDS        R27, LCD_EN+0
0x0202	0x7FBD    	CBR        R27, 2
0x0204	0x003593B0  	STS        LCD_EN+0, R27
;__Lib_Lcd.c,115 :: 		
0x0208	0xDF31    	RCALL      _Delay_5500us+0
;__Lib_Lcd.c,117 :: 		
0x020A	0x003591B0  	LDS        R27, LCD_EN+0
0x020E	0x60B2    	SBR        R27, 2
0x0210	0x003593B0  	STS        LCD_EN+0, R27
;__Lib_Lcd.c,118 :: 		
0x0214	0xDF1F    	RCALL      _Delay_1us+0
;__Lib_Lcd.c,119 :: 		
0x0216	0x003591B0  	LDS        R27, LCD_EN+0
0x021A	0x7FBD    	CBR        R27, 2
0x021C	0x003593B0  	STS        LCD_EN+0, R27
;__Lib_Lcd.c,120 :: 		
0x0220	0xDF25    	RCALL      _Delay_5500us+0
;__Lib_Lcd.c,123 :: 		
0x0222	0x003591B0  	LDS        R27, LCD_D4+0
0x0226	0x7FBB    	CBR        R27, 4
0x0228	0x003593B0  	STS        LCD_D4+0, R27
;__Lib_Lcd.c,124 :: 		
0x022C	0x003591B0  	LDS        R27, LCD_EN+0
0x0230	0x60B2    	SBR        R27, 2
0x0232	0x003593B0  	STS        LCD_EN+0, R27
;__Lib_Lcd.c,125 :: 		
0x0236	0xDF0E    	RCALL      _Delay_1us+0
;__Lib_Lcd.c,126 :: 		
0x0238	0x003591B0  	LDS        R27, LCD_EN+0
0x023C	0x7FBD    	CBR        R27, 2
0x023E	0x003593B0  	STS        LCD_EN+0, R27
;__Lib_Lcd.c,127 :: 		
0x0242	0xDF14    	RCALL      _Delay_5500us+0
;__Lib_Lcd.c,130 :: 		
0x0244	0x003591B0  	LDS        R27, LCD_EN+0
0x0248	0x60B2    	SBR        R27, 2
0x024A	0x003593B0  	STS        LCD_EN+0, R27
;__Lib_Lcd.c,131 :: 		
0x024E	0xDF02    	RCALL      _Delay_1us+0
;__Lib_Lcd.c,132 :: 		
0x0250	0x003591B0  	LDS        R27, LCD_EN+0
0x0254	0x7FBD    	CBR        R27, 2
0x0256	0x003593B0  	STS        LCD_EN+0, R27
;__Lib_Lcd.c,134 :: 		
0x025A	0x003591B0  	LDS        R27, LCD_D5+0
0x025E	0x7FB7    	CBR        R27, 8
0x0260	0x003593B0  	STS        LCD_D5+0, R27
;__Lib_Lcd.c,135 :: 		
0x0264	0x003591B0  	LDS        R27, LCD_D7+0
0x0268	0x62B0    	SBR        R27, 32
0x026A	0x003593B0  	STS        LCD_D7+0, R27
;__Lib_Lcd.c,136 :: 		
0x026E	0x003591B0  	LDS        R27, LCD_EN+0
0x0272	0x60B2    	SBR        R27, 2
0x0274	0x003593B0  	STS        LCD_EN+0, R27
;__Lib_Lcd.c,137 :: 		
0x0278	0xDEED    	RCALL      _Delay_1us+0
;__Lib_Lcd.c,138 :: 		
0x027A	0x003591B0  	LDS        R27, LCD_EN+0
0x027E	0x7FBD    	CBR        R27, 2
0x0280	0x003593B0  	STS        LCD_EN+0, R27
;__Lib_Lcd.c,139 :: 		
0x0284	0xDEF3    	RCALL      _Delay_5500us+0
;__Lib_Lcd.c,142 :: 		
0x0286	0x003591B0  	LDS        R27, LCD_D7+0
0x028A	0x7DBF    	CBR        R27, 32
0x028C	0x003593B0  	STS        LCD_D7+0, R27
;__Lib_Lcd.c,143 :: 		
0x0290	0x003591B0  	LDS        R27, LCD_D4+0
0x0294	0x60B4    	SBR        R27, 4
0x0296	0x003593B0  	STS        LCD_D4+0, R27
;__Lib_Lcd.c,144 :: 		
0x029A	0x003591B0  	LDS        R27, LCD_EN+0
0x029E	0x60B2    	SBR        R27, 2
0x02A0	0x003593B0  	STS        LCD_EN+0, R27
;__Lib_Lcd.c,145 :: 		
0x02A4	0xDED7    	RCALL      _Delay_1us+0
;__Lib_Lcd.c,146 :: 		
0x02A6	0x003591B0  	LDS        R27, LCD_EN+0
0x02AA	0x7FBD    	CBR        R27, 2
0x02AC	0x003593B0  	STS        LCD_EN+0, R27
;__Lib_Lcd.c,148 :: 		
0x02B0	0x003591B0  	LDS        R27, LCD_D4+0
0x02B4	0x7FBB    	CBR        R27, 4
0x02B6	0x003593B0  	STS        LCD_D4+0, R27
;__Lib_Lcd.c,149 :: 		
0x02BA	0x003591B0  	LDS        R27, LCD_EN+0
0x02BE	0x60B2    	SBR        R27, 2
0x02C0	0x003593B0  	STS        LCD_EN+0, R27
;__Lib_Lcd.c,150 :: 		
0x02C4	0xDEC7    	RCALL      _Delay_1us+0
;__Lib_Lcd.c,151 :: 		
0x02C6	0x003591B0  	LDS        R27, LCD_EN+0
0x02CA	0x7FBD    	CBR        R27, 2
0x02CC	0x003593B0  	STS        LCD_EN+0, R27
;__Lib_Lcd.c,152 :: 		
0x02D0	0xDECD    	RCALL      _Delay_5500us+0
;__Lib_Lcd.c,155 :: 		
0x02D2	0x003591B0  	LDS        R27, LCD_EN+0
0x02D6	0x60B2    	SBR        R27, 2
0x02D8	0x003593B0  	STS        LCD_EN+0, R27
;__Lib_Lcd.c,156 :: 		
0x02DC	0xDEBB    	RCALL      _Delay_1us+0
;__Lib_Lcd.c,157 :: 		
0x02DE	0x003591B0  	LDS        R27, LCD_EN+0
0x02E2	0x7FBD    	CBR        R27, 2
0x02E4	0x003593B0  	STS        LCD_EN+0, R27
;__Lib_Lcd.c,159 :: 		
0x02E8	0x003591B0  	LDS        R27, LCD_D4+0
0x02EC	0x60B4    	SBR        R27, 4
0x02EE	0x003593B0  	STS        LCD_D4+0, R27
;__Lib_Lcd.c,160 :: 		
0x02F2	0x003591B0  	LDS        R27, LCD_EN+0
0x02F6	0x60B2    	SBR        R27, 2
0x02F8	0x003593B0  	STS        LCD_EN+0, R27
;__Lib_Lcd.c,161 :: 		
0x02FC	0xDEAB    	RCALL      _Delay_1us+0
;__Lib_Lcd.c,162 :: 		
0x02FE	0x003591B0  	LDS        R27, LCD_EN+0
0x0302	0x7FBD    	CBR        R27, 2
0x0304	0x003593B0  	STS        LCD_EN+0, R27
;__Lib_Lcd.c,163 :: 		
0x0308	0xDEB1    	RCALL      _Delay_5500us+0
;__Lib_Lcd.c,166 :: 		
0x030A	0x003591B0  	LDS        R27, LCD_D4+0
0x030E	0x7FBB    	CBR        R27, 4
0x0310	0x003593B0  	STS        LCD_D4+0, R27
;__Lib_Lcd.c,167 :: 		
0x0314	0x003591B0  	LDS        R27, LCD_EN+0
0x0318	0x60B2    	SBR        R27, 2
0x031A	0x003593B0  	STS        LCD_EN+0, R27
;__Lib_Lcd.c,168 :: 		
0x031E	0xDE9A    	RCALL      _Delay_1us+0
;__Lib_Lcd.c,169 :: 		
0x0320	0x003591B0  	LDS        R27, LCD_EN+0
0x0324	0x7FBD    	CBR        R27, 2
0x0326	0x003593B0  	STS        LCD_EN+0, R27
;__Lib_Lcd.c,171 :: 		
0x032A	0x003591B0  	LDS        R27, LCD_D7+0
0x032E	0x62B0    	SBR        R27, 32
0x0330	0x003593B0  	STS        LCD_D7+0, R27
;__Lib_Lcd.c,172 :: 		
0x0334	0x003591B0  	LDS        R27, LCD_D6+0
0x0338	0x61B0    	SBR        R27, 16
0x033A	0x003593B0  	STS        LCD_D6+0, R27
;__Lib_Lcd.c,173 :: 		
0x033E	0x003591B0  	LDS        R27, LCD_D5+0
0x0342	0x60B8    	SBR        R27, 8
0x0344	0x003593B0  	STS        LCD_D5+0, R27
;__Lib_Lcd.c,174 :: 		
0x0348	0x003591B0  	LDS        R27, LCD_D4+0
0x034C	0x60B4    	SBR        R27, 4
0x034E	0x003593B0  	STS        LCD_D4+0, R27
;__Lib_Lcd.c,175 :: 		
0x0352	0x003591B0  	LDS        R27, LCD_EN+0
0x0356	0x60B2    	SBR        R27, 2
0x0358	0x003593B0  	STS        LCD_EN+0, R27
;__Lib_Lcd.c,176 :: 		
0x035C	0xDE7B    	RCALL      _Delay_1us+0
;__Lib_Lcd.c,177 :: 		
0x035E	0x003591B0  	LDS        R27, LCD_EN+0
0x0362	0x7FBD    	CBR        R27, 2
0x0364	0x003593B0  	STS        LCD_EN+0, R27
;__Lib_Lcd.c,179 :: 		
0x0368	0xDE81    	RCALL      _Delay_5500us+0
;__Lib_Lcd.c,181 :: 		
0x036A	0x006B91B0  	LDS        R27, __Lib_Lcd_cmd_status+0
0x036E	0x60B1    	SBR        R27, 1
0x0370	0x006B93B0  	STS        __Lib_Lcd_cmd_status+0, R27
;__Lib_Lcd.c,182 :: 		
L_end_Lcd_Init:
0x0374	0x9508    	RET
; end of _Lcd_Init
_Delay_5500us:
;__Lib_Delays.c,30 :: 		void Delay_5500us() {
;__Lib_Delays.c,31 :: 		Delay_us(5500);
0x006C	0xE713    	LDI        R17, 115
0x006E	0xE408    	LDI        R16, 72
L_Delay_5500us12:
0x0070	0x950A    	DEC        R16
0x0072	0xF7F1    	BRNE       L_Delay_5500us12
0x0074	0x951A    	DEC        R17
0x0076	0xF7E1    	BRNE       L_Delay_5500us12
0x0078	0x0000    	NOP
;__Lib_Delays.c,32 :: 		}
L_end_Delay_5500us:
0x007A	0x9508    	RET
; end of _Delay_5500us
_Delay_1us:
;__Lib_Delays.c,6 :: 		void Delay_1us() {
;__Lib_Delays.c,7 :: 		Delay_us(1);
0x0054	0xE005    	LDI        R16, 5
L_Delay_1us0:
0x0056	0x950A    	DEC        R16
0x0058	0xF7F1    	BRNE       L_Delay_1us0
0x005A	0x0000    	NOP
;__Lib_Delays.c,8 :: 		}
L_end_Delay_1us:
0x005C	0x9508    	RET
; end of _Delay_1us
_Lcd_Cmd:
;__Lib_Lcd.c,18 :: 		
;__Lib_Lcd.c,20 :: 		
0x0376	0xFA27    	BST        R2, 7
0x0378	0x003591B0  	LDS        R27, LCD_D7+0
0x037C	0xF9B5    	BLD        R27, 5
0x037E	0x003593B0  	STS        LCD_D7+0, R27
;__Lib_Lcd.c,21 :: 		
0x0382	0xFA26    	BST        R2, 6
0x0384	0x003591B0  	LDS        R27, LCD_D6+0
0x0388	0xF9B4    	BLD        R27, 4
0x038A	0x003593B0  	STS        LCD_D6+0, R27
;__Lib_Lcd.c,22 :: 		
0x038E	0xFA25    	BST        R2, 5
0x0390	0x003591B0  	LDS        R27, LCD_D5+0
0x0394	0xF9B3    	BLD        R27, 3
0x0396	0x003593B0  	STS        LCD_D5+0, R27
;__Lib_Lcd.c,23 :: 		
0x039A	0xFA24    	BST        R2, 4
0x039C	0x003591B0  	LDS        R27, LCD_D4+0
0x03A0	0xF9B2    	BLD        R27, 2
0x03A2	0x003593B0  	STS        LCD_D4+0, R27
;__Lib_Lcd.c,25 :: 		
0x03A6	0x006B91B0  	LDS        R27, __Lib_Lcd_cmd_status+0
0x03AA	0x00359000  	LDS        R0, LCD_RS+0
0x03AE	0x94E8    	CLT
0x03B0	0xFFB0    	SBRS       R27, 0
0x03B2	0x9468    	SET
0x03B4	0xF800    	BLD        R0, 0
0x03B6	0x00359200  	STS        LCD_RS+0, R0
;__Lib_Lcd.c,28 :: 		
0x03BA	0x003591B0  	LDS        R27, LCD_EN+0
0x03BE	0x60B2    	SBR        R27, 2
0x03C0	0x003593B0  	STS        LCD_EN+0, R27
;__Lib_Lcd.c,29 :: 		
0x03C4	0xDE47    	RCALL      _Delay_1us+0
;__Lib_Lcd.c,30 :: 		
0x03C6	0x003591B0  	LDS        R27, LCD_EN+0
0x03CA	0x7FBD    	CBR        R27, 2
0x03CC	0x003593B0  	STS        LCD_EN+0, R27
;__Lib_Lcd.c,33 :: 		
0x03D0	0xFA23    	BST        R2, 3
0x03D2	0x003591B0  	LDS        R27, LCD_D7+0
0x03D6	0xF9B5    	BLD        R27, 5
0x03D8	0x003593B0  	STS        LCD_D7+0, R27
;__Lib_Lcd.c,34 :: 		
0x03DC	0xFA22    	BST        R2, 2
0x03DE	0x003591B0  	LDS        R27, LCD_D6+0
0x03E2	0xF9B4    	BLD        R27, 4
0x03E4	0x003593B0  	STS        LCD_D6+0, R27
;__Lib_Lcd.c,35 :: 		
0x03E8	0xFA21    	BST        R2, 1
0x03EA	0x003591B0  	LDS        R27, LCD_D5+0
0x03EE	0xF9B3    	BLD        R27, 3
0x03F0	0x003593B0  	STS        LCD_D5+0, R27
;__Lib_Lcd.c,36 :: 		
0x03F4	0xFA20    	BST        R2, 0
0x03F6	0x003591B0  	LDS        R27, LCD_D4+0
0x03FA	0xF9B2    	BLD        R27, 2
0x03FC	0x003593B0  	STS        LCD_D4+0, R27
;__Lib_Lcd.c,38 :: 		
0x0400	0x006B91B0  	LDS        R27, __Lib_Lcd_cmd_status+0
0x0404	0x00359000  	LDS        R0, LCD_RS+0
0x0408	0x94E8    	CLT
0x040A	0xFFB0    	SBRS       R27, 0
0x040C	0x9468    	SET
0x040E	0xF800    	BLD        R0, 0
0x0410	0x00359200  	STS        LCD_RS+0, R0
;__Lib_Lcd.c,40 :: 		
0x0414	0x003591B0  	LDS        R27, LCD_EN+0
0x0418	0x60B2    	SBR        R27, 2
0x041A	0x003593B0  	STS        LCD_EN+0, R27
;__Lib_Lcd.c,41 :: 		
0x041E	0xDE1A    	RCALL      _Delay_1us+0
;__Lib_Lcd.c,42 :: 		
0x0420	0x003591B0  	LDS        R27, LCD_EN+0
0x0424	0x7FBD    	CBR        R27, 2
0x0426	0x003593B0  	STS        LCD_EN+0, R27
;__Lib_Lcd.c,44 :: 		
0x042A	0x006B91B0  	LDS        R27, __Lib_Lcd_cmd_status+0
0x042E	0xFFB0    	SBRS       R27, 0
0x0430	0xC002    	RJMP       L_Lcd_Cmd0
;__Lib_Lcd.c,45 :: 		
0x0432	0xDE1C    	RCALL      _Delay_5500us+0
0x0434	0xC001    	RJMP       L_Lcd_Cmd1
L_Lcd_Cmd0:
;__Lib_Lcd.c,47 :: 		
0x0436	0xDE13    	RCALL      _Delay_50us+0
L_Lcd_Cmd1:
;__Lib_Lcd.c,48 :: 		
L_end_Lcd_Cmd:
0x0438	0x9508    	RET
; end of _Lcd_Cmd
_Delay_50us:
;__Lib_Delays.c,18 :: 		void Delay_50us() {
;__Lib_Delays.c,19 :: 		Delay_us(50);
0x005E	0xE012    	LDI        R17, 2
0x0060	0xE009    	LDI        R16, 9
L_Delay_50us6:
0x0062	0x950A    	DEC        R16
0x0064	0xF7F1    	BRNE       L_Delay_50us6
0x0066	0x951A    	DEC        R17
0x0068	0xF7E1    	BRNE       L_Delay_50us6
;__Lib_Delays.c,20 :: 		}
L_end_Delay_50us:
0x006A	0x9508    	RET
; end of _Delay_50us
_Lcd_Chr:
;__Lib_Lcd.c,65 :: 		
;__Lib_Lcd.c,66 :: 		
0x00D0	0x922F    	PUSH       R2
0x00D2	0xC00F    	RJMP       L_Lcd_Chr4
;__Lib_Lcd.c,67 :: 		
L_Lcd_Chr6:
0x00D4	0xE8B0    	LDI        R27, 128
0x00D6	0x2E2B    	MOV        R2, R27
0x00D8	0xC019    	RJMP       L_Lcd_Chr5
;__Lib_Lcd.c,68 :: 		
L_Lcd_Chr7:
0x00DA	0xECB0    	LDI        R27, 192
0x00DC	0x2E2B    	MOV        R2, R27
0x00DE	0xC016    	RJMP       L_Lcd_Chr5
;__Lib_Lcd.c,69 :: 		
L_Lcd_Chr8:
0x00E0	0xE9B4    	LDI        R27, 148
0x00E2	0x2E2B    	MOV        R2, R27
0x00E4	0xC013    	RJMP       L_Lcd_Chr5
;__Lib_Lcd.c,70 :: 		
L_Lcd_Chr9:
0x00E6	0xEDB4    	LDI        R27, 212
0x00E8	0x2E2B    	MOV        R2, R27
0x00EA	0xC010    	RJMP       L_Lcd_Chr5
;__Lib_Lcd.c,71 :: 		
L_Lcd_Chr10:
0x00EC	0xE8B0    	LDI        R27, 128
0x00EE	0x2E2B    	MOV        R2, R27
;__Lib_Lcd.c,72 :: 		
0x00F0	0xC00D    	RJMP       L_Lcd_Chr5
L_Lcd_Chr4:
0x00F2	0xE0B1    	LDI        R27, 1
0x00F4	0x162B    	CP         R2, R27
0x00F6	0xF371    	BREQ       L_Lcd_Chr6
L__Lcd_Chr29:
0x00F8	0xE0B2    	LDI        R27, 2
0x00FA	0x162B    	CP         R2, R27
0x00FC	0xF371    	BREQ       L_Lcd_Chr7
L__Lcd_Chr30:
0x00FE	0xE0B3    	LDI        R27, 3
0x0100	0x162B    	CP         R2, R27
0x0102	0xF371    	BREQ       L_Lcd_Chr8
L__Lcd_Chr31:
0x0104	0xE0B4    	LDI        R27, 4
0x0106	0x162B    	CP         R2, R27
0x0108	0xF371    	BREQ       L_Lcd_Chr9
L__Lcd_Chr32:
0x010A	0xCFF0    	RJMP       L_Lcd_Chr10
L_Lcd_Chr5:
;__Lib_Lcd.c,74 :: 		
0x010C	0x2D03    	MOV        R16, R3
0x010E	0x5001    	SUBI       R16, 1
0x0110	0x0D02    	ADD        R16, R2
0x0112	0x2E20    	MOV        R2, R16
;__Lib_Lcd.c,76 :: 		
0x0114	0x006B91B0  	LDS        R27, __Lib_Lcd_cmd_status+0
0x0118	0x60B1    	SBR        R27, 1
0x011A	0x006B93B0  	STS        __Lib_Lcd_cmd_status+0, R27
;__Lib_Lcd.c,77 :: 		
0x011E	0x2E20    	MOV        R2, R16
0x0120	0xD12A    	RCALL      _Lcd_Cmd+0
;__Lib_Lcd.c,79 :: 		
0x0122	0x006B91B0  	LDS        R27, __Lib_Lcd_cmd_status+0
0x0126	0x7FBE    	CBR        R27, 1
0x0128	0x006B93B0  	STS        __Lib_Lcd_cmd_status+0, R27
;__Lib_Lcd.c,80 :: 		
0x012C	0x2C24    	MOV        R2, R4
0x012E	0xD123    	RCALL      _Lcd_Cmd+0
;__Lib_Lcd.c,81 :: 		
0x0130	0x006B91B0  	LDS        R27, __Lib_Lcd_cmd_status+0
0x0134	0x60B1    	SBR        R27, 1
0x0136	0x006B93B0  	STS        __Lib_Lcd_cmd_status+0, R27
;__Lib_Lcd.c,82 :: 		
L_end_Lcd_Chr:
0x013A	0x902F    	POP        R2
0x013C	0x9508    	RET
; end of _Lcd_Chr
___CC2DW:
;__Lib_System.c,25 :: 		
;__Lib_System.c,27 :: 		
L_loopDW:
;__Lib_System.c,28 :: 		
0x013E	0x9005    	LPM        R0, Z+
;__Lib_System.c,29 :: 		
0x0140	0x920D    	ST         X+, R0
;__Lib_System.c,30 :: 		
0x0142	0x9701    	SBIW       R24, 1
;__Lib_System.c,31 :: 		
0x0144	0xF7E1    	BRNE       L_loopDW
;__Lib_System.c,33 :: 		
L_end___CC2DW:
0x0146	0x9508    	RET
; end of ___CC2DW
_Div_16x16_S:
;__Lib_Math.c,145 :: 		
;__Lib_Math.c,148 :: 		
0x007C	0x01C8    	MOVW       R24, R16
;__Lib_Math.c,149 :: 		
0x007E	0x01BA    	MOVW       R22, R20
;__Lib_Math.c,151 :: 		
0x0080	0xFB97    	BST        R25, 7
;__Lib_Math.c,152 :: 		
0x0082	0x2E09    	MOV        R0, R25
;__Lib_Math.c,153 :: 		
0x0084	0x2607    	EOR        R0, R23
;__Lib_Math.c,154 :: 		
0x0086	0xD00A    	RCALL      Div_16x16_S_L3
;__Lib_Math.c,155 :: 		
0x0088	0xFD77    	SBRC       R23, 7
;__Lib_Math.c,156 :: 		
0x008A	0xD004    	RCALL      Div_16x16_S_L1
;__Lib_Math.c,157 :: 		
0x008C	0xD00C    	RCALL      Div_16x16_S_L4
;__Lib_Math.c,158 :: 		
0x008E	0xD006    	RCALL      Div_16x16_S_L3
;__Lib_Math.c,159 :: 		
0x0090	0x2000    	AND        R0, R0
;__Lib_Math.c,160 :: 		
0x0092	0xF41A    	BRPL       Div_16x16_S_L2
;__Lib_Math.c,161 :: 		
Div_16x16_S_L1:
;__Lib_Math.c,162 :: 		
0x0094	0x9570    	COM        R23
;__Lib_Math.c,163 :: 		
0x0096	0x9561    	NEG        R22
;__Lib_Math.c,164 :: 		
0x0098	0x4F7F    	SBCI       R23, 255
;__Lib_Math.c,165 :: 		
Div_16x16_S_L2:
;__Lib_Math.c,166 :: 		
0x009A	0x9508    	RET
;__Lib_Math.c,167 :: 		
Div_16x16_S_L3:
;__Lib_Math.c,168 :: 		
0x009C	0xF7F6    	BRTC       Div_16x16_S_L2
;__Lib_Math.c,169 :: 		
0x009E	0x9590    	COM        R25
;__Lib_Math.c,170 :: 		
0x00A0	0x9581    	NEG        R24
;__Lib_Math.c,171 :: 		
0x00A2	0x4F9F    	SBCI       R25, 255
;__Lib_Math.c,172 :: 		
0x00A4	0x9508    	RET
;__Lib_Math.c,173 :: 		
Div_16x16_S_L4:
;__Lib_Math.c,174 :: 		
0x00A6	0x1BAA    	SUB        R26, R26
;__Lib_Math.c,175 :: 		
0x00A8	0x1BBB    	SUB        R27, R27
;__Lib_Math.c,176 :: 		
0x00AA	0xE151    	LDI        R21, 17
;__Lib_Math.c,177 :: 		
0x00AC	0xC007    	RJMP       Div_16x16_S_L6
;__Lib_Math.c,178 :: 		
Div_16x16_S_L5:
;__Lib_Math.c,179 :: 		
0x00AE	0x1FAA    	ROL        R26
;__Lib_Math.c,180 :: 		
0x00B0	0x1FBB    	ROL        R27
;__Lib_Math.c,181 :: 		
0x00B2	0x17A6    	CP         R26, R22
;__Lib_Math.c,182 :: 		
0x00B4	0x07B7    	CPC        R27, R23
;__Lib_Math.c,183 :: 		
0x00B6	0xF010    	BRCS       Div_16x16_S_L6
;__Lib_Math.c,184 :: 		
0x00B8	0x1BA6    	SUB        R26, R22
;__Lib_Math.c,185 :: 		
0x00BA	0x0BB7    	SBC        R27, R23
;__Lib_Math.c,186 :: 		
Div_16x16_S_L6:
;__Lib_Math.c,187 :: 		
0x00BC	0x1F88    	ROL        R24
;__Lib_Math.c,188 :: 		
0x00BE	0x1F99    	ROL        R25
;__Lib_Math.c,189 :: 		
0x00C0	0x955A    	DEC        R21
;__Lib_Math.c,190 :: 		
0x00C2	0xF7A9    	BRNE       Div_16x16_S_L5
;__Lib_Math.c,191 :: 		
0x00C4	0x9580    	COM        R24
;__Lib_Math.c,192 :: 		
0x00C6	0x9590    	COM        R25
;__Lib_Math.c,193 :: 		
0x00C8	0x01BC    	MOVW       R22, R24
;__Lib_Math.c,194 :: 		
0x00CA	0x01CD    	MOVW       R24, R26
;__Lib_Math.c,195 :: 		
0x00CC	0x9508    	RET
;__Lib_Math.c,198 :: 		
L_end_Div_16x16_S:
0x00CE	0x9508    	RET
; end of _Div_16x16_S
0x0556	0xE6A0    	LDI        R26, 96
0x0558	0xE0B0    	LDI        R27, 0
0x055A	0xE4EA    	LDI        R30, 74
0x055C	0xE0F5    	LDI        R31, 5
0x055E	0xE08B    	LDI        R24, 11
0x0560	0xE090    	LDI        R25, 0
0x0562	0x009F940E  	CALL       ___CC2DW
0x0566	0x9508    	RET
;16x2 lcd library.c,0 :: ?ICS_arr
0x054A	0x3130 ;?ICS_arr+0
0x054C	0x3332 ;?ICS_arr+2
0x054E	0x3534 ;?ICS_arr+4
0x0550	0x3736 ;?ICS_arr+6
0x0552	0x3938 ;?ICS_arr+8
0x0554	0x00 ;?ICS_arr+10
; end of ?ICS_arr
Symbol List:
//** Routines locations **
//ADDRESS    SIZE    PROCEDURE
//----------------------------------------------
0x002A       [5]    _Delay_1us
0x002F       [7]    _Delay_50us
0x0036       [8]    _Delay_5500us
0x003E      [42]    _Div_16x16_S
0x0068      [55]    _Lcd_Chr
0x009F       [5]    ___CC2DW
0x00A4     [279]    _Lcd_Init
0x01BB      [98]    _Lcd_Cmd
0x021D     [136]    _main
//** Variables locations ** 
//ADDRESS    SIZE    VARIABLE
//----------------------------------------------
0x0000       [1]    Delay_Cyc_loc_L0
0x0000       [1]    R0
0x0001       [1]    R1
0x0002       [2]    FARG_VDelay_Advanced_ms_Time_ms
0x0002       [1]    R2
0x0002       [2]    FARG_VDelay_ms_Time_ms
0x0002       [1]    FARG_Lcd_Out_row
0x0002       [1]    FARG_Lcd_Chr_row
0x0002       [2]    FARG_Lcd_Out_CP_text
0x0002       [1]    FARG_Lcd_Chr_CP_out_char
0x0002       [1]    FARG_Lcd_Cmd_out_char
0x0002       [1]    FARG_Delay_Cyc_cycles_div_by_10
0x0003       [1]    R3
0x0003       [1]    FARG_Lcd_Chr_column
0x0003       [1]    FARG_Lcd_Out_column
0x0004       [1]    R4
0x0004       [2]    FARG_Lcd_Out_text
0x0004       [2]    FARG_VDelay_Advanced_ms_Current_Fosc_kHz
0x0004       [1]    FARG_Lcd_Chr_out_char
0x0005       [1]    R5
0x0006       [1]    R6
0x0007       [1]    R7
0x0008       [1]    R8
0x0009       [1]    R9
0x000A       [1]    R10
0x000B       [1]    R11
0x000C       [1]    R12
0x000D       [1]    R13
0x000E       [1]    R14
0x000F       [1]    R15
0x0010       [1]    R16
0x0011       [1]    R17
0x0012       [1]    R18
0x0013       [1]    R19
0x0014       [1]    R20
0x0015       [1]    R21
0x0016       [1]    R22
0x0017       [1]    R23
0x0018       [1]    R24
0x0019       [1]    R25
0x001A       [1]    XL
0x001A       [1]    R26
0x001A       [2]    X
0x001B       [1]    R27
0x001B       [1]    XH
0x001C       [1]    R28
0x001C       [2]    Y
0x001C       [1]    YL
0x001D       [1]    R29
0x001D       [1]    YH
0x001E       [2]    Z
0x001E       [1]    R30
0x001E       [1]    ZL
0x001F       [1]    ZH
0x001F       [1]    R31
0x0020       [0]    TWBR4_bit
0x0020       [0]    TWBR1_bit
0x0020       [0]    TWBR7_bit
0x0020       [0]    TWBR2_bit
0x0020       [0]    TWBR0_bit
0x0020       [0]    TWBR6_bit
0x0020       [1]    TWBR
0x0020       [0]    TWBR5_bit
0x0020       [0]    TWBR3_bit
0x0021       [0]    TWS6_bit
0x0021       [0]    TWPS1_bit
0x0021       [1]    TWSR
0x0021       [0]    TWS5_bit
0x0021       [0]    TWS4_bit
0x0021       [0]    TWPS0_bit
0x0021       [0]    TWS7_bit
0x0021       [0]    TWS3_bit
0x0022       [0]    TWA0_bit
0x0022       [1]    TWAR
0x0022       [0]    TWA5_bit
0x0022       [0]    TWA1_bit
0x0022       [0]    TWA6_bit
0x0022       [0]    TWA2_bit
0x0022       [0]    TWA4_bit
0x0022       [0]    TWA3_bit
0x0022       [0]    TWGCE_bit
0x0023       [0]    TWD3_bit
0x0023       [0]    TWD6_bit
0x0023       [0]    TWD7_bit
0x0023       [0]    TWD4_bit
0x0023       [0]    TWD5_bit
0x0023       [0]    TWD1_bit
0x0023       [0]    TWD2_bit
0x0023       [1]    TWDR
0x0023       [0]    TWD0_bit
0x0024       [0]    ADCL2_bit
0x0024       [0]    ADCL1_bit
0x0024       [0]    ADCL6_bit
0x0024       [0]    ADCL5_bit
0x0024       [0]    ADCL4_bit
0x0024       [0]    ADCL3_bit
0x0024       [0]    ADCL0_bit
0x0024       [1]    ADCL
0x0024       [0]    ADCL7_bit
0x0025       [0]    ADCH2_bit
0x0025       [0]    ADCH1_bit
0x0025       [0]    ADCH0_bit
0x0025       [0]    ADCH7_bit
0x0025       [0]    ADCH5_bit
0x0025       [1]    ADCH
0x0025       [0]    ADCH6_bit
0x0025       [0]    ADCH3_bit
0x0025       [0]    ADCH4_bit
0x0026       [0]    ADPS1_bit
0x0026       [0]    ADPS0_bit
0x0026       [0]    ADIE_bit
0x0026       [1]    ADCSRA
0x0026       [0]    ADPS2_bit
0x0026       [0]    ADSC_bit
0x0026       [0]    ADATE_bit
0x0026       [0]    ADEN_bit
0x0026       [0]    ADIF_bit
0x0027       [0]    MUX2_bit
0x0027       [0]    REFS0_bit
0x0027       [0]    ADLAR_bit
0x0027       [1]    ADMUX
0x0027       [0]    MUX1_bit
0x0027       [0]    REFS1_bit
0x0027       [0]    MUX3_bit
0x0027       [0]    MUX0_bit
0x0027       [0]    MUX4_bit
0x0028       [0]    ACIS0_bit
0x0028       [1]    ACSR
0x0028       [0]    ACD_bit
0x0028       [0]    ACBG_bit
0x0028       [0]    ACIC_bit
0x0028       [0]    ACIS1_bit
0x0028       [0]    ACIE_bit
0x0028       [0]    ACO_bit
0x0028       [0]    ACI_bit
0x0029       [0]    UBRR3_bit
0x0029       [0]    UBRR6_bit
0x0029       [0]    UBRR5_bit
0x0029       [0]    UBRR4_bit
0x0029       [1]    UBRRL
0x0029       [0]    UBRR7_bit
0x0029       [0]    UBRR0_bit
0x0029       [0]    UBRR2_bit
0x0029       [0]    UBRR1_bit
0x002A       [0]    RXCIE_bit
0x002A       [0]    UCSZ2_bit
0x002A       [0]    TXB8_bit
0x002A       [1]    UCSR0B
0x002A       [0]    RXB8_bit
0x002A       [0]    RXEN_bit
0x002A       [1]    UCSRB
0x002A       [0]    UDRIE_bit
0x002A       [0]    TXCIE_bit
0x002A       [0]    TXEN_bit
0x002B       [0]    UDRE0_bit
0x002B       [0]    TXC_bit
0x002B       [0]    RXC0_bit
0x002B       [0]    UDRE_bit
0x002B       [0]    TXC0_bit
0x002B       [0]    U2X_bit
0x002B       [0]    MPCM_bit
0x002B       [1]    UCSRA
0x002B       [0]    UPE_bit
0x002B       [0]    FE_bit
0x002B       [0]    DOR_bit
0x002B       [0]    RXC_bit
0x002C       [0]    UDR6_bit
0x002C       [0]    UDR7_bit
0x002C       [0]    UDR1_bit
0x002C       [0]    UDR2_bit
0x002C       [0]    UDR0__bit
0x002C       [1]    UDR
0x002C       [0]    UDR4_bit
0x002C       [0]    UDR5_bit
0x002C       [0]    UDR3_bit
0x002C       [1]    UDR0
0x002D       [0]    CPOL_bit
0x002D       [0]    CPHA_bit
0x002D       [1]    SPCR
0x002D       [0]    SPR0_bit
0x002D       [0]    SPR1_bit
0x002D       [0]    DORD_bit
0x002D       [0]    MSTR_bit
0x002D       [0]    SPIE_bit
0x002D       [0]    SPE_bit
0x002E       [0]    WCOL_bit
0x002E       [0]    SPIF_bit
0x002E       [1]    SPSR
0x002E       [0]    SPI2X_bit
0x002F       [0]    SPDR3_bit
0x002F       [0]    SPDR0_bit
0x002F       [0]    SPDR6_bit
0x002F       [0]    SPDR7_bit
0x002F       [0]    SPDR1_bit
0x002F       [1]    SPDR
0x002F       [0]    SPDR2_bit
0x002F       [0]    SPDR4_bit
0x002F       [0]    SPDR5_bit
0x0030       [0]    PIND2_bit
0x0030       [0]    PIND1_bit
0x0030       [0]    PIND7_bit
0x0030       [1]    PIND
0x0030       [0]    PIND5_bit
0x0030       [0]    PIND4_bit
0x0030       [0]    PIND6_bit
0x0030       [0]    PIND3_bit
0x0030       [0]    PIND0_bit
0x0031       [0]    DDD3_bit
0x0031       [0]    DDD5_bit
0x0031       [0]    DDD6_bit
0x0031       [0]    DDD4_bit
0x0031       [0]    DDD7_bit
0x0031       [0]    DDD0_bit
0x0031       [1]    DDRD
0x0031       [0]    DDD2_bit
0x0031       [0]    DDD1_bit
0x0032       [0]    PORTD1_bit
0x0032       [0]    PORTD2_bit
0x0032       [1]    PORTD
0x0032       [0]    PORTD0_bit
0x0032       [0]    PORTD3_bit
0x0032       [0]    PORTD6_bit
0x0032       [0]    PORTD7_bit
0x0032       [0]    PORTD4_bit
0x0032       [0]    PORTD5_bit
0x0033       [1]    PINC
0x0033       [0]    PINC7_bit
0x0033       [0]    PINC0_bit
0x0033       [0]    PINC1_bit
0x0033       [0]    PINC3_bit
0x0033       [0]    PINC5_bit
0x0033       [0]    PINC4_bit
0x0033       [0]    PINC6_bit
0x0033       [0]    PINC2_bit
0x0034       [1]    DDRC
0x0034       [0]    DDC0_bit
0x0034       [0]    LCD_RS_Direction
0x0034       [0]    DDC1_bit
0x0034       [0]    LCD_D4_Direction
0x0034       [0]    DDC6_bit
0x0034       [0]    DDC7_bit
0x0034       [0]    LCD_D5_Direction
0x0034       [0]    LCD_D7_Direction
0x0034       [0]    DDC5_bit
0x0034       [0]    DDC3_bit
0x0034       [0]    DDC2_bit
0x0034       [0]    DDC4_bit
0x0034       [0]    LCD_D6_Direction
0x0034       [0]    LCD_EN_Direction
0x0035       [0]    PORTC2_bit
0x0035       [0]    PORTC3_bit
0x0035       [0]    PORTC7_bit
0x0035       [0]    LCD_RS
0x0035       [0]    PORTC0_bit
0x0035       [0]    PORTC5_bit
0x0035       [0]    PORTC1_bit
0x0035       [1]    PORTC
0x0035       [0]    PORTC4_bit
0x0035       [0]    LCD_D6
0x0035       [0]    LCD_D4
0x0035       [0]    PORTC6_bit
0x0035       [0]    LCD_EN
0x0035       [0]    LCD_D7
0x0035       [0]    LCD_D5
0x0036       [0]    PINB0_bit
0x0036       [0]    PINB1_bit
0x0036       [0]    PINB7_bit
0x0036       [0]    PINB3_bit
0x0036       [0]    PINB2_bit
0x0036       [0]    PINB4_bit
0x0036       [0]    PINB5_bit
0x0036       [1]    PINB
0x0036       [0]    PINB6_bit
0x0037       [0]    DDB7_bit
0x0037       [1]    DDRB
0x0037       [0]    DDB0_bit
0x0037       [0]    DDB6_bit
0x0037       [0]    DDB1_bit
0x0037       [0]    DDB4_bit
0x0037       [0]    DDB5_bit
0x0037       [0]    DDB3_bit
0x0037       [0]    DDB2_bit
0x0038       [0]    PORTB2_bit
0x0038       [0]    PORTB5_bit
0x0038       [0]    PORTB4_bit
0x0038       [0]    PORTB7_bit
0x0038       [0]    PORTB6_bit
0x0038       [0]    PORTB1_bit
0x0038       [1]    PORTB
0x0038       [0]    PORTB0_bit
0x0038       [0]    PORTB3_bit
0x0039       [0]    PINA7_bit
0x0039       [0]    PINA1_bit
0x0039       [0]    PINA2_bit
0x0039       [1]    PINA
0x0039       [0]    PINA0_bit
0x0039       [0]    PINA5_bit
0x0039       [0]    PINA6_bit
0x0039       [0]    PINA3_bit
0x0039       [0]    PINA4_bit
0x003A       [0]    DDA1_bit
0x003A       [0]    DDA2_bit
0x003A       [1]    DDRA
0x003A       [0]    DDA0_bit
0x003A       [0]    DDA3_bit
0x003A       [0]    DDA6_bit
0x003A       [0]    DDA7_bit
0x003A       [0]    DDA4_bit
0x003A       [0]    DDA5_bit
0x003B       [0]    PORTA5_bit
0x003B       [0]    PORTA4_bit
0x003B       [0]    PORTA7_bit
0x003B       [0]    PORTA6_bit
0x003B       [0]    PORTA3_bit
0x003B       [0]    PORTA0_bit
0x003B       [1]    PORTA
0x003B       [0]    PORTA2_bit
0x003B       [0]    PORTA1_bit
0x003C       [0]    EERE_bit
0x003C       [1]    EECR
0x003C       [0]    EEWE_bit
0x003C       [0]    EERIE_bit
0x003C       [0]    EEMWE_bit
0x003D       [0]    EEDR1_bit
0x003D       [0]    EEDR2_bit
0x003D       [1]    EEDR
0x003D       [0]    EEDR0_bit
0x003D       [0]    EEDR3_bit
0x003D       [0]    EEDR6_bit
0x003D       [0]    EEDR7_bit
0x003D       [0]    EEDR4_bit
0x003D       [0]    EEDR5_bit
0x003E       [0]    EEAR1_bit
0x003E       [0]    EEAR2_bit
0x003E       [0]    EEAR0_bit
0x003E       [1]    EEARL
0x003E       [0]    EEAR6_bit
0x003E       [0]    EEAR7_bit
0x003E       [0]    EEAR5_bit
0x003E       [0]    EEAR3_bit
0x003E       [0]    EEAR4_bit
0x003F       [1]    EEARH
0x003F       [0]    EEAR8_bit
0x0040       [0]    UBRR11_bit
0x0040       [1]    UCSR0C
0x0040       [1]    UCSRC
0x0040       [0]    UBRR10_bit
0x0040       [1]    UBRRH
0x0040       [0]    UBRR8_bit
0x0040       [0]    UBRR9_bit
0x0040       [0]    UPM1_bit
0x0040       [0]    UPM0_bit
0x0040       [0]    URSEL_bit
0x0040       [0]    UMSEL_bit
0x0040       [0]    UCSZ0_bit
0x0040       [0]    UCPOL_bit
0x0040       [0]    USBS_bit
0x0040       [0]    UCSZ1_bit
0x0041       [0]    WDP0_bit
0x0041       [1]    WDTCR
0x0041       [0]    WDP1_bit
0x0041       [0]    WDTOE_bit
0x0041       [0]    WDE_bit
0x0041       [0]    WDP2_bit
0x0042       [0]    TCR2UB_bit
0x0042       [1]    ASSR
0x0042       [0]    AS2_bit
0x0042       [0]    TCN2UB_bit
0x0042       [0]    OCR2UB_bit
0x0043       [0]    OCR2_1_bit
0x0043       [0]    OCR2_2_bit
0x0043       [1]    OCR2
0x0043       [0]    OCR2_0_bit
0x0043       [0]    OCR2_6_bit
0x0043       [0]    OCR2_7_bit
0x0043       [0]    OCR2_5_bit
0x0043       [0]    OCR2_3_bit
0x0043       [0]    OCR2_4_bit
0x0044       [0]    TCNT2_1_bit
0x0044       [0]    TCNT2_2_bit
0x0044       [1]    TCNT2
0x0044       [0]    TCNT2_0_bit
0x0044       [0]    TCNT2_6_bit
0x0044       [0]    TCNT2_7_bit
0x0044       [0]    TCNT2_5_bit
0x0044       [0]    TCNT2_3_bit
0x0044       [0]    TCNT2_4_bit
0x0045       [0]    CS21_bit
0x0045       [0]    CS22_bit
0x0045       [1]    TCCR2
0x0045       [0]    CS20_bit
0x0045       [0]    WGM20_bit
0x0045       [0]    FOC2_bit
0x0045       [0]    COM21_bit
0x0045       [0]    WGM21_bit
0x0045       [0]    COM20_bit
0x0046       [0]    ICR1L1_bit
0x0046       [0]    ICR1L2_bit
0x0046       [1]    ICR1L
0x0046       [0]    ICR1L0_bit
0x0046       [0]    ICR1L6_bit
0x0046       [0]    ICR1L7_bit
0x0046       [0]    ICR1L5_bit
0x0046       [0]    ICR1L3_bit
0x0046       [0]    ICR1L4_bit
0x0047       [0]    ICR1H1_bit
0x0047       [0]    ICR1H2_bit
0x0047       [1]    ICR1H
0x0047       [0]    ICR1H0_bit
0x0047       [0]    ICR1H6_bit
0x0047       [0]    ICR1H7_bit
0x0047       [0]    ICR1H5_bit
0x0047       [0]    ICR1H3_bit
0x0047       [0]    ICR1H4_bit
0x0048       [0]    OCR1BL1_bit
0x0048       [0]    OCR1BL2_bit
0x0048       [1]    OCR1BL
0x0048       [0]    OCR1BL0_bit
0x0048       [0]    OCR1BL6_bit
0x0048       [0]    OCR1BL7_bit
0x0048       [0]    OCR1BL5_bit
0x0048       [0]    OCR1BL3_bit
0x0048       [0]    OCR1BL4_bit
0x0049       [0]    OCR1BH1_bit
0x0049       [0]    OCR1BH2_bit
0x0049       [1]    OCR1BH
0x0049       [0]    OCR1BH0_bit
0x0049       [0]    OCR1BH6_bit
0x0049       [0]    OCR1BH7_bit
0x0049       [0]    OCR1BH5_bit
0x0049       [0]    OCR1BH3_bit
0x0049       [0]    OCR1BH4_bit
0x004A       [0]    OCR1AL1_bit
0x004A       [0]    OCR1AL2_bit
0x004A       [1]    OCR1AL
0x004A       [0]    OCR1AL0_bit
0x004A       [0]    OCR1AL6_bit
0x004A       [0]    OCR1AL7_bit
0x004A       [0]    OCR1AL5_bit
0x004A       [0]    OCR1AL3_bit
0x004A       [0]    OCR1AL4_bit
0x004B       [0]    OCR1AH1_bit
0x004B       [0]    OCR1AH2_bit
0x004B       [1]    OCR1AH
0x004B       [0]    OCR1AH0_bit
0x004B       [0]    OCR1AH6_bit
0x004B       [0]    OCR1AH7_bit
0x004B       [0]    OCR1AH5_bit
0x004B       [0]    OCR1AH3_bit
0x004B       [0]    OCR1AH4_bit
0x004C       [0]    TCNT1L1_bit
0x004C       [0]    TCNT1L2_bit
0x004C       [1]    TCNT1L
0x004C       [0]    TCNT1L0_bit
0x004C       [0]    TCNT1L6_bit
0x004C       [0]    TCNT1L7_bit
0x004C       [0]    TCNT1L5_bit
0x004C       [0]    TCNT1L3_bit
0x004C       [0]    TCNT1L4_bit
0x004D       [0]    TCNT1H1_bit
0x004D       [0]    TCNT1H2_bit
0x004D       [1]    TCNT1H
0x004D       [0]    TCNT1H0_bit
0x004D       [0]    TCNT1H6_bit
0x004D       [0]    TCNT1H7_bit
0x004D       [0]    TCNT1H5_bit
0x004D       [0]    TCNT1H3_bit
0x004D       [0]    TCNT1H4_bit
0x004E       [0]    CS11_bit
0x004E       [0]    CS10_bit
0x004E       [1]    TCCR1B
0x004E       [0]    CS12_bit
0x004E       [0]    ICES1_bit
0x004E       [0]    ICNC1_bit
0x004E       [0]    WGM12_bit
0x004E       [0]    WGM13_bit
0x004F       [0]    WGM11_bit
0x004F       [0]    FOC1B_bit
0x004F       [1]    TCCR1A
0x004F       [0]    WGM10_bit
0x004F       [0]    COM1A0_bit
0x004F       [0]    COM1A1_bit
0x004F       [0]    COM1B1_bit
0x004F       [0]    FOC1A_bit
0x004F       [0]    COM1B0_bit
0x0050       [0]    PSR2_bit
0x0050       [0]    PSR10_bit
0x0050       [1]    SFIOR
0x0050       [0]    PUD_bit
0x0050       [0]    ADTS1_bit
0x0050       [0]    ADTS2_bit
0x0050       [0]    ACME_bit
0x0050       [0]    ADTS0_bit
0x0051       [0]    CAL4_bit
0x0051       [0]    CAL3_bit
0x0051       [0]    CAL6_bit
0x0051       [0]    CAL5_bit
0x0051       [0]    CAL0_bit
0x0051       [1]    OSCCAL
0x0051       [0]    CAL2_bit
0x0051       [0]    CAL1_bit
0x0051       [0]    CAL7_bit
0x0051       [0]    OCDR5_bit
0x0051       [0]    OCDR4_bit
0x0051       [0]    OCDR7_bit
0x0051       [0]    OCDR6_bit
0x0051       [0]    OCDR3_bit
0x0051       [0]    OCDR0_bit
0x0051       [1]    OCDR
0x0051       [0]    OCDR2_bit
0x0051       [0]    OCDR1_bit
0x0052       [0]    TCNT0_1_bit
0x0052       [0]    TCNT0_2_bit
0x0052       [1]    TCNT0
0x0052       [0]    TCNT0_0_bit
0x0052       [0]    TCNT0_7_bit
0x0052       [0]    TCNT0_6_bit
0x0052       [0]    TCNT0_5_bit
0x0052       [0]    TCNT0_3_bit
0x0052       [0]    TCNT0_4_bit
0x0053       [0]    CS02_bit
0x0053       [0]    WGM01_bit
0x0053       [1]    TCCR0
0x0053       [0]    CS00_bit
0x0053       [0]    CS01_bit
0x0053       [0]    COM00_bit
0x0053       [0]    FOC0_bit
0x0053       [0]    WGM00_bit
0x0053       [0]    COM01_bit
0x0054       [0]    EXTRF_bit
0x0054       [0]    BORF_bit
0x0054       [1]    MCUCSR
0x0054       [0]    PORF_bit
0x0054       [0]    ISC2_bit
0x0054       [0]    WDRF_bit
0x0054       [0]    JTD_bit
0x0054       [0]    JTRF_bit
0x0055       [0]    ISC10_bit
0x0055       [0]    ISC11_bit
0x0055       [0]    SM0_bit
0x0055       [1]    MCUCR
0x0055       [0]    ISC00_bit
0x0055       [0]    ISC01_bit
0x0055       [0]    SM2_bit
0x0055       [0]    SE_bit
0x0055       [0]    SM1_bit
0x0056       [0]    TWWC_bit
0x0056       [0]    TWSTO_bit
0x0056       [0]    TWEN_bit
0x0056       [1]    TWCR
0x0056       [0]    TWIE_bit
0x0056       [0]    TWSTA_bit
0x0056       [0]    TWINT_bit
0x0056       [0]    TWEA_bit
0x0057       [0]    PGWRT_bit
0x0057       [0]    BLBSET_bit
0x0057       [0]    PGERS_bit
0x0057       [1]    SPMCSR
0x0057       [0]    SPMEN_bit
0x0057       [0]    RWWSRE_bit
0x0057       [0]    SPMIE_bit
0x0057       [0]    RWWSB_bit
0x0058       [1]    TIFR
0x0058       [0]    OCF1B_bit
0x0058       [0]    OCF1A_bit
0x0058       [0]    OCF0_bit
0x0058       [0]    TOV1_bit
0x0058       [0]    TOV0_bit
0x0058       [0]    ICF1_bit
0x0058       [0]    OCF2_bit
0x0058       [0]    TOV2_bit
0x0059       [0]    TOIE1_bit
0x0059       [0]    OCIE1B_bit
0x0059       [0]    OCIE1A_bit
0x0059       [1]    TIMSK
0x0059       [0]    TOIE0_bit
0x0059       [0]    OCIE0_bit
0x0059       [0]    TICIE1_bit
0x0059       [0]    OCIE2_bit
0x0059       [0]    TOIE2_bit
0x005A       [0]    INTF0_bit
0x005A       [0]    INTF1_bit
0x005A       [0]    INTF2_bit
0x005A       [1]    GIFR
0x005B       [0]    INT0_bit
0x005B       [0]    IVCE_bit
0x005B       [1]    GICR
0x005B       [0]    INT2_bit
0x005B       [0]    IVSEL_bit
0x005B       [0]    INT1_bit
0x005C       [0]    OCR0_2_bit
0x005C       [0]    OCR0_3_bit
0x005C       [0]    OCR0_4_bit
0x005C       [1]    OCR0
0x005C       [0]    OCR0_0_bit
0x005C       [0]    OCR0_1_bit
0x005C       [0]    OCR0_5_bit
0x005C       [0]    OCR0_7_bit
0x005C       [0]    OCR0_6_bit
0x005D       [1]    SPL
0x005D       [0]    SP3_bit
0x005D       [0]    SP4_bit
0x005D       [0]    SP2_bit
0x005D       [0]    SP1_bit
0x005D       [0]    SP0_bit
0x005D       [0]    SP5_bit
0x005D       [0]    SP7_bit
0x005D       [0]    SP6_bit
0x005E       [0]    SP10_bit
0x005E       [0]    SP11_bit
0x005E       [0]    SP12_bit
0x005E       [1]    SPH
0x005E       [0]    SP8_bit
0x005E       [0]    SP9_bit
0x005E       [0]    SP13_bit
0x005E       [0]    SP14_bit
0x005E       [0]    SP15_bit
0x005F       [0]    SREG_S_bit
0x005F       [0]    SREG_V_bit
0x005F       [0]    SREG_H_bit
0x005F       [0]    SREG_T_bit
0x005F       [0]    SREG_C_bit
0x005F       [1]    SREG
0x005F       [0]    SREG_N_bit
0x005F       [0]    SREG_Z_bit
0x005F       [0]    SREG_I_bit
0x0060      [11]    _arr
0x006B       [0]    __Lib_Lcd_cmd_status
//** Constants locations ** 
//ADDRESS    SIZE    CONSTANT
//----------------------------------------------
0x054A      [11]    ?ICS_arr
//** Label List: ** 
//----------------------------------------------
  L_main0
  L_main1
  L_main2
  L_main3
  L_end_main
  _main
  L__main6
  L__main_end_loop
  L_Delay_1us0
  L_Delay_10us2
  L_Delay_22us4
  L_Delay_50us6
  L_Delay_80us8
  L_Delay_500us10
  L_Delay_5500us12
  L_Delay_1ms14
  L_Delay_5ms16
  L_Delay_8ms18
  L_Delay_100ms20
  L_Delay_10ms22
  L_Delay_1sec24
  L_Delay_Cyc26
  L_Delay_Cyc27
  L_VDelay_ms28
  L_VDelay_ms29
  L_VDelay_Advanced_ms30
  L_VDelay_Advanced_ms31
  L_end_Get_Fosc_kHz
  _Get_Fosc_kHz
  L_end_Delay_1us
  _Delay_1us
  L_end_Delay_10us
  _Delay_10us
  L_end_Delay_22us
  _Delay_22us
  L_end_Delay_50us
  _Delay_50us
  L_end_Delay_80us
  _Delay_80us
  L_end_Delay_500us
  _Delay_500us
  L_end_Delay_5500us
  _Delay_5500us
  L_end_Delay_1ms
  _Delay_1ms
  L_end_Delay_5ms
  _Delay_5ms
  L_end_Delay_8ms
  _Delay_8ms
  L_end_Delay_100ms
  _Delay_100ms
  L_end_Delay_10ms
  _Delay_10ms
  L_end_Delay_1sec
  _Delay_1sec
  L_end_Delay_Cyc
  _Delay_Cyc
  L__Delay_Cyc47
  L_end_VDelay_ms
  _VDelay_ms
  L__VDelay_ms49
  L__VDelay_ms50
  L__VDelay_ms51
  L_end_VDelay_Advanced_ms
  _VDelay_Advanced_ms
  L__VDelay_Advanced_ms53
  L__VDelay_Advanced_ms54
  L__VDelay_Advanced_ms55
  L_end___Lib_Delays___?ag
  __Lib_Delays____?ag
  L_Lcd_Cmd0
  L_Lcd_Cmd1
  L_Lcd_Out_CP2
  L_Lcd_Out_CP3
  L_Lcd_Chr4
  L_Lcd_Chr5
  L_Lcd_Chr6
  L_Lcd_Chr7
  L_Lcd_Chr8
  L_Lcd_Chr9
  L_Lcd_Chr10
  L_Lcd_Out11
  L_Lcd_Out12
  L_Lcd_Out13
  L_Lcd_Out14
  L_Lcd_Out15
  L_Lcd_Out16
  L_Lcd_Out17
  L_Lcd_Out18
  L_Lcd_Out19
  L_end_Lcd_Cmd
  _Lcd_Cmd
  L__Lcd_Cmd21
  L__Lcd_Cmd22
  L__Lcd_Cmd23
  L__Lcd_Cmd24
  L_end_Lcd_Chr_CP
  _Lcd_Chr_CP
  L_end_Lcd_Out_CP
  _Lcd_Out_CP
  L__Lcd_Out_CP27
  L_end_Lcd_Chr
  _Lcd_Chr
  L__Lcd_Chr29
  L__Lcd_Chr30
  L__Lcd_Chr31
  L__Lcd_Chr32
  L_end_Lcd_Init
  _Lcd_Init
  L_end_Lcd_Out
  _Lcd_Out
  L__Lcd_Out35
  L__Lcd_Out36
  L__Lcd_Out37
  L__Lcd_Out38
  L__Lcd_Out39
  L_end___Lib_Lcd___?ag
  __Lib_Lcd____?ag
  L_end___Lib_LcdConsts___?ag
  __Lib_LcdConsts____?ag
  Mul_8x8_U_L1
  Mul_8x8_U_L2
  Mul_16x16_L1
  Mul_16x16_L2
  Mul_16x16_L3
  Mul_32x32_L1
  Mul_32x32_L2
  Mul_32x32_L3
  Div_8x8_U_L2
  Div_8x8_U_L1
  Div_16x16_S_L3
  Div_16x16_S_L1
  Div_16x16_S_L4
  Div_16x16_S_L2
  Div_16x16_S_L6
  Div_16x16_S_L5
  Div_16x16_U_L2
  Div_16x16_U_L1
  Div_32x32_U_L2
  Div_32x32_U_L1
  Div_32x32_S_L3
  Div_32x32_S_L1
  Div_32x32_S_L4
  Div_32x32_S_L2
  Div_32x32_S_L6
  Div_32x32_S_L5
  L_end_Mul_8x8_U
  _Mul_8x8_U
  L_end_Mul_16x16
  _Mul_16x16
  L_end_Mul_32x32
  _Mul_32x32
  L_end_Div_8x8_U
  _Div_8x8_U
  L_end_Div_16x16_S
  _Div_16x16_S
  L_end_Div_16x16_U
  _Div_16x16_U
  L_end_Div_32x32_U
  _Div_32x32_U
  L_end_Div_32x32_S
  _Div_32x32_S
  L_end_HWMul_16x16
  _HWMul_16x16
  L_end_HWMul_32x32
  _HWMul_32x32
  L_end___Lib_Math___?ag
  __Lib_Math____?ag
  L015C
  L01A7
  L0196
  L0178
  L0184
  L0197
  L0187
  L019C
  L0192
  L0196x
  L00FC
  L016E
  L016Ex
  L0154
  L0153
  L0077
  L0073
  L0072int
  L006A
  L0068
  L0063
  L006B
  L007A
  L008A
  L00CC
  L0098
  L00D6
  L00B4
  L00AC
  L00A5
  L00AE
  L00BB
  L00C4
  L00C7
  L00CA
  L00C9
  L00D6x
  L0097
  L009B
  L00A0mul
  L0083
  L0090
  L00A0x
  L0072div
  L00C2
  L00AB
  L00B1
  L00BD
  L0092
  L00A0div
  L00A4
  L00A6
  L00C2x
  L011A
  L0118
  L011Aexit
  op_equ_false
  op_equ_exit
  op_diff_false
  op_diff_exit
  op_gequ_false
  op_gequ_exit
  op_big_false
  op_big_exit
  op_less_false
  op_less_exit
  op_lequ_false
  op_lequ_exit
  L_end_float_neg32
  _float_neg32
  L_end_float_tstr16_r19
  _float_tstr16_r19
  L_end_float_pack
  _float_pack
  L_end_float_normalize_and_pack
  _float_normalize_and_pack
  L_end_float_long2fp
  _float_long2fp
  L_end_float_slong2fp
  _float_slong2fp
  L_end_float_ulong2fp
  _float_ulong2fp
  L_end_float_int2fp
  _float_int2fp
  L_end_float_unpacku
  _float_unpacku
  L_end_float_unpacks
  _float_unpacks
  L_end_float_fpint
  _float_fpint
  L_end_float_fpadd_alt
  _float_fpadd_alt
  L_end_float_fpadd
  _float_fpadd
  L_end_float_fpadd1
  _float_fpadd1
  L_end_float_fpsub
  _float_fpsub
  L_end_float_fpsub1
  _float_fpsub1
  L_end_float_fpmul
  _float_fpmul
  L_end_float_fpmul1
  _float_fpmul1
  L_end_float_fpdiv
  _float_fpdiv
  L_end_float_fpdiv1
  _float_fpdiv1
  L_end_float_fpcmp
  _float_fpcmp
  L_end_float_fpcmp1
  _float_fpcmp1
  L_end_float_op_equ
  _float_op_equ
  L_end_float_op_diff
  _float_op_diff
  L_end_float_op_gequ
  _float_op_gequ
  L_end_float_op_big
  _float_op_big
  L_end_float_op_less
  _float_op_less
  L_end_float_op_lequ
  _float_op_lequ
  L_end___Lib_MathDouble___?ag
  __Lib_MathDouble____?ag
  L_loopDW
  L_loopCA2A
  L_loopCCA2A
  L_loopCFCA2A
  L_loopCS2Ss
  l_CS2Send
  L_loopCCS2Ss
  l_CCS2Send
  L_loopCFCS2Ss
  l_CFCS2Send
  L_loopFZinSWs
  L_end___CC2DW
  ___CC2DW
  L_end___CA2AW
  ___CA2AW
  L_end___CCA2AW
  ___CCA2AW
  L_end___CFCA2A
  ___CFCA2A
  L_end___CS2S
  ___CS2S
  L_end___CCS2S
  ___CCS2S
  L_end___CFCS2S
  ___CFCS2S
  L_end___FZinS
  ___FZinS
  L_end___Lib_System___?ag
  __Lib_System____?ag
