;  LST file generated by mikroListExporter - v.2.0 
; Date/Time: 5/10/2017 9:00:36 AM
;----------------------------------------------

;Address Opcode 	ASM
0x0000	0x036B940C  	JMP        _main
0x0004	0x0000940C  	JMP        0
0x0008	0x0000940C  	JMP        0
0x000C	0x0000940C  	JMP        0
0x0010	0x0000940C  	JMP        0
0x0014	0x0000940C  	JMP        0
0x0018	0x0000940C  	JMP        0
0x001C	0x0000940C  	JMP        0
0x0020	0x0000940C  	JMP        0
0x0024	0x0000940C  	JMP        0
0x0028	0x0000940C  	JMP        0
0x002C	0x0000940C  	JMP        0
0x0030	0x0000940C  	JMP        0
0x0034	0x0000940C  	JMP        0
0x0038	0x0000940C  	JMP        0
0x003C	0x0000940C  	JMP        0
0x0040	0x0000940C  	JMP        0
0x0044	0x0000940C  	JMP        0
0x0048	0x0000940C  	JMP        0
0x004C	0x0000940C  	JMP        0
0x0050	0x0000940C  	JMP        0
_main:
0x06D6	0xE5BF    	LDI        R27, 95
0x06D8	0xBFBD    	OUT        SPL+0, R27
0x06DA	0xE0B4    	LDI        R27, 4
0x06DC	0xBFBE    	OUT        SPL+1, R27
0x06DE	0x040E940E  	CALL       1038
0x06E2	0xB7CD    	IN         R28, SPL+0
0x06E4	0xB7DE    	IN         R29, SPL+1
0x06E6	0x9722    	SBIW       R28, 2
0x06E8	0xBFCD    	OUT        SPL+0, R28
0x06EA	0xBFDE    	OUT        SPL+1, R29
0x06EC	0x9621    	ADIW       R28, 1
;lm35.c,17 :: 		void main()
;lm35.c,19 :: 		LCD_Init();
0x06EE	0x922F    	PUSH       R2
0x06F0	0x923F    	PUSH       R3
0x06F2	0x924F    	PUSH       R4
0x06F4	0x925F    	PUSH       R5
0x06F6	0xDE8B    	RCALL      _Lcd_Init+0
;lm35.c,20 :: 		ADC_Init();
0x06F8	0xDFA1    	RCALL      _ADC_Init+0
;lm35.c,22 :: 		LCD_Cmd(_LCD_CLEAR);
0x06FA	0xE0B1    	LDI        R27, 1
0x06FC	0x2E2B    	MOV        R2, R27
0x06FE	0xDDDE    	RCALL      _Lcd_Cmd+0
;lm35.c,23 :: 		LCD_Cmd(_LCD_CURSOR_OFF);
0x0700	0xE0BC    	LDI        R27, 12
0x0702	0x2E2B    	MOV        R2, R27
0x0704	0xDDDB    	RCALL      _Lcd_Cmd+0
;lm35.c,24 :: 		LCD_Out(1,1,"Temperature");
0x0706	0xE7B2    	LDI        R27, lo_addr(?lstr1_lm35+0)
0x0708	0x2E4B    	MOV        R4, R27
0x070A	0xE0B0    	LDI        R27, hi_addr(?lstr1_lm35+0)
0x070C	0x2E5B    	MOV        R5, R27
0x070E	0xE0B1    	LDI        R27, 1
0x0710	0x2E3B    	MOV        R3, R27
0x0712	0xE0B1    	LDI        R27, 1
0x0714	0x2E2B    	MOV        R2, R27
0x0716	0xDE34    	RCALL      _Lcd_Out+0
;lm35.c,26 :: 		while(1)
L_main0:
;lm35.c,28 :: 		int res = 0;
;lm35.c,30 :: 		res = ADC_Read(0);
0x0718	0x2422    	CLR        R2
0x071A	0xDFA3    	RCALL      _ADC_Read+0
;lm35.c,32 :: 		res = res * 4.88;
0x071C	0xE020    	LDI        R18, 0
0x071E	0xFD17    	SBRC       R17, 7
0x0720	0xEF2F    	LDI        R18, 255
0x0722	0x2F32    	MOV        R19, R18
0x0724	0xDD70    	RCALL      _float_slong2fp+0
0x0726	0xEF46    	LDI        R20, 246
0x0728	0xE258    	LDI        R21, 40
0x072A	0xE96C    	LDI        R22, 156
0x072C	0xE470    	LDI        R23, 64
0x072E	0xDD98    	RCALL      _float_fpmul1+0
0x0730	0xDDA1    	RCALL      _float_fpint+0
0x0732	0x8308    	STD        Y+0, R16
0x0734	0x8319    	STD        Y+1, R17
;lm35.c,34 :: 		LCD_Chr(2,1,arr[res/1000%10]);
0x0736	0xEE48    	LDI        R20, 232
0x0738	0xE053    	LDI        R21, 3
0x073A	0xDD68    	RCALL      _Div_16x16_S+0
0x073C	0x018B    	MOVW       R16, R22
0x073E	0xE04A    	LDI        R20, 10
0x0740	0xE050    	LDI        R21, 0
0x0742	0xDD64    	RCALL      _Div_16x16_S+0
0x0744	0x018C    	MOVW       R16, R24
0x0746	0xE620    	LDI        R18, lo_addr(_arr+0)
0x0748	0xE030    	LDI        R19, hi_addr(_arr+0)
0x074A	0x01F8    	MOVW       R30, R16
0x074C	0x0FE2    	ADD        R30, R18
0x074E	0x1FF3    	ADC        R31, R19
0x0750	0x8100    	LD         R16, Z
0x0752	0x2E40    	MOV        R4, R16
0x0754	0xE0B1    	LDI        R27, 1
0x0756	0x2E3B    	MOV        R3, R27
0x0758	0xE0B2    	LDI        R27, 2
0x075A	0x2E2B    	MOV        R2, R27
0x075C	0xDF85    	RCALL      _Lcd_Chr+0
;lm35.c,35 :: 		LCD_Chr(2,2,arr[res/100%10]);
0x075E	0xE644    	LDI        R20, 100
0x0760	0xE050    	LDI        R21, 0
0x0762	0x8108    	LDD        R16, Y+0
0x0764	0x8119    	LDD        R17, Y+1
0x0766	0xDD52    	RCALL      _Div_16x16_S+0
0x0768	0x018B    	MOVW       R16, R22
0x076A	0xE04A    	LDI        R20, 10
0x076C	0xE050    	LDI        R21, 0
0x076E	0xDD4E    	RCALL      _Div_16x16_S+0
0x0770	0x018C    	MOVW       R16, R24
0x0772	0xE620    	LDI        R18, lo_addr(_arr+0)
0x0774	0xE030    	LDI        R19, hi_addr(_arr+0)
0x0776	0x01F8    	MOVW       R30, R16
0x0778	0x0FE2    	ADD        R30, R18
0x077A	0x1FF3    	ADC        R31, R19
0x077C	0x8100    	LD         R16, Z
0x077E	0x2E40    	MOV        R4, R16
0x0780	0xE0B2    	LDI        R27, 2
0x0782	0x2E3B    	MOV        R3, R27
0x0784	0xE0B2    	LDI        R27, 2
0x0786	0x2E2B    	MOV        R2, R27
0x0788	0xDF6F    	RCALL      _Lcd_Chr+0
;lm35.c,36 :: 		LCD_Chr(2,3,arr[res/10%10]);
0x078A	0xE04A    	LDI        R20, 10
0x078C	0xE050    	LDI        R21, 0
0x078E	0x8108    	LDD        R16, Y+0
0x0790	0x8119    	LDD        R17, Y+1
0x0792	0xDD3C    	RCALL      _Div_16x16_S+0
0x0794	0x018B    	MOVW       R16, R22
0x0796	0xE04A    	LDI        R20, 10
0x0798	0xE050    	LDI        R21, 0
0x079A	0xDD38    	RCALL      _Div_16x16_S+0
0x079C	0x018C    	MOVW       R16, R24
0x079E	0xE620    	LDI        R18, lo_addr(_arr+0)
0x07A0	0xE030    	LDI        R19, hi_addr(_arr+0)
0x07A2	0x01F8    	MOVW       R30, R16
0x07A4	0x0FE2    	ADD        R30, R18
0x07A6	0x1FF3    	ADC        R31, R19
0x07A8	0x8100    	LD         R16, Z
0x07AA	0x2E40    	MOV        R4, R16
0x07AC	0xE0B3    	LDI        R27, 3
0x07AE	0x2E3B    	MOV        R3, R27
0x07B0	0xE0B2    	LDI        R27, 2
0x07B2	0x2E2B    	MOV        R2, R27
0x07B4	0xDF59    	RCALL      _Lcd_Chr+0
;lm35.c,37 :: 		LCD_chr(2,4,'.');
0x07B6	0xE2BE    	LDI        R27, 46
0x07B8	0x2E4B    	MOV        R4, R27
0x07BA	0xE0B4    	LDI        R27, 4
0x07BC	0x2E3B    	MOV        R3, R27
0x07BE	0xE0B2    	LDI        R27, 2
0x07C0	0x2E2B    	MOV        R2, R27
0x07C2	0xDF52    	RCALL      _Lcd_Chr+0
;lm35.c,38 :: 		LCD_Chr(2,5,arr[res%10]);
0x07C4	0xE04A    	LDI        R20, 10
0x07C6	0xE050    	LDI        R21, 0
0x07C8	0x8108    	LDD        R16, Y+0
0x07CA	0x8119    	LDD        R17, Y+1
0x07CC	0xDD1F    	RCALL      _Div_16x16_S+0
0x07CE	0x018C    	MOVW       R16, R24
0x07D0	0xE620    	LDI        R18, lo_addr(_arr+0)
0x07D2	0xE030    	LDI        R19, hi_addr(_arr+0)
0x07D4	0x01F8    	MOVW       R30, R16
0x07D6	0x0FE2    	ADD        R30, R18
0x07D8	0x1FF3    	ADC        R31, R19
0x07DA	0x8100    	LD         R16, Z
0x07DC	0x2E40    	MOV        R4, R16
0x07DE	0xE0B5    	LDI        R27, 5
0x07E0	0x2E3B    	MOV        R3, R27
0x07E2	0xE0B2    	LDI        R27, 2
0x07E4	0x2E2B    	MOV        R2, R27
0x07E6	0xDF40    	RCALL      _Lcd_Chr+0
;lm35.c,40 :: 		LCD_Out(2,7,"Centi.");
0x07E8	0xE6BB    	LDI        R27, lo_addr(?lstr2_lm35+0)
0x07EA	0x2E4B    	MOV        R4, R27
0x07EC	0xE0B0    	LDI        R27, hi_addr(?lstr2_lm35+0)
0x07EE	0x2E5B    	MOV        R5, R27
0x07F0	0xE0B7    	LDI        R27, 7
0x07F2	0x2E3B    	MOV        R3, R27
0x07F4	0xE0B2    	LDI        R27, 2
0x07F6	0x2E2B    	MOV        R2, R27
0x07F8	0xDDC3    	RCALL      _Lcd_Out+0
;lm35.c,41 :: 		}
0x07FA	0xCF8E    	RJMP       L_main0
;lm35.c,43 :: 		}
L_end_main:
L__main_end_loop:
0x07FC	0xCFFF    	RJMP       L__main_end_loop
; end of _main
_Lcd_Init:
;__Lib_Lcd.c,84 :: 		
;__Lib_Lcd.c,86 :: 		
0x040E	0x003591B0  	LDS        R27, LCD_EN+0
0x0412	0x7FBD    	CBR        R27, 2
0x0414	0x003593B0  	STS        LCD_EN+0, R27
;__Lib_Lcd.c,87 :: 		
0x0418	0x003591B0  	LDS        R27, LCD_RS+0
0x041C	0x7FBE    	CBR        R27, 1
0x041E	0x003593B0  	STS        LCD_RS+0, R27
;__Lib_Lcd.c,88 :: 		
0x0422	0x003591B0  	LDS        R27, LCD_D7+0
0x0426	0x7DBF    	CBR        R27, 32
0x0428	0x003593B0  	STS        LCD_D7+0, R27
;__Lib_Lcd.c,89 :: 		
0x042C	0x003591B0  	LDS        R27, LCD_D6+0
0x0430	0x7EBF    	CBR        R27, 16
0x0432	0x003593B0  	STS        LCD_D6+0, R27
;__Lib_Lcd.c,90 :: 		
0x0436	0x003591B0  	LDS        R27, LCD_D5+0
0x043A	0x7FB7    	CBR        R27, 8
0x043C	0x003593B0  	STS        LCD_D5+0, R27
;__Lib_Lcd.c,91 :: 		
0x0440	0x003591B0  	LDS        R27, LCD_D4+0
0x0444	0x7FBB    	CBR        R27, 4
0x0446	0x003593B0  	STS        LCD_D4+0, R27
;__Lib_Lcd.c,93 :: 		
0x044A	0x003491B0  	LDS        R27, LCD_EN_Direction+0
0x044E	0x60B2    	SBR        R27, 2
0x0450	0x003493B0  	STS        LCD_EN_Direction+0, R27
;__Lib_Lcd.c,94 :: 		
0x0454	0x003491B0  	LDS        R27, LCD_RS_Direction+0
0x0458	0x60B1    	SBR        R27, 1
0x045A	0x003493B0  	STS        LCD_RS_Direction+0, R27
;__Lib_Lcd.c,95 :: 		
0x045E	0x003491B0  	LDS        R27, LCD_D4_Direction+0
0x0462	0x60B4    	SBR        R27, 4
0x0464	0x003493B0  	STS        LCD_D4_Direction+0, R27
;__Lib_Lcd.c,96 :: 		
0x0468	0x003491B0  	LDS        R27, LCD_D5_Direction+0
0x046C	0x60B8    	SBR        R27, 8
0x046E	0x003493B0  	STS        LCD_D5_Direction+0, R27
;__Lib_Lcd.c,97 :: 		
0x0472	0x003491B0  	LDS        R27, LCD_D6_Direction+0
0x0476	0x61B0    	SBR        R27, 16
0x0478	0x003493B0  	STS        LCD_D6_Direction+0, R27
;__Lib_Lcd.c,98 :: 		
0x047C	0x003491B0  	LDS        R27, LCD_D7_Direction+0
0x0480	0x62B0    	SBR        R27, 32
0x0482	0x003493B0  	STS        LCD_D7_Direction+0, R27
;__Lib_Lcd.c,100 :: 		
0x0486	0xDE72    	RCALL      _Delay_5500us+0
;__Lib_Lcd.c,101 :: 		
0x0488	0xDE71    	RCALL      _Delay_5500us+0
;__Lib_Lcd.c,102 :: 		
0x048A	0xDE70    	RCALL      _Delay_5500us+0
;__Lib_Lcd.c,105 :: 		
0x048C	0x003591B0  	LDS        R27, LCD_D5+0
0x0490	0x60B8    	SBR        R27, 8
0x0492	0x003593B0  	STS        LCD_D5+0, R27
;__Lib_Lcd.c,106 :: 		
0x0496	0x003591B0  	LDS        R27, LCD_D4+0
0x049A	0x60B4    	SBR        R27, 4
0x049C	0x003593B0  	STS        LCD_D4+0, R27
;__Lib_Lcd.c,107 :: 		
0x04A0	0x003591B0  	LDS        R27, LCD_EN+0
0x04A4	0x60B2    	SBR        R27, 2
0x04A6	0x003593B0  	STS        LCD_EN+0, R27
;__Lib_Lcd.c,108 :: 		
0x04AA	0xDE5B    	RCALL      _Delay_1us+0
;__Lib_Lcd.c,109 :: 		
0x04AC	0x003591B0  	LDS        R27, LCD_EN+0
0x04B0	0x7FBD    	CBR        R27, 2
0x04B2	0x003593B0  	STS        LCD_EN+0, R27
;__Lib_Lcd.c,110 :: 		
0x04B6	0xDE5A    	RCALL      _Delay_5500us+0
;__Lib_Lcd.c,112 :: 		
0x04B8	0x003591B0  	LDS        R27, LCD_EN+0
0x04BC	0x60B2    	SBR        R27, 2
0x04BE	0x003593B0  	STS        LCD_EN+0, R27
;__Lib_Lcd.c,113 :: 		
0x04C2	0xDE4F    	RCALL      _Delay_1us+0
;__Lib_Lcd.c,114 :: 		
0x04C4	0x003591B0  	LDS        R27, LCD_EN+0
0x04C8	0x7FBD    	CBR        R27, 2
0x04CA	0x003593B0  	STS        LCD_EN+0, R27
;__Lib_Lcd.c,115 :: 		
0x04CE	0xDE4E    	RCALL      _Delay_5500us+0
;__Lib_Lcd.c,117 :: 		
0x04D0	0x003591B0  	LDS        R27, LCD_EN+0
0x04D4	0x60B2    	SBR        R27, 2
0x04D6	0x003593B0  	STS        LCD_EN+0, R27
;__Lib_Lcd.c,118 :: 		
0x04DA	0xDE43    	RCALL      _Delay_1us+0
;__Lib_Lcd.c,119 :: 		
0x04DC	0x003591B0  	LDS        R27, LCD_EN+0
0x04E0	0x7FBD    	CBR        R27, 2
0x04E2	0x003593B0  	STS        LCD_EN+0, R27
;__Lib_Lcd.c,120 :: 		
0x04E6	0xDE42    	RCALL      _Delay_5500us+0
;__Lib_Lcd.c,123 :: 		
0x04E8	0x003591B0  	LDS        R27, LCD_D4+0
0x04EC	0x7FBB    	CBR        R27, 4
0x04EE	0x003593B0  	STS        LCD_D4+0, R27
;__Lib_Lcd.c,124 :: 		
0x04F2	0x003591B0  	LDS        R27, LCD_EN+0
0x04F6	0x60B2    	SBR        R27, 2
0x04F8	0x003593B0  	STS        LCD_EN+0, R27
;__Lib_Lcd.c,125 :: 		
0x04FC	0xDE32    	RCALL      _Delay_1us+0
;__Lib_Lcd.c,126 :: 		
0x04FE	0x003591B0  	LDS        R27, LCD_EN+0
0x0502	0x7FBD    	CBR        R27, 2
0x0504	0x003593B0  	STS        LCD_EN+0, R27
;__Lib_Lcd.c,127 :: 		
0x0508	0xDE31    	RCALL      _Delay_5500us+0
;__Lib_Lcd.c,130 :: 		
0x050A	0x003591B0  	LDS        R27, LCD_EN+0
0x050E	0x60B2    	SBR        R27, 2
0x0510	0x003593B0  	STS        LCD_EN+0, R27
;__Lib_Lcd.c,131 :: 		
0x0514	0xDE26    	RCALL      _Delay_1us+0
;__Lib_Lcd.c,132 :: 		
0x0516	0x003591B0  	LDS        R27, LCD_EN+0
0x051A	0x7FBD    	CBR        R27, 2
0x051C	0x003593B0  	STS        LCD_EN+0, R27
;__Lib_Lcd.c,134 :: 		
0x0520	0x003591B0  	LDS        R27, LCD_D5+0
0x0524	0x7FB7    	CBR        R27, 8
0x0526	0x003593B0  	STS        LCD_D5+0, R27
;__Lib_Lcd.c,135 :: 		
0x052A	0x003591B0  	LDS        R27, LCD_D7+0
0x052E	0x62B0    	SBR        R27, 32
0x0530	0x003593B0  	STS        LCD_D7+0, R27
;__Lib_Lcd.c,136 :: 		
0x0534	0x003591B0  	LDS        R27, LCD_EN+0
0x0538	0x60B2    	SBR        R27, 2
0x053A	0x003593B0  	STS        LCD_EN+0, R27
;__Lib_Lcd.c,137 :: 		
0x053E	0xDE11    	RCALL      _Delay_1us+0
;__Lib_Lcd.c,138 :: 		
0x0540	0x003591B0  	LDS        R27, LCD_EN+0
0x0544	0x7FBD    	CBR        R27, 2
0x0546	0x003593B0  	STS        LCD_EN+0, R27
;__Lib_Lcd.c,139 :: 		
0x054A	0xDE10    	RCALL      _Delay_5500us+0
;__Lib_Lcd.c,142 :: 		
0x054C	0x003591B0  	LDS        R27, LCD_D7+0
0x0550	0x7DBF    	CBR        R27, 32
0x0552	0x003593B0  	STS        LCD_D7+0, R27
;__Lib_Lcd.c,143 :: 		
0x0556	0x003591B0  	LDS        R27, LCD_D4+0
0x055A	0x60B4    	SBR        R27, 4
0x055C	0x003593B0  	STS        LCD_D4+0, R27
;__Lib_Lcd.c,144 :: 		
0x0560	0x003591B0  	LDS        R27, LCD_EN+0
0x0564	0x60B2    	SBR        R27, 2
0x0566	0x003593B0  	STS        LCD_EN+0, R27
;__Lib_Lcd.c,145 :: 		
0x056A	0xDDFB    	RCALL      _Delay_1us+0
;__Lib_Lcd.c,146 :: 		
0x056C	0x003591B0  	LDS        R27, LCD_EN+0
0x0570	0x7FBD    	CBR        R27, 2
0x0572	0x003593B0  	STS        LCD_EN+0, R27
;__Lib_Lcd.c,148 :: 		
0x0576	0x003591B0  	LDS        R27, LCD_D4+0
0x057A	0x7FBB    	CBR        R27, 4
0x057C	0x003593B0  	STS        LCD_D4+0, R27
;__Lib_Lcd.c,149 :: 		
0x0580	0x003591B0  	LDS        R27, LCD_EN+0
0x0584	0x60B2    	SBR        R27, 2
0x0586	0x003593B0  	STS        LCD_EN+0, R27
;__Lib_Lcd.c,150 :: 		
0x058A	0xDDEB    	RCALL      _Delay_1us+0
;__Lib_Lcd.c,151 :: 		
0x058C	0x003591B0  	LDS        R27, LCD_EN+0
0x0590	0x7FBD    	CBR        R27, 2
0x0592	0x003593B0  	STS        LCD_EN+0, R27
;__Lib_Lcd.c,152 :: 		
0x0596	0xDDEA    	RCALL      _Delay_5500us+0
;__Lib_Lcd.c,155 :: 		
0x0598	0x003591B0  	LDS        R27, LCD_EN+0
0x059C	0x60B2    	SBR        R27, 2
0x059E	0x003593B0  	STS        LCD_EN+0, R27
;__Lib_Lcd.c,156 :: 		
0x05A2	0xDDDF    	RCALL      _Delay_1us+0
;__Lib_Lcd.c,157 :: 		
0x05A4	0x003591B0  	LDS        R27, LCD_EN+0
0x05A8	0x7FBD    	CBR        R27, 2
0x05AA	0x003593B0  	STS        LCD_EN+0, R27
;__Lib_Lcd.c,159 :: 		
0x05AE	0x003591B0  	LDS        R27, LCD_D4+0
0x05B2	0x60B4    	SBR        R27, 4
0x05B4	0x003593B0  	STS        LCD_D4+0, R27
;__Lib_Lcd.c,160 :: 		
0x05B8	0x003591B0  	LDS        R27, LCD_EN+0
0x05BC	0x60B2    	SBR        R27, 2
0x05BE	0x003593B0  	STS        LCD_EN+0, R27
;__Lib_Lcd.c,161 :: 		
0x05C2	0xDDCF    	RCALL      _Delay_1us+0
;__Lib_Lcd.c,162 :: 		
0x05C4	0x003591B0  	LDS        R27, LCD_EN+0
0x05C8	0x7FBD    	CBR        R27, 2
0x05CA	0x003593B0  	STS        LCD_EN+0, R27
;__Lib_Lcd.c,163 :: 		
0x05CE	0xDDCE    	RCALL      _Delay_5500us+0
;__Lib_Lcd.c,166 :: 		
0x05D0	0x003591B0  	LDS        R27, LCD_D4+0
0x05D4	0x7FBB    	CBR        R27, 4
0x05D6	0x003593B0  	STS        LCD_D4+0, R27
;__Lib_Lcd.c,167 :: 		
0x05DA	0x003591B0  	LDS        R27, LCD_EN+0
0x05DE	0x60B2    	SBR        R27, 2
0x05E0	0x003593B0  	STS        LCD_EN+0, R27
;__Lib_Lcd.c,168 :: 		
0x05E4	0xDDBE    	RCALL      _Delay_1us+0
;__Lib_Lcd.c,169 :: 		
0x05E6	0x003591B0  	LDS        R27, LCD_EN+0
0x05EA	0x7FBD    	CBR        R27, 2
0x05EC	0x003593B0  	STS        LCD_EN+0, R27
;__Lib_Lcd.c,171 :: 		
0x05F0	0x003591B0  	LDS        R27, LCD_D7+0
0x05F4	0x62B0    	SBR        R27, 32
0x05F6	0x003593B0  	STS        LCD_D7+0, R27
;__Lib_Lcd.c,172 :: 		
0x05FA	0x003591B0  	LDS        R27, LCD_D6+0
0x05FE	0x61B0    	SBR        R27, 16
0x0600	0x003593B0  	STS        LCD_D6+0, R27
;__Lib_Lcd.c,173 :: 		
0x0604	0x003591B0  	LDS        R27, LCD_D5+0
0x0608	0x60B8    	SBR        R27, 8
0x060A	0x003593B0  	STS        LCD_D5+0, R27
;__Lib_Lcd.c,174 :: 		
0x060E	0x003591B0  	LDS        R27, LCD_D4+0
0x0612	0x60B4    	SBR        R27, 4
0x0614	0x003593B0  	STS        LCD_D4+0, R27
;__Lib_Lcd.c,175 :: 		
0x0618	0x003591B0  	LDS        R27, LCD_EN+0
0x061C	0x60B2    	SBR        R27, 2
0x061E	0x003593B0  	STS        LCD_EN+0, R27
;__Lib_Lcd.c,176 :: 		
0x0622	0xDD9F    	RCALL      _Delay_1us+0
;__Lib_Lcd.c,177 :: 		
0x0624	0x003591B0  	LDS        R27, LCD_EN+0
0x0628	0x7FBD    	CBR        R27, 2
0x062A	0x003593B0  	STS        LCD_EN+0, R27
;__Lib_Lcd.c,179 :: 		
0x062E	0xDD9E    	RCALL      _Delay_5500us+0
;__Lib_Lcd.c,181 :: 		
0x0630	0x008091B0  	LDS        R27, __Lib_Lcd_cmd_status+0
0x0634	0x60B1    	SBR        R27, 1
0x0636	0x008093B0  	STS        __Lib_Lcd_cmd_status+0, R27
;__Lib_Lcd.c,182 :: 		
L_end_Lcd_Init:
0x063A	0x9508    	RET
; end of _Lcd_Init
_Delay_5500us:
;__Lib_Delays.c,30 :: 		void Delay_5500us() {
;__Lib_Delays.c,31 :: 		Delay_us(5500);
0x016C	0xE713    	LDI        R17, 115
0x016E	0xE408    	LDI        R16, 72
L_Delay_5500us12:
0x0170	0x950A    	DEC        R16
0x0172	0xF7F1    	BRNE       L_Delay_5500us12
0x0174	0x951A    	DEC        R17
0x0176	0xF7E1    	BRNE       L_Delay_5500us12
0x0178	0x0000    	NOP
;__Lib_Delays.c,32 :: 		}
L_end_Delay_5500us:
0x017A	0x9508    	RET
; end of _Delay_5500us
_Delay_1us:
;__Lib_Delays.c,6 :: 		void Delay_1us() {
;__Lib_Delays.c,7 :: 		Delay_us(1);
0x0162	0xE005    	LDI        R16, 5
L_Delay_1us0:
0x0164	0x950A    	DEC        R16
0x0166	0xF7F1    	BRNE       L_Delay_1us0
0x0168	0x0000    	NOP
;__Lib_Delays.c,8 :: 		}
L_end_Delay_1us:
0x016A	0x9508    	RET
; end of _Delay_1us
_ADC_Init:
;__Lib_ADC.c,14 :: 		
;__Lib_ADC.c,15 :: 		
0x063C	0xE9B4    	LDI        R27, lo_addr(_ADC_Get_Sample+0)
0x063E	0x007E93B0  	STS        _ADC_Get_Sample_Ptr+0, R27
0x0642	0xE0B0    	LDI        R27, hi_addr(_ADC_Get_Sample+0)
0x0644	0x007F93B0  	STS        _ADC_Get_Sample_Ptr+1, R27
;__Lib_ADC.c,16 :: 		
0x0648	0xE8B7    	LDI        R27, 135
0x064A	0xB9B6    	OUT        ADCSRA+0, R27
;__Lib_ADC.c,22 :: 		
0x064C	0xE0B0    	LDI        R27, 0
0x064E	0xB9B7    	OUT        ADMUX+0, R27
;__Lib_ADC.c,25 :: 		
L_end_ADC_Init:
0x0650	0x9508    	RET
; end of _ADC_Init
_Lcd_Cmd:
;__Lib_Lcd.c,18 :: 		
;__Lib_Lcd.c,20 :: 		
0x02BC	0xFA27    	BST        R2, 7
0x02BE	0x003591B0  	LDS        R27, LCD_D7+0
0x02C2	0xF9B5    	BLD        R27, 5
0x02C4	0x003593B0  	STS        LCD_D7+0, R27
;__Lib_Lcd.c,21 :: 		
0x02C8	0xFA26    	BST        R2, 6
0x02CA	0x003591B0  	LDS        R27, LCD_D6+0
0x02CE	0xF9B4    	BLD        R27, 4
0x02D0	0x003593B0  	STS        LCD_D6+0, R27
;__Lib_Lcd.c,22 :: 		
0x02D4	0xFA25    	BST        R2, 5
0x02D6	0x003591B0  	LDS        R27, LCD_D5+0
0x02DA	0xF9B3    	BLD        R27, 3
0x02DC	0x003593B0  	STS        LCD_D5+0, R27
;__Lib_Lcd.c,23 :: 		
0x02E0	0xFA24    	BST        R2, 4
0x02E2	0x003591B0  	LDS        R27, LCD_D4+0
0x02E6	0xF9B2    	BLD        R27, 2
0x02E8	0x003593B0  	STS        LCD_D4+0, R27
;__Lib_Lcd.c,25 :: 		
0x02EC	0x008091B0  	LDS        R27, __Lib_Lcd_cmd_status+0
0x02F0	0x00359000  	LDS        R0, LCD_RS+0
0x02F4	0x94E8    	CLT
0x02F6	0xFFB0    	SBRS       R27, 0
0x02F8	0x9468    	SET
0x02FA	0xF800    	BLD        R0, 0
0x02FC	0x00359200  	STS        LCD_RS+0, R0
;__Lib_Lcd.c,28 :: 		
0x0300	0x003591B0  	LDS        R27, LCD_EN+0
0x0304	0x60B2    	SBR        R27, 2
0x0306	0x003593B0  	STS        LCD_EN+0, R27
;__Lib_Lcd.c,29 :: 		
0x030A	0xDF2B    	RCALL      _Delay_1us+0
;__Lib_Lcd.c,30 :: 		
0x030C	0x003591B0  	LDS        R27, LCD_EN+0
0x0310	0x7FBD    	CBR        R27, 2
0x0312	0x003593B0  	STS        LCD_EN+0, R27
;__Lib_Lcd.c,33 :: 		
0x0316	0xFA23    	BST        R2, 3
0x0318	0x003591B0  	LDS        R27, LCD_D7+0
0x031C	0xF9B5    	BLD        R27, 5
0x031E	0x003593B0  	STS        LCD_D7+0, R27
;__Lib_Lcd.c,34 :: 		
0x0322	0xFA22    	BST        R2, 2
0x0324	0x003591B0  	LDS        R27, LCD_D6+0
0x0328	0xF9B4    	BLD        R27, 4
0x032A	0x003593B0  	STS        LCD_D6+0, R27
;__Lib_Lcd.c,35 :: 		
0x032E	0xFA21    	BST        R2, 1
0x0330	0x003591B0  	LDS        R27, LCD_D5+0
0x0334	0xF9B3    	BLD        R27, 3
0x0336	0x003593B0  	STS        LCD_D5+0, R27
;__Lib_Lcd.c,36 :: 		
0x033A	0xFA20    	BST        R2, 0
0x033C	0x003591B0  	LDS        R27, LCD_D4+0
0x0340	0xF9B2    	BLD        R27, 2
0x0342	0x003593B0  	STS        LCD_D4+0, R27
;__Lib_Lcd.c,38 :: 		
0x0346	0x008091B0  	LDS        R27, __Lib_Lcd_cmd_status+0
0x034A	0x00359000  	LDS        R0, LCD_RS+0
0x034E	0x94E8    	CLT
0x0350	0xFFB0    	SBRS       R27, 0
0x0352	0x9468    	SET
0x0354	0xF800    	BLD        R0, 0
0x0356	0x00359200  	STS        LCD_RS+0, R0
;__Lib_Lcd.c,40 :: 		
0x035A	0x003591B0  	LDS        R27, LCD_EN+0
0x035E	0x60B2    	SBR        R27, 2
0x0360	0x003593B0  	STS        LCD_EN+0, R27
;__Lib_Lcd.c,41 :: 		
0x0364	0xDEFE    	RCALL      _Delay_1us+0
;__Lib_Lcd.c,42 :: 		
0x0366	0x003591B0  	LDS        R27, LCD_EN+0
0x036A	0x7FBD    	CBR        R27, 2
0x036C	0x003593B0  	STS        LCD_EN+0, R27
;__Lib_Lcd.c,44 :: 		
0x0370	0x008091B0  	LDS        R27, __Lib_Lcd_cmd_status+0
0x0374	0xFFB0    	SBRS       R27, 0
0x0376	0xC002    	RJMP       L_Lcd_Cmd0
;__Lib_Lcd.c,45 :: 		
0x0378	0xDEF9    	RCALL      _Delay_5500us+0
0x037A	0xC001    	RJMP       L_Lcd_Cmd1
L_Lcd_Cmd0:
;__Lib_Lcd.c,47 :: 		
0x037C	0xDEFF    	RCALL      _Delay_50us+0
L_Lcd_Cmd1:
;__Lib_Lcd.c,48 :: 		
L_end_Lcd_Cmd:
0x037E	0x9508    	RET
; end of _Lcd_Cmd
_Delay_50us:
;__Lib_Delays.c,18 :: 		void Delay_50us() {
;__Lib_Delays.c,19 :: 		Delay_us(50);
0x017C	0xE012    	LDI        R17, 2
0x017E	0xE009    	LDI        R16, 9
L_Delay_50us6:
0x0180	0x950A    	DEC        R16
0x0182	0xF7F1    	BRNE       L_Delay_50us6
0x0184	0x951A    	DEC        R17
0x0186	0xF7E1    	BRNE       L_Delay_50us6
;__Lib_Delays.c,20 :: 		}
L_end_Delay_50us:
0x0188	0x9508    	RET
; end of _Delay_50us
_Lcd_Out:
;__Lib_Lcd.c,184 :: 		
;__Lib_Lcd.c,187 :: 		
0x0380	0x922F    	PUSH       R2
0x0382	0xC00F    	RJMP       L_Lcd_Out11
;__Lib_Lcd.c,188 :: 		
L_Lcd_Out13:
0x0384	0xE8B0    	LDI        R27, 128
0x0386	0x2E2B    	MOV        R2, R27
0x0388	0xC019    	RJMP       L_Lcd_Out12
;__Lib_Lcd.c,189 :: 		
L_Lcd_Out14:
0x038A	0xECB0    	LDI        R27, 192
0x038C	0x2E2B    	MOV        R2, R27
0x038E	0xC016    	RJMP       L_Lcd_Out12
;__Lib_Lcd.c,190 :: 		
L_Lcd_Out15:
0x0390	0xE9B4    	LDI        R27, 148
0x0392	0x2E2B    	MOV        R2, R27
0x0394	0xC013    	RJMP       L_Lcd_Out12
;__Lib_Lcd.c,191 :: 		
L_Lcd_Out16:
0x0396	0xEDB4    	LDI        R27, 212
0x0398	0x2E2B    	MOV        R2, R27
0x039A	0xC010    	RJMP       L_Lcd_Out12
;__Lib_Lcd.c,192 :: 		
L_Lcd_Out17:
0x039C	0xE8B0    	LDI        R27, 128
0x039E	0x2E2B    	MOV        R2, R27
;__Lib_Lcd.c,193 :: 		
0x03A0	0xC00D    	RJMP       L_Lcd_Out12
L_Lcd_Out11:
0x03A2	0xE0B1    	LDI        R27, 1
0x03A4	0x162B    	CP         R2, R27
0x03A6	0xF371    	BREQ       L_Lcd_Out13
L__Lcd_Out35:
0x03A8	0xE0B2    	LDI        R27, 2
0x03AA	0x162B    	CP         R2, R27
0x03AC	0xF371    	BREQ       L_Lcd_Out14
L__Lcd_Out36:
0x03AE	0xE0B3    	LDI        R27, 3
0x03B0	0x162B    	CP         R2, R27
0x03B2	0xF371    	BREQ       L_Lcd_Out15
L__Lcd_Out37:
0x03B4	0xE0B4    	LDI        R27, 4
0x03B6	0x162B    	CP         R2, R27
0x03B8	0xF371    	BREQ       L_Lcd_Out16
L__Lcd_Out38:
0x03BA	0xCFF0    	RJMP       L_Lcd_Out17
L_Lcd_Out12:
;__Lib_Lcd.c,194 :: 		
0x03BC	0x2D03    	MOV        R16, R3
0x03BE	0x5001    	SUBI       R16, 1
0x03C0	0x0D02    	ADD        R16, R2
0x03C2	0x2E20    	MOV        R2, R16
;__Lib_Lcd.c,196 :: 		
0x03C4	0x2E20    	MOV        R2, R16
0x03C6	0xDF7A    	RCALL      _Lcd_Cmd+0
;__Lib_Lcd.c,197 :: 		
0x03C8	0x008091B0  	LDS        R27, __Lib_Lcd_cmd_status+0
0x03CC	0x7FBE    	CBR        R27, 1
0x03CE	0x008093B0  	STS        __Lib_Lcd_cmd_status+0, R27
;__Lib_Lcd.c,198 :: 		
; i start address is: 17 (R17)
0x03D2	0xE010    	LDI        R17, 0
; i end address is: 17 (R17)
;__Lib_Lcd.c,199 :: 		
L_Lcd_Out18:
; i start address is: 17 (R17)
0x03D4	0x2FE1    	MOV        R30, R17
0x03D6	0xE0F0    	LDI        R31, 0
0x03D8	0x0DE4    	ADD        R30, R4
0x03DA	0x1DF5    	ADC        R31, R5
0x03DC	0x8100    	LD         R16, Z
0x03DE	0x2300    	TST        R16
0x03E0	0xF079    	BREQ       L_Lcd_Out19
L__Lcd_Out39:
;__Lib_Lcd.c,200 :: 		
0x03E2	0x2FE1    	MOV        R30, R17
0x03E4	0xE0F0    	LDI        R31, 0
0x03E6	0x0DE4    	ADD        R30, R4
0x03E8	0x1DF5    	ADC        R31, R5
0x03EA	0x8100    	LD         R16, Z
0x03EC	0x931F    	PUSH       R17
0x03EE	0x922F    	PUSH       R2
0x03F0	0x2E20    	MOV        R2, R16
0x03F2	0xDE8E    	RCALL      _Lcd_Chr_CP+0
0x03F4	0x902F    	POP        R2
0x03F6	0x911F    	POP        R17
0x03F8	0x2F01    	MOV        R16, R17
0x03FA	0x5F0F    	SUBI       R16, 255
0x03FC	0x2F10    	MOV        R17, R16
; i end address is: 17 (R17)
0x03FE	0xCFEA    	RJMP       L_Lcd_Out18
L_Lcd_Out19:
;__Lib_Lcd.c,201 :: 		
0x0400	0x008091B0  	LDS        R27, __Lib_Lcd_cmd_status+0
0x0404	0x60B1    	SBR        R27, 1
0x0406	0x008093B0  	STS        __Lib_Lcd_cmd_status+0, R27
;__Lib_Lcd.c,202 :: 		
L_end_Lcd_Out:
0x040A	0x902F    	POP        R2
0x040C	0x9508    	RET
; end of _Lcd_Out
_Lcd_Chr_CP:
;__Lib_Lcd.c,50 :: 		
;__Lib_Lcd.c,52 :: 		
0x0110	0x008091B0  	LDS        R27, __Lib_Lcd_cmd_status+0
0x0114	0x7FBE    	CBR        R27, 1
0x0116	0x008093B0  	STS        __Lib_Lcd_cmd_status+0, R27
;__Lib_Lcd.c,53 :: 		
0x011A	0xD0D0    	RCALL      _Lcd_Cmd+0
;__Lib_Lcd.c,54 :: 		
0x011C	0x008091B0  	LDS        R27, __Lib_Lcd_cmd_status+0
0x0120	0x60B1    	SBR        R27, 1
0x0122	0x008093B0  	STS        __Lib_Lcd_cmd_status+0, R27
;__Lib_Lcd.c,55 :: 		
L_end_Lcd_Chr_CP:
0x0126	0x9508    	RET
; end of _Lcd_Chr_CP
_ADC_Read:
;__Lib_ADC.c,46 :: 		
;__Lib_ADC.c,47 :: 		
0x0662	0xDFEC    	RCALL      _ADC_Init+0
;__Lib_ADC.c,48 :: 		
0x0664	0xDD61    	RCALL      _ADC_Get_Sample+0
;__Lib_ADC.c,49 :: 		
L_end_ADC_Read:
0x0666	0x9508    	RET
; end of _ADC_Read
_ADC_Get_Sample:
;__Lib_ADC.c,28 :: 		
;__Lib_ADC.c,31 :: 		
0x0128	0xB107    	IN         R16, ADMUX+0
0x012A	0x7E00    	ANDI       R16, 224
0x012C	0x2902    	OR         R16, R2
0x012E	0xB907    	OUT        ADMUX+0, R16
;__Lib_ADC.c,36 :: 		
0x0130	0xB1B6    	IN         R27, ADSC_bit+0
0x0132	0x64B0    	SBR        R27, 64
0x0134	0xB9B6    	OUT        ADSC_bit+0, R27
;__Lib_ADC.c,38 :: 		
L_ADC_Get_Sample0:
0x0136	0xB1B6    	IN         R27, ADSC_bit+0
0x0138	0xFFB6    	SBRS       R27, 6
0x013A	0xC001    	RJMP       L_ADC_Get_Sample1
;__Lib_ADC.c,39 :: 		
0x013C	0xCFFC    	RJMP       L_ADC_Get_Sample0
L_ADC_Get_Sample1:
;__Lib_ADC.c,41 :: 		
; temp start address is: 18 (R18)
0x013E	0xB124    	IN         R18, ADCL+0
0x0140	0xE030    	LDI        R19, 0
;__Lib_ADC.c,42 :: 		
0x0142	0xB105    	IN         R16, ADCH+0
0x0144	0x2F10    	MOV        R17, R16
0x0146	0x2700    	CLR        R16
0x0148	0x2B02    	OR         R16, R18
0x014A	0x2B13    	OR         R17, R19
; temp end address is: 18 (R18)
;__Lib_ADC.c,43 :: 		
L_end_ADC_Get_Sample:
0x014C	0x9508    	RET
; end of _ADC_Get_Sample
_Lcd_Chr:
;__Lib_Lcd.c,65 :: 		
;__Lib_Lcd.c,66 :: 		
0x0668	0x922F    	PUSH       R2
0x066A	0xC00F    	RJMP       L_Lcd_Chr4
;__Lib_Lcd.c,67 :: 		
L_Lcd_Chr6:
0x066C	0xE8B0    	LDI        R27, 128
0x066E	0x2E2B    	MOV        R2, R27
0x0670	0xC019    	RJMP       L_Lcd_Chr5
;__Lib_Lcd.c,68 :: 		
L_Lcd_Chr7:
0x0672	0xECB0    	LDI        R27, 192
0x0674	0x2E2B    	MOV        R2, R27
0x0676	0xC016    	RJMP       L_Lcd_Chr5
;__Lib_Lcd.c,69 :: 		
L_Lcd_Chr8:
0x0678	0xE9B4    	LDI        R27, 148
0x067A	0x2E2B    	MOV        R2, R27
0x067C	0xC013    	RJMP       L_Lcd_Chr5
;__Lib_Lcd.c,70 :: 		
L_Lcd_Chr9:
0x067E	0xEDB4    	LDI        R27, 212
0x0680	0x2E2B    	MOV        R2, R27
0x0682	0xC010    	RJMP       L_Lcd_Chr5
;__Lib_Lcd.c,71 :: 		
L_Lcd_Chr10:
0x0684	0xE8B0    	LDI        R27, 128
0x0686	0x2E2B    	MOV        R2, R27
;__Lib_Lcd.c,72 :: 		
0x0688	0xC00D    	RJMP       L_Lcd_Chr5
L_Lcd_Chr4:
0x068A	0xE0B1    	LDI        R27, 1
0x068C	0x162B    	CP         R2, R27
0x068E	0xF371    	BREQ       L_Lcd_Chr6
L__Lcd_Chr29:
0x0690	0xE0B2    	LDI        R27, 2
0x0692	0x162B    	CP         R2, R27
0x0694	0xF371    	BREQ       L_Lcd_Chr7
L__Lcd_Chr30:
0x0696	0xE0B3    	LDI        R27, 3
0x0698	0x162B    	CP         R2, R27
0x069A	0xF371    	BREQ       L_Lcd_Chr8
L__Lcd_Chr31:
0x069C	0xE0B4    	LDI        R27, 4
0x069E	0x162B    	CP         R2, R27
0x06A0	0xF371    	BREQ       L_Lcd_Chr9
L__Lcd_Chr32:
0x06A2	0xCFF0    	RJMP       L_Lcd_Chr10
L_Lcd_Chr5:
;__Lib_Lcd.c,74 :: 		
0x06A4	0x2D03    	MOV        R16, R3
0x06A6	0x5001    	SUBI       R16, 1
0x06A8	0x0D02    	ADD        R16, R2
0x06AA	0x2E20    	MOV        R2, R16
;__Lib_Lcd.c,76 :: 		
0x06AC	0x008091B0  	LDS        R27, __Lib_Lcd_cmd_status+0
0x06B0	0x60B1    	SBR        R27, 1
0x06B2	0x008093B0  	STS        __Lib_Lcd_cmd_status+0, R27
;__Lib_Lcd.c,77 :: 		
0x06B6	0x2E20    	MOV        R2, R16
0x06B8	0xDE01    	RCALL      _Lcd_Cmd+0
;__Lib_Lcd.c,79 :: 		
0x06BA	0x008091B0  	LDS        R27, __Lib_Lcd_cmd_status+0
0x06BE	0x7FBE    	CBR        R27, 1
0x06C0	0x008093B0  	STS        __Lib_Lcd_cmd_status+0, R27
;__Lib_Lcd.c,80 :: 		
0x06C4	0x2C24    	MOV        R2, R4
0x06C6	0xDDFA    	RCALL      _Lcd_Cmd+0
;__Lib_Lcd.c,81 :: 		
0x06C8	0x008091B0  	LDS        R27, __Lib_Lcd_cmd_status+0
0x06CC	0x60B1    	SBR        R27, 1
0x06CE	0x008093B0  	STS        __Lib_Lcd_cmd_status+0, R27
;__Lib_Lcd.c,82 :: 		
L_end_Lcd_Chr:
0x06D2	0x902F    	POP        R2
0x06D4	0x9508    	RET
; end of _Lcd_Chr
___CC2DW:
;__Lib_System.c,25 :: 		
;__Lib_System.c,27 :: 		
L_loopDW:
;__Lib_System.c,28 :: 		
0x0652	0x9005    	LPM        R0, Z+
;__Lib_System.c,29 :: 		
0x0654	0x920D    	ST         X+, R0
;__Lib_System.c,30 :: 		
0x0656	0x9701    	SBIW       R24, 1
;__Lib_System.c,31 :: 		
0x0658	0xF7E1    	BRNE       L_loopDW
;__Lib_System.c,33 :: 		
L_end___CC2DW:
0x065A	0x9508    	RET
; end of ___CC2DW
_float_ulong2fp:
;__Lib_MathDouble.c,129 :: 		
;__Lib_MathDouble.c,131 :: 		
0x065C	0x9468    	BSET       6
;__Lib_MathDouble.c,133 :: 		
0x065E	0xDD77    	RCALL      _float_long2fp+0
;__Lib_MathDouble.c,134 :: 		
L_end_float_ulong2fp:
0x0660	0x9508    	RET
; end of _float_ulong2fp
_float_long2fp:
;__Lib_MathDouble.c,105 :: 		
;__Lib_MathDouble.c,107 :: 		
0x014E	0xE147    	LDI        R20, 23
;__Lib_MathDouble.c,108 :: 		
0x0150	0x2766    	CLR        R22
;__Lib_MathDouble.c,109 :: 		
0x0152	0x2755    	CLR        R21
;__Lib_MathDouble.c,110 :: 		
0x0154	0xF026    	BRTS       L00FC
;__Lib_MathDouble.c,111 :: 		
0x0156	0x2333    	TST        R19
;__Lib_MathDouble.c,112 :: 		
0x0158	0xF412    	BRPL       L00FC
;__Lib_MathDouble.c,114 :: 		
0x015A	0xDF8E    	RCALL      _float_neg32+0
;__Lib_MathDouble.c,116 :: 		
0x015C	0xE860    	LDI        R22, 128
;__Lib_MathDouble.c,117 :: 		
L00FC:
;__Lib_MathDouble.c,119 :: 		
0x015E	0xDFAA    	RCALL      _float_normalize_and_pack+0
;__Lib_MathDouble.c,120 :: 		
L_end_float_long2fp:
0x0160	0x9508    	RET
; end of _float_long2fp
_float_neg32:
;__Lib_MathDouble.c,4 :: 		
;__Lib_MathDouble.c,6 :: 		
0x0078	0x9500    	COM        R16
;__Lib_MathDouble.c,7 :: 		
0x007A	0x9510    	COM        R17
;__Lib_MathDouble.c,8 :: 		
0x007C	0x9520    	COM        R18
;__Lib_MathDouble.c,9 :: 		
0x007E	0x9530    	COM        R19
;__Lib_MathDouble.c,10 :: 		
0x0080	0x5F0F    	SUBI       R16, 255
;__Lib_MathDouble.c,11 :: 		
0x0082	0x4F1F    	SBCI       R17, 255
;__Lib_MathDouble.c,12 :: 		
0x0084	0x4F2F    	SBCI       R18, 255
;__Lib_MathDouble.c,13 :: 		
0x0086	0x4F3F    	SBCI       R19, 255
;__Lib_MathDouble.c,15 :: 		
L_end_float_neg32:
0x0088	0x9508    	RET
; end of _float_neg32
_float_normalize_and_pack:
;__Lib_MathDouble.c,45 :: 		
;__Lib_MathDouble.c,46 :: 		
0x00B4	0xDFCF    	RCALL      _float_tstr16_r19+0
;__Lib_MathDouble.c,48 :: 		
0x00B6	0xF111    	BREQ       L0196
;__Lib_MathDouble.c,49 :: 		
0x00B8	0x939F    	PUSH       R25
;__Lib_MathDouble.c,50 :: 		
0x00BA	0x938F    	PUSH       R24
;__Lib_MathDouble.c,51 :: 		
0x00BC	0xE78E    	LDI        R24, 126
;__Lib_MathDouble.c,52 :: 		
0x00BE	0xE090    	LDI        R25, 0
;__Lib_MathDouble.c,53 :: 		
L0178:
;__Lib_MathDouble.c,54 :: 		
0x00C0	0x2333    	TST        R19
;__Lib_MathDouble.c,55 :: 		
0x00C2	0xF051    	BREQ       L0184
;__Lib_MathDouble.c,56 :: 		
0x00C4	0x9536    	LSR        R19
;__Lib_MathDouble.c,57 :: 		
0x00C6	0x9527    	ROR        R18
;__Lib_MathDouble.c,58 :: 		
0x00C8	0x9517    	ROR        R17
;__Lib_MathDouble.c,59 :: 		
0x00CA	0x9507    	ROR        R16
;__Lib_MathDouble.c,60 :: 		
0x00CC	0x1748    	CP         R20, R24
;__Lib_MathDouble.c,61 :: 		
0x00CE	0x0759    	CPC        R21, R25
;__Lib_MathDouble.c,62 :: 		
0x00D0	0xF4B4    	BRGE       L0197
;__Lib_MathDouble.c,63 :: 		
0x00D2	0x5F4F    	SUBI       R20, 255
;__Lib_MathDouble.c,64 :: 		
0x00D4	0x4F5F    	SBCI       R21, 255
;__Lib_MathDouble.c,65 :: 		
0x00D6	0xCFF4    	RJMP       L0178
;__Lib_MathDouble.c,66 :: 		
L0184:
;__Lib_MathDouble.c,67 :: 		
0x00D8	0x9580    	COM        R24
;__Lib_MathDouble.c,68 :: 		
0x00DA	0x9590    	COM        R25
;__Lib_MathDouble.c,69 :: 		
0x00DC	0x9601    	ADIW       R24, 1
;__Lib_MathDouble.c,70 :: 		
L0187:
;__Lib_MathDouble.c,71 :: 		
0x00DE	0x2322    	TST        R18
;__Lib_MathDouble.c,72 :: 		
0x00E0	0xF09A    	BRMI       L019C
;__Lib_MathDouble.c,73 :: 		
0x00E2	0x0F00    	LSL        R16
;__Lib_MathDouble.c,74 :: 		
0x00E4	0x1F11    	ROL        R17
;__Lib_MathDouble.c,75 :: 		
0x00E6	0x1F22    	ROL        R18
;__Lib_MathDouble.c,76 :: 		
0x00E8	0x1748    	CP         R20, R24
;__Lib_MathDouble.c,77 :: 		
0x00EA	0x0759    	CPC        R21, R25
;__Lib_MathDouble.c,78 :: 		
0x00EC	0xF01C    	BRLT       L0192
;__Lib_MathDouble.c,79 :: 		
0x00EE	0x5041    	SUBI       R20, 1
;__Lib_MathDouble.c,80 :: 		
0x00F0	0x4050    	SBCI       R21, 0
;__Lib_MathDouble.c,81 :: 		
0x00F2	0xCFF5    	RJMP       L0187
;__Lib_MathDouble.c,82 :: 		
L0192:
;__Lib_MathDouble.c,83 :: 		
0x00F4	0x2700    	CLR        R16
;__Lib_MathDouble.c,84 :: 		
0x00F6	0x2711    	CLR        R17
;__Lib_MathDouble.c,85 :: 		
0x00F8	0x2722    	CLR        R18
;__Lib_MathDouble.c,86 :: 		
0x00FA	0x2733    	CLR        R19
;__Lib_MathDouble.c,87 :: 		
L0196:
;__Lib_MathDouble.c,88 :: 		
0x00FC	0xC008    	RJMP       L0196x
;__Lib_MathDouble.c,89 :: 		
L0197:
;__Lib_MathDouble.c,90 :: 		
0x00FE	0x2733    	CLR        R19
;__Lib_MathDouble.c,91 :: 		
0x0100	0xEF0F    	LDI        R16, 255
;__Lib_MathDouble.c,92 :: 		
0x0102	0x2F10    	MOV        R17, R16
;__Lib_MathDouble.c,93 :: 		
0x0104	0xE72F    	LDI        R18, 127
;__Lib_MathDouble.c,94 :: 		
0x0106	0x2F32    	MOV        R19, R18
;__Lib_MathDouble.c,95 :: 		
L019C:
;__Lib_MathDouble.c,96 :: 		
0x0108	0x918F    	POP        R24
;__Lib_MathDouble.c,97 :: 		
0x010A	0x919F    	POP        R25
;__Lib_MathDouble.c,99 :: 		
0x010C	0xDFAB    	RCALL      _float_pack+0
;__Lib_MathDouble.c,101 :: 		
L0196x:
;__Lib_MathDouble.c,103 :: 		
L_end_float_normalize_and_pack:
0x010E	0x9508    	RET
; end of _float_normalize_and_pack
_float_tstr16_r19:
;__Lib_MathDouble.c,17 :: 		
;__Lib_MathDouble.c,19 :: 		
0x0054	0x2300    	TST        R16
;__Lib_MathDouble.c,20 :: 		
0x0056	0xF429    	BRNE       L015C
;__Lib_MathDouble.c,21 :: 		
0x0058	0x2311    	TST        R17
;__Lib_MathDouble.c,22 :: 		
0x005A	0xF419    	BRNE       L015C
;__Lib_MathDouble.c,23 :: 		
0x005C	0x2322    	TST        R18
;__Lib_MathDouble.c,24 :: 		
0x005E	0xF409    	BRNE       L015C
;__Lib_MathDouble.c,25 :: 		
0x0060	0x2333    	TST        R19
;__Lib_MathDouble.c,26 :: 		
L015C:
;__Lib_MathDouble.c,28 :: 		
L_end_float_tstr16_r19:
0x0062	0x9508    	RET
; end of _float_tstr16_r19
_float_pack:
;__Lib_MathDouble.c,30 :: 		
;__Lib_MathDouble.c,31 :: 		
0x0064	0xDFF7    	RCALL      _float_tstr16_r19+0
;__Lib_MathDouble.c,33 :: 		
0x0066	0xF039    	BREQ       L01A7
;__Lib_MathDouble.c,34 :: 		
0x0068	0x5841    	SUBI       R20, 129
;__Lib_MathDouble.c,35 :: 		
0x006A	0x4F5F    	SBCI       R21, 255
;__Lib_MathDouble.c,36 :: 		
0x006C	0x2F34    	MOV        R19, R20
;__Lib_MathDouble.c,37 :: 		
0x006E	0x0F22    	LSL        R18
;__Lib_MathDouble.c,38 :: 		
0x0070	0x9536    	LSR        R19
;__Lib_MathDouble.c,39 :: 		
0x0072	0x9527    	ROR        R18
;__Lib_MathDouble.c,40 :: 		
0x0074	0x2B36    	OR         R19, R22
;__Lib_MathDouble.c,41 :: 		
L01A7:
;__Lib_MathDouble.c,43 :: 		
L_end_float_pack:
0x0076	0x9508    	RET
; end of _float_pack
_float_fpmul1:
;__Lib_MathDouble.c,483 :: 		
;__Lib_MathDouble.c,485 :: 		
0x0260	0x2E04    	MOV        R0, R20
;__Lib_MathDouble.c,486 :: 		
0x0262	0x2E15    	MOV        R1, R21
;__Lib_MathDouble.c,487 :: 		
0x0264	0x2E26    	MOV        R2, R22
;__Lib_MathDouble.c,488 :: 		
0x0266	0x2E37    	MOV        R3, R23
;__Lib_MathDouble.c,490 :: 		
0x0268	0xDF90    	RCALL      _float_fpmul+0
;__Lib_MathDouble.c,492 :: 		
0x026A	0x2E00    	MOV        R0, R16
;__Lib_MathDouble.c,493 :: 		
0x026C	0x2E11    	MOV        R1, R17
;__Lib_MathDouble.c,494 :: 		
0x026E	0x2E22    	MOV        R2, R18
;__Lib_MathDouble.c,495 :: 		
0x0270	0x2E33    	MOV        R3, R19
;__Lib_MathDouble.c,497 :: 		
L_end_float_fpmul1:
0x0272	0x9508    	RET
; end of _float_fpmul1
_float_fpmul:
;__Lib_MathDouble.c,407 :: 		
;__Lib_MathDouble.c,408 :: 		
0x018A	0xDF7F    	RCALL      _float_unpacku+0
;__Lib_MathDouble.c,410 :: 		
0x018C	0xF181    	BREQ       L0097
;__Lib_MathDouble.c,411 :: 		
0x018E	0x2EE6    	MOV        R14, R22
;__Lib_MathDouble.c,412 :: 		
0x0190	0x2ED5    	MOV        R13, R21
;__Lib_MathDouble.c,413 :: 		
0x0192	0x2EC4    	MOV        R12, R20
;__Lib_MathDouble.c,414 :: 		
0x0194	0x2EB3    	MOV        R11, R19
;__Lib_MathDouble.c,415 :: 		
0x0196	0x2EA2    	MOV        R10, R18
;__Lib_MathDouble.c,416 :: 		
0x0198	0x2E91    	MOV        R9, R17
;__Lib_MathDouble.c,417 :: 		
0x019A	0x2E80    	MOV        R8, R16
;__Lib_MathDouble.c,418 :: 		
0x019C	0x2D00    	MOV        R16, R0
;__Lib_MathDouble.c,419 :: 		
0x019E	0x2D11    	MOV        R17, R1
;__Lib_MathDouble.c,420 :: 		
0x01A0	0x2D22    	MOV        R18, R2
;__Lib_MathDouble.c,421 :: 		
0x01A2	0x2D33    	MOV        R19, R3
;__Lib_MathDouble.c,423 :: 		
0x01A4	0xDF72    	RCALL      _float_unpacku+0
;__Lib_MathDouble.c,425 :: 		
0x01A6	0xF119    	BREQ       L0097
;__Lib_MathDouble.c,426 :: 		
0x01A8	0x256E    	EOR        R22, R14
;__Lib_MathDouble.c,427 :: 		
0x01AA	0x0D4C    	ADD        R20, R12
;__Lib_MathDouble.c,428 :: 		
0x01AC	0x1D5D    	ADC        R21, R13
;__Lib_MathDouble.c,429 :: 		
0x01AE	0x3840    	CPI        R20, 128
;__Lib_MathDouble.c,430 :: 		
0x01B0	0x0753    	CPC        R21, R19
;__Lib_MathDouble.c,431 :: 		
0x01B2	0xF4F4    	BRGE       L009B
;__Lib_MathDouble.c,432 :: 		
0x01B4	0x3841    	CPI        R20, 129
;__Lib_MathDouble.c,433 :: 		
0x01B6	0xEF7F    	LDI        R23, 255
;__Lib_MathDouble.c,434 :: 		
0x01B8	0x0757    	CPC        R21, R23
;__Lib_MathDouble.c,435 :: 		
0x01BA	0xF0FC    	BRLT       L00A0mul
;__Lib_MathDouble.c,436 :: 		
0x01BC	0x2788    	CLR        R24
;__Lib_MathDouble.c,437 :: 		
0x01BE	0x2799    	CLR        R25
;__Lib_MathDouble.c,438 :: 		
0x01C0	0x27AA    	CLR        R26
;__Lib_MathDouble.c,439 :: 		
0x01C2	0x27BB    	CLR        R27
;__Lib_MathDouble.c,440 :: 		
0x01C4	0xE270    	LDI        R23, 32
;__Lib_MathDouble.c,441 :: 		
L0083:
;__Lib_MathDouble.c,442 :: 		
0x01C6	0x95B6    	LSR        R27
;__Lib_MathDouble.c,443 :: 		
0x01C8	0x95A7    	ROR        R26
;__Lib_MathDouble.c,444 :: 		
0x01CA	0x9597    	ROR        R25
;__Lib_MathDouble.c,445 :: 		
0x01CC	0x9587    	ROR        R24
;__Lib_MathDouble.c,446 :: 		
0x01CE	0x9537    	ROR        R19
;__Lib_MathDouble.c,447 :: 		
0x01D0	0x9527    	ROR        R18
;__Lib_MathDouble.c,448 :: 		
0x01D2	0x9517    	ROR        R17
;__Lib_MathDouble.c,449 :: 		
0x01D4	0x9507    	ROR        R16
;__Lib_MathDouble.c,450 :: 		
0x01D6	0xF420    	BRCC       L0090
;__Lib_MathDouble.c,451 :: 		
0x01D8	0x0D88    	ADD        R24, R8
;__Lib_MathDouble.c,452 :: 		
0x01DA	0x1D99    	ADC        R25, R9
;__Lib_MathDouble.c,453 :: 		
0x01DC	0x1DAA    	ADC        R26, R10
;__Lib_MathDouble.c,454 :: 		
0x01DE	0x1DBB    	ADC        R27, R11
;__Lib_MathDouble.c,455 :: 		
L0090:
;__Lib_MathDouble.c,456 :: 		
0x01E0	0x957A    	DEC        R23
;__Lib_MathDouble.c,457 :: 		
0x01E2	0xF789    	BRNE       L0083
;__Lib_MathDouble.c,458 :: 		
0x01E4	0x2F03    	MOV        R16, R19
;__Lib_MathDouble.c,459 :: 		
0x01E6	0x2F3A    	MOV        R19, R26
;__Lib_MathDouble.c,460 :: 		
0x01E8	0x2F29    	MOV        R18, R25
;__Lib_MathDouble.c,461 :: 		
0x01EA	0x2F18    	MOV        R17, R24
;__Lib_MathDouble.c,463 :: 		
0x01EC	0xDF63    	RCALL      _float_normalize_and_pack+0
;__Lib_MathDouble.c,465 :: 		
L0097:
;__Lib_MathDouble.c,466 :: 		
0x01EE	0xC00A    	RJMP       L00A0x
;__Lib_MathDouble.c,467 :: 		
L009B:
;__Lib_MathDouble.c,468 :: 		
0x01F0	0xEF0F    	LDI        R16, 255
;__Lib_MathDouble.c,469 :: 		
0x01F2	0x2F10    	MOV        R17, R16
;__Lib_MathDouble.c,470 :: 		
0x01F4	0xE72F    	LDI        R18, 127
;__Lib_MathDouble.c,471 :: 		
0x01F6	0xE73F    	LDI        R19, 127
;__Lib_MathDouble.c,472 :: 		
0x01F8	0xCFFA    	RJMP       L0097
;__Lib_MathDouble.c,473 :: 		
L00A0mul:
;__Lib_MathDouble.c,474 :: 		
0x01FA	0x2700    	CLR        R16
;__Lib_MathDouble.c,475 :: 		
0x01FC	0x2F10    	MOV        R17, R16
;__Lib_MathDouble.c,476 :: 		
0x01FE	0x2F20    	MOV        R18, R16
;__Lib_MathDouble.c,477 :: 		
0x0200	0x2F30    	MOV        R19, R16
;__Lib_MathDouble.c,478 :: 		
0x0202	0xCFF5    	RJMP       L0097
;__Lib_MathDouble.c,479 :: 		
L00A0x:
;__Lib_MathDouble.c,481 :: 		
L_end_float_fpmul:
0x0204	0x9508    	RET
; end of _float_fpmul
_float_unpacku:
;__Lib_MathDouble.c,148 :: 		
;__Lib_MathDouble.c,149 :: 		
0x008A	0xDFE4    	RCALL      _float_tstr16_r19+0
;__Lib_MathDouble.c,151 :: 		
0x008C	0xF079    	BREQ       L016E
;__Lib_MathDouble.c,152 :: 		
0x008E	0x2F63    	MOV        R22, R19
;__Lib_MathDouble.c,153 :: 		
0x0090	0x7860    	ANDI       R22, 128
;__Lib_MathDouble.c,154 :: 		
0x0092	0x0F22    	LSL        R18
;__Lib_MathDouble.c,155 :: 		
0x0094	0x1F33    	ROL        R19
;__Lib_MathDouble.c,156 :: 		
0x0096	0x2F43    	MOV        R20, R19
;__Lib_MathDouble.c,157 :: 		
0x0098	0xE75F    	LDI        R21, 127
;__Lib_MathDouble.c,158 :: 		
0x009A	0x1B45    	SUB        R20, R21
;__Lib_MathDouble.c,159 :: 		
0x009C	0x2755    	CLR        R21
;__Lib_MathDouble.c,160 :: 		
0x009E	0x4050    	SBCI       R21, 0
;__Lib_MathDouble.c,161 :: 		
0x00A0	0x9526    	LSR        R18
;__Lib_MathDouble.c,162 :: 		
0x00A2	0xE830    	LDI        R19, 128
;__Lib_MathDouble.c,163 :: 		
0x00A4	0x2B23    	OR         R18, R19
;__Lib_MathDouble.c,164 :: 		
0x00A6	0x2733    	CLR        R19
;__Lib_MathDouble.c,165 :: 		
0x00A8	0x9498    	CLZ
;__Lib_MathDouble.c,166 :: 		
0x00AA	0xC003    	RJMP       L016Ex
;__Lib_MathDouble.c,167 :: 		
L016E:
;__Lib_MathDouble.c,168 :: 		
0x00AC	0x2744    	CLR        R20
;__Lib_MathDouble.c,169 :: 		
0x00AE	0x2755    	CLR        R21
;__Lib_MathDouble.c,170 :: 		
0x00B0	0x2766    	CLR        R22
;__Lib_MathDouble.c,171 :: 		
L016Ex:
;__Lib_MathDouble.c,173 :: 		
L_end_float_unpacku:
0x00B2	0x9508    	RET
; end of _float_unpacku
_float_fpint:
;__Lib_MathDouble.c,190 :: 		
;__Lib_MathDouble.c,191 :: 		
0x0274	0xDF0A    	RCALL      _float_unpacku+0
;__Lib_MathDouble.c,193 :: 		
0x0276	0xF0F1    	BREQ       L0077
;__Lib_MathDouble.c,194 :: 		
0x0278	0x2355    	TST        R21
;__Lib_MathDouble.c,195 :: 		
0x027A	0xF0C2    	BRMI       L0073
;__Lib_MathDouble.c,196 :: 		
0x027C	0x314F    	CPI        R20, 31
;__Lib_MathDouble.c,197 :: 		
0x027E	0xF4A8    	BRCC       L0072int
;__Lib_MathDouble.c,198 :: 		
0x0280	0x3147    	CPI        R20, 23
;__Lib_MathDouble.c,199 :: 		
0x0282	0xF0C1    	BREQ       L0077
;__Lib_MathDouble.c,200 :: 		
0x0284	0xF450    	BRCC       L006A
;__Lib_MathDouble.c,201 :: 		
0x0286	0x9541    	NEG        R20
;__Lib_MathDouble.c,202 :: 		
0x0288	0x5E49    	SUBI       R20, 233
;__Lib_MathDouble.c,203 :: 		
0x028A	0xC005    	RJMP       L0068
;__Lib_MathDouble.c,204 :: 		
L0063:
;__Lib_MathDouble.c,205 :: 		
0x028C	0x9535    	ASR        R19
;__Lib_MathDouble.c,206 :: 		
0x028E	0x9527    	ROR        R18
;__Lib_MathDouble.c,207 :: 		
0x0290	0x9517    	ROR        R17
;__Lib_MathDouble.c,208 :: 		
0x0292	0x9507    	ROR        R16
;__Lib_MathDouble.c,209 :: 		
0x0294	0x954A    	DEC        R20
;__Lib_MathDouble.c,210 :: 		
L0068:
;__Lib_MathDouble.c,211 :: 		
0x0296	0xF7D1    	BRNE       L0063
;__Lib_MathDouble.c,212 :: 		
0x0298	0xC00D    	RJMP       L0077
;__Lib_MathDouble.c,213 :: 		
L006A:
;__Lib_MathDouble.c,214 :: 		
0x029A	0x5147    	SUBI       R20, 23
;__Lib_MathDouble.c,215 :: 		
L006B:
;__Lib_MathDouble.c,216 :: 		
0x029C	0x0F00    	LSL        R16
;__Lib_MathDouble.c,217 :: 		
0x029E	0x1F11    	ROL        R17
;__Lib_MathDouble.c,218 :: 		
0x02A0	0x1F22    	ROL        R18
;__Lib_MathDouble.c,219 :: 		
0x02A2	0x1F33    	ROL        R19
;__Lib_MathDouble.c,220 :: 		
0x02A4	0x954A    	DEC        R20
;__Lib_MathDouble.c,221 :: 		
0x02A6	0xF7D1    	BRNE       L006B
;__Lib_MathDouble.c,222 :: 		
0x02A8	0xC005    	RJMP       L0077
;__Lib_MathDouble.c,223 :: 		
L0072int:
;__Lib_MathDouble.c,224 :: 		
0x02AA	0xE73F    	LDI        R19, 127
;__Lib_MathDouble.c,225 :: 		
L0073:
;__Lib_MathDouble.c,226 :: 		
0x02AC	0x2F23    	MOV        R18, R19
;__Lib_MathDouble.c,227 :: 		
0x02AE	0x2F13    	MOV        R17, R19
;__Lib_MathDouble.c,228 :: 		
0x02B0	0x2F03    	MOV        R16, R19
;__Lib_MathDouble.c,229 :: 		
0x02B2	0xC003    	RJMP       L007A
;__Lib_MathDouble.c,230 :: 		
L0077:
;__Lib_MathDouble.c,231 :: 		
0x02B4	0x2366    	TST        R22
;__Lib_MathDouble.c,232 :: 		
0x02B6	0xF009    	BREQ       L007A
;__Lib_MathDouble.c,234 :: 		
0x02B8	0xDEDF    	RCALL      _float_neg32+0
;__Lib_MathDouble.c,236 :: 		
L007A:
;__Lib_MathDouble.c,238 :: 		
L_end_float_fpint:
0x02BA	0x9508    	RET
; end of _float_fpint
_Div_16x16_S:
;__Lib_Math.c,145 :: 		
;__Lib_Math.c,148 :: 		
0x020C	0x01C8    	MOVW       R24, R16
;__Lib_Math.c,149 :: 		
0x020E	0x01BA    	MOVW       R22, R20
;__Lib_Math.c,151 :: 		
0x0210	0xFB97    	BST        R25, 7
;__Lib_Math.c,152 :: 		
0x0212	0x2E09    	MOV        R0, R25
;__Lib_Math.c,153 :: 		
0x0214	0x2607    	EOR        R0, R23
;__Lib_Math.c,154 :: 		
0x0216	0xD00A    	RCALL      Div_16x16_S_L3
;__Lib_Math.c,155 :: 		
0x0218	0xFD77    	SBRC       R23, 7
;__Lib_Math.c,156 :: 		
0x021A	0xD004    	RCALL      Div_16x16_S_L1
;__Lib_Math.c,157 :: 		
0x021C	0xD00C    	RCALL      Div_16x16_S_L4
;__Lib_Math.c,158 :: 		
0x021E	0xD006    	RCALL      Div_16x16_S_L3
;__Lib_Math.c,159 :: 		
0x0220	0x2000    	AND        R0, R0
;__Lib_Math.c,160 :: 		
0x0222	0xF41A    	BRPL       Div_16x16_S_L2
;__Lib_Math.c,161 :: 		
Div_16x16_S_L1:
;__Lib_Math.c,162 :: 		
0x0224	0x9570    	COM        R23
;__Lib_Math.c,163 :: 		
0x0226	0x9561    	NEG        R22
;__Lib_Math.c,164 :: 		
0x0228	0x4F7F    	SBCI       R23, 255
;__Lib_Math.c,165 :: 		
Div_16x16_S_L2:
;__Lib_Math.c,166 :: 		
0x022A	0x9508    	RET
;__Lib_Math.c,167 :: 		
Div_16x16_S_L3:
;__Lib_Math.c,168 :: 		
0x022C	0xF7F6    	BRTC       Div_16x16_S_L2
;__Lib_Math.c,169 :: 		
0x022E	0x9590    	COM        R25
;__Lib_Math.c,170 :: 		
0x0230	0x9581    	NEG        R24
;__Lib_Math.c,171 :: 		
0x0232	0x4F9F    	SBCI       R25, 255
;__Lib_Math.c,172 :: 		
0x0234	0x9508    	RET
;__Lib_Math.c,173 :: 		
Div_16x16_S_L4:
;__Lib_Math.c,174 :: 		
0x0236	0x1BAA    	SUB        R26, R26
;__Lib_Math.c,175 :: 		
0x0238	0x1BBB    	SUB        R27, R27
;__Lib_Math.c,176 :: 		
0x023A	0xE151    	LDI        R21, 17
;__Lib_Math.c,177 :: 		
0x023C	0xC007    	RJMP       Div_16x16_S_L6
;__Lib_Math.c,178 :: 		
Div_16x16_S_L5:
;__Lib_Math.c,179 :: 		
0x023E	0x1FAA    	ROL        R26
;__Lib_Math.c,180 :: 		
0x0240	0x1FBB    	ROL        R27
;__Lib_Math.c,181 :: 		
0x0242	0x17A6    	CP         R26, R22
;__Lib_Math.c,182 :: 		
0x0244	0x07B7    	CPC        R27, R23
;__Lib_Math.c,183 :: 		
0x0246	0xF010    	BRCS       Div_16x16_S_L6
;__Lib_Math.c,184 :: 		
0x0248	0x1BA6    	SUB        R26, R22
;__Lib_Math.c,185 :: 		
0x024A	0x0BB7    	SBC        R27, R23
;__Lib_Math.c,186 :: 		
Div_16x16_S_L6:
;__Lib_Math.c,187 :: 		
0x024C	0x1F88    	ROL        R24
;__Lib_Math.c,188 :: 		
0x024E	0x1F99    	ROL        R25
;__Lib_Math.c,189 :: 		
0x0250	0x955A    	DEC        R21
;__Lib_Math.c,190 :: 		
0x0252	0xF7A9    	BRNE       Div_16x16_S_L5
;__Lib_Math.c,191 :: 		
0x0254	0x9580    	COM        R24
;__Lib_Math.c,192 :: 		
0x0256	0x9590    	COM        R25
;__Lib_Math.c,193 :: 		
0x0258	0x01BC    	MOVW       R22, R24
;__Lib_Math.c,194 :: 		
0x025A	0x01CD    	MOVW       R24, R26
;__Lib_Math.c,195 :: 		
0x025C	0x9508    	RET
;__Lib_Math.c,198 :: 		
L_end_Div_16x16_S:
0x025E	0x9508    	RET
; end of _Div_16x16_S
_float_slong2fp:
;__Lib_MathDouble.c,122 :: 		
;__Lib_MathDouble.c,124 :: 		
0x0206	0x94E8    	BCLR       6
;__Lib_MathDouble.c,126 :: 		
0x0208	0xDFA2    	RCALL      _float_long2fp+0
;__Lib_MathDouble.c,127 :: 		
L_end_float_slong2fp:
0x020A	0x9508    	RET
; end of _float_slong2fp
0x081C	0xE6A0    	LDI        R26, 96
0x081E	0xE0B0    	LDI        R27, 0
0x0820	0xEFEE    	LDI        R30, 254
0x0822	0xE0F7    	LDI        R31, 7
0x0824	0xE18E    	LDI        R24, 30
0x0826	0xE090    	LDI        R25, 0
0x0828	0x0329940E  	CALL       ___CC2DW
0x082C	0x9508    	RET
;lm35.c,0 :: ?ICS_arr
0x07FE	0x3130 ;?ICS_arr+0
0x0800	0x3332 ;?ICS_arr+2
0x0802	0x3534 ;?ICS_arr+4
0x0804	0x3736 ;?ICS_arr+6
0x0806	0x3938 ;?ICS_arr+8
0x0808	0x00 ;?ICS_arr+10
; end of ?ICS_arr
;lm35.c,0 :: ?ICS?lstr2_lm35
0x0809	0x6543 ;?ICS?lstr2_lm35+0
0x080B	0x746E ;?ICS?lstr2_lm35+2
0x080D	0x2E69 ;?ICS?lstr2_lm35+4
0x080F	0x00 ;?ICS?lstr2_lm35+6
; end of ?ICS?lstr2_lm35
;lm35.c,0 :: ?ICS?lstr1_lm35
0x0810	0x6554 ;?ICS?lstr1_lm35+0
0x0812	0x706D ;?ICS?lstr1_lm35+2
0x0814	0x7265 ;?ICS?lstr1_lm35+4
0x0816	0x7461 ;?ICS?lstr1_lm35+6
0x0818	0x7275 ;?ICS?lstr1_lm35+8
0x081A	0x0065 ;?ICS?lstr1_lm35+10
; end of ?ICS?lstr1_lm35
Symbol List:
//** Routines locations **
//ADDRESS    SIZE    PROCEDURE
//----------------------------------------------
0x002A       [8]    _float_tstr16_r19
0x0032      [10]    _float_pack
0x003C       [9]    _float_neg32
0x0045      [21]    _float_unpacku
0x005A      [46]    _float_normalize_and_pack
0x0088      [12]    _Lcd_Chr_CP
0x0094      [19]    _ADC_Get_Sample
0x00A7      [10]    _float_long2fp
0x00B1       [5]    _Delay_1us
0x00B6       [8]    _Delay_5500us
0x00BE       [7]    _Delay_50us
0x00C5      [62]    _float_fpmul
0x0103       [3]    _float_slong2fp
0x0106      [42]    _Div_16x16_S
0x0130      [10]    _float_fpmul1
0x013A      [36]    _float_fpint
0x015E      [98]    _Lcd_Cmd
0x01C0      [71]    _Lcd_Out
0x0207     [279]    _Lcd_Init
0x031E      [11]    _ADC_Init
0x0329       [5]    ___CC2DW
0x032E       [3]    _float_ulong2fp
0x0331       [3]    _ADC_Read
0x0334      [55]    _Lcd_Chr
0x036B     [148]    _main
//** Variables locations ** 
//ADDRESS    SIZE    VARIABLE
//----------------------------------------------
0x0000       [1]    Delay_Cyc_loc_L0
0x0000       [1]    R0
0x0001       [1]    R1
0x0002       [1]    FARG_ADC_Read_channel
0x0002       [1]    R2
0x0002       [1]    FARG_Lcd_Cmd_out_char
0x0002       [1]    FARG_ADC_Get_Sample_channel
0x0002       [1]    FARG_Lcd_Chr_CP_out_char
0x0002       [1]    FARG_Lcd_Chr_row
0x0002       [1]    FARG_Delay_Cyc_cycles_div_by_10
0x0002       [2]    FARG_VDelay_ms_Time_ms
0x0002       [2]    FARG_Lcd_Out_CP_text
0x0002       [1]    FARG_Lcd_Out_row
0x0002       [2]    FARG_VDelay_Advanced_ms_Time_ms
0x0003       [1]    FARG_Lcd_Out_column
0x0003       [1]    FARG_Lcd_Chr_column
0x0003       [1]    R3
0x0004       [1]    R4
0x0004       [2]    FARG_Lcd_Out_text
0x0004       [2]    FARG_VDelay_Advanced_ms_Current_Fosc_kHz
0x0004       [1]    FARG_Lcd_Chr_out_char
0x0005       [1]    R5
0x0006       [1]    R6
0x0007       [1]    R7
0x0008       [1]    R8
0x0009       [1]    R9
0x000A       [1]    R10
0x000B       [1]    R11
0x000C       [1]    R12
0x000D       [1]    R13
0x000E       [1]    R14
0x000F       [1]    R15
0x0010       [1]    R16
0x0011       [1]    R17
0x0012       [1]    R18
0x0013       [1]    R19
0x0014       [1]    R20
0x0015       [1]    R21
0x0016       [1]    R22
0x0017       [1]    R23
0x0018       [1]    R24
0x0019       [1]    R25
0x001A       [1]    XL
0x001A       [1]    R26
0x001A       [2]    X
0x001B       [1]    XH
0x001B       [1]    R27
0x001C       [1]    R28
0x001C       [1]    YL
0x001C       [2]    Y
0x001D       [1]    R29
0x001D       [1]    YH
0x001E       [1]    R30
0x001E       [1]    ZL
0x001E       [2]    Z
0x001F       [1]    R31
0x001F       [1]    ZH
0x0020       [1]    TWBR
0x0020       [0]    TWBR5_bit
0x0020       [0]    TWBR4_bit
0x0020       [0]    TWBR7_bit
0x0020       [0]    TWBR6_bit
0x0020       [0]    TWBR0_bit
0x0020       [0]    TWBR1_bit
0x0020       [0]    TWBR3_bit
0x0020       [0]    TWBR2_bit
0x0021       [1]    TWSR
0x0021       [0]    TWPS0_bit
0x0021       [0]    TWS5_bit
0x0021       [0]    TWS6_bit
0x0021       [0]    TWS7_bit
0x0021       [0]    TWS3_bit
0x0021       [0]    TWPS1_bit
0x0021       [0]    TWS4_bit
0x0022       [0]    TWA3_bit
0x0022       [0]    TWA4_bit
0x0022       [0]    TWA6_bit
0x0022       [0]    TWA5_bit
0x0022       [0]    TWGCE_bit
0x0022       [1]    TWAR
0x0022       [0]    TWA0_bit
0x0022       [0]    TWA2_bit
0x0022       [0]    TWA1_bit
0x0023       [0]    TWD1_bit
0x0023       [0]    TWD2_bit
0x0023       [1]    TWDR
0x0023       [0]    TWD0_bit
0x0023       [0]    TWD3_bit
0x0023       [0]    TWD6_bit
0x0023       [0]    TWD7_bit
0x0023       [0]    TWD4_bit
0x0023       [0]    TWD5_bit
0x0024       [0]    ADCL1_bit
0x0024       [0]    ADCL2_bit
0x0024       [1]    ADCL
0x0024       [0]    ADCL0_bit
0x0024       [0]    ADCL3_bit
0x0024       [0]    ADCL6_bit
0x0024       [0]    ADCL7_bit
0x0024       [0]    ADCL4_bit
0x0024       [0]    ADCL5_bit
0x0025       [0]    ADCH1_bit
0x0025       [0]    ADCH2_bit
0x0025       [1]    ADCH
0x0025       [0]    ADCH0_bit
0x0025       [0]    ADCH3_bit
0x0025       [0]    ADCH6_bit
0x0025       [0]    ADCH7_bit
0x0025       [0]    ADCH4_bit
0x0025       [0]    ADCH5_bit
0x0026       [0]    ADATE_bit
0x0026       [0]    ADIF_bit
0x0026       [0]    ADEN_bit
0x0026       [0]    ADSC_bit
0x0026       [0]    ADIE_bit
0x0026       [0]    ADPS0_bit
0x0026       [1]    ADCSRA
0x0026       [0]    ADPS2_bit
0x0026       [0]    ADPS1_bit
0x0027       [0]    MUX1_bit
0x0027       [0]    MUX2_bit
0x0027       [1]    ADMUX
0x0027       [0]    MUX0_bit
0x0027       [0]    MUX3_bit
0x0027       [0]    REFS0_bit
0x0027       [0]    REFS1_bit
0x0027       [0]    MUX4_bit
0x0027       [0]    ADLAR_bit
0x0028       [0]    ACIS1_bit
0x0028       [0]    ACD_bit
0x0028       [1]    ACSR
0x0028       [0]    ACIS0_bit
0x0028       [0]    ACBG_bit
0x0028       [0]    ACI_bit
0x0028       [0]    ACIE_bit
0x0028       [0]    ACIC_bit
0x0028       [0]    ACO_bit
0x0029       [0]    UBRR7_bit
0x0029       [0]    UBRR3_bit
0x0029       [0]    UBRR4_bit
0x0029       [0]    UBRR6_bit
0x0029       [0]    UBRR5_bit
0x0029       [0]    UBRR2_bit
0x0029       [0]    UBRR1_bit
0x0029       [0]    UBRR0_bit
0x0029       [1]    UBRRL
0x002A       [0]    RXCIE_bit
0x002A       [0]    TXCIE_bit
0x002A       [0]    RXB8_bit
0x002A       [0]    UCSZ2_bit
0x002A       [0]    TXB8_bit
0x002A       [1]    UCSR0B
0x002A       [1]    UCSRB
0x002A       [0]    TXEN_bit
0x002A       [0]    UDRIE_bit
0x002A       [0]    RXEN_bit
0x002B       [0]    UDRE_bit
0x002B       [0]    RXC_bit
0x002B       [0]    TXC0_bit
0x002B       [0]    TXC_bit
0x002B       [0]    RXC0_bit
0x002B       [0]    DOR_bit
0x002B       [0]    U2X_bit
0x002B       [0]    UPE_bit
0x002B       [0]    MPCM_bit
0x002B       [0]    UDRE0_bit
0x002B       [0]    FE_bit
0x002B       [1]    UCSRA
0x002C       [0]    UDR4_bit
0x002C       [0]    UDR3_bit
0x002C       [0]    UDR5_bit
0x002C       [0]    UDR7_bit
0x002C       [0]    UDR6_bit
0x002C       [1]    UDR
0x002C       [1]    UDR0
0x002C       [0]    UDR0__bit
0x002C       [0]    UDR2_bit
0x002C       [0]    UDR1_bit
0x002D       [0]    SPR1_bit
0x002D       [0]    CPHA_bit
0x002D       [1]    SPCR
0x002D       [0]    SPR0_bit
0x002D       [0]    CPOL_bit
0x002D       [0]    SPE_bit
0x002D       [0]    SPIE_bit
0x002D       [0]    MSTR_bit
0x002D       [0]    DORD_bit
0x002E       [0]    WCOL_bit
0x002E       [0]    SPIF_bit
0x002E       [1]    SPSR
0x002E       [0]    SPI2X_bit
0x002F       [0]    SPDR7_bit
0x002F       [0]    SPDR4_bit
0x002F       [0]    SPDR6_bit
0x002F       [0]    SPDR5_bit
0x002F       [0]    SPDR3_bit
0x002F       [0]    SPDR1_bit
0x002F       [0]    SPDR0_bit
0x002F       [1]    SPDR
0x002F       [0]    SPDR2_bit
0x0030       [0]    PIND3_bit
0x0030       [0]    PIND7_bit
0x0030       [0]    PIND2_bit
0x0030       [0]    PIND4_bit
0x0030       [0]    PIND5_bit
0x0030       [0]    PIND6_bit
0x0030       [0]    PIND1_bit
0x0030       [0]    PIND0_bit
0x0030       [1]    PIND
0x0031       [0]    DDD3_bit
0x0031       [0]    DDD0_bit
0x0031       [0]    DDD7_bit
0x0031       [1]    DDRD
0x0031       [0]    DDD6_bit
0x0031       [0]    DDD1_bit
0x0031       [0]    DDD2_bit
0x0031       [0]    DDD4_bit
0x0031       [0]    DDD5_bit
0x0032       [1]    PORTD
0x0032       [0]    PORTD3_bit
0x0032       [0]    PORTD2_bit
0x0032       [0]    PORTD1_bit
0x0032       [0]    PORTD0_bit
0x0032       [0]    PORTD6_bit
0x0032       [0]    PORTD7_bit
0x0032       [0]    PORTD5_bit
0x0032       [0]    PORTD4_bit
0x0033       [1]    PINC
0x0033       [0]    PINC0_bit
0x0033       [0]    PINC2_bit
0x0033       [0]    PINC3_bit
0x0033       [0]    PINC4_bit
0x0033       [0]    PINC1_bit
0x0033       [0]    PINC7_bit
0x0033       [0]    PINC6_bit
0x0033       [0]    PINC5_bit
0x0034       [0]    DDC0_bit
0x0034       [0]    LCD_D7_Direction
0x0034       [0]    DDC1_bit
0x0034       [0]    DDC2_bit
0x0034       [0]    DDC7_bit
0x0034       [0]    DDC6_bit
0x0034       [0]    DDC5_bit
0x0034       [0]    DDC3_bit
0x0034       [0]    DDC4_bit
0x0034       [0]    LCD_D6_Direction
0x0034       [0]    LCD_D4_Direction
0x0034       [0]    LCD_EN_Direction
0x0034       [0]    LCD_RS_Direction
0x0034       [0]    LCD_D5_Direction
0x0034       [1]    DDRC
0x0035       [1]    PORTC
0x0035       [0]    PORTC5_bit
0x0035       [0]    PORTC4_bit
0x0035       [0]    PORTC3_bit
0x0035       [0]    PORTC1_bit
0x0035       [0]    PORTC2_bit
0x0035       [0]    PORTC7_bit
0x0035       [0]    PORTC0_bit
0x0035       [0]    PORTC6_bit
0x0035       [0]    LCD_D4
0x0035       [0]    LCD_EN
0x0035       [0]    LCD_RS
0x0035       [0]    LCD_D7
0x0035       [0]    LCD_D6
0x0035       [0]    LCD_D5
0x0036       [0]    PINB4_bit
0x0036       [0]    PINB3_bit
0x0036       [0]    PINB5_bit
0x0036       [0]    PINB7_bit
0x0036       [0]    PINB6_bit
0x0036       [0]    PINB2_bit
0x0036       [0]    PINB0_bit
0x0036       [1]    PINB
0x0036       [0]    PINB1_bit
0x0037       [0]    DDB7_bit
0x0037       [0]    DDB1_bit
0x0037       [1]    DDRB
0x0037       [0]    DDB0_bit
0x0037       [0]    DDB2_bit
0x0037       [0]    DDB4_bit
0x0037       [0]    DDB5_bit
0x0037       [0]    DDB6_bit
0x0037       [0]    DDB3_bit
0x0038       [0]    PORTB5_bit
0x0038       [0]    PORTB4_bit
0x0038       [0]    PORTB7_bit
0x0038       [0]    PORTB6_bit
0x0038       [0]    PORTB2_bit
0x0038       [0]    PORTB3_bit
0x0038       [0]    PORTB1_bit
0x0038       [1]    PORTB
0x0038       [0]    PORTB0_bit
0x0039       [1]    PINA
0x0039       [0]    PINA3_bit
0x0039       [0]    PINA2_bit
0x0039       [0]    PINA7_bit
0x0039       [0]    PINA4_bit
0x0039       [0]    PINA5_bit
0x0039       [0]    PINA6_bit
0x0039       [0]    PINA1_bit
0x0039       [0]    PINA0_bit
0x003A       [0]    DDA3_bit
0x003A       [0]    DDA1_bit
0x003A       [0]    DDA2_bit
0x003A       [0]    DDA0_bit
0x003A       [0]    DDA4_bit
0x003A       [0]    DDA7_bit
0x003A       [0]    DDA5_bit
0x003A       [1]    DDRA
0x003A       [0]    DDA6_bit
0x003B       [0]    PORTA7_bit
0x003B       [0]    PORTA4_bit
0x003B       [0]    PORTA5_bit
0x003B       [0]    PORTA6_bit
0x003B       [1]    PORTA
0x003B       [0]    PORTA0_bit
0x003B       [0]    PORTA1_bit
0x003B       [0]    PORTA3_bit
0x003B       [0]    PORTA2_bit
0x003C       [1]    EECR
0x003C       [0]    EERIE_bit
0x003C       [0]    EEMWE_bit
0x003C       [0]    EERE_bit
0x003C       [0]    EEWE_bit
0x003D       [0]    EEDR2_bit
0x003D       [0]    EEDR3_bit
0x003D       [0]    EEDR1_bit
0x003D       [1]    EEDR
0x003D       [0]    EEDR0_bit
0x003D       [0]    EEDR6_bit
0x003D       [0]    EEDR7_bit
0x003D       [0]    EEDR5_bit
0x003D       [0]    EEDR4_bit
0x003E       [0]    EEAR3_bit
0x003E       [0]    EEAR5_bit
0x003E       [0]    EEAR4_bit
0x003E       [0]    EEAR2_bit
0x003E       [0]    EEAR0_bit
0x003E       [0]    EEAR1_bit
0x003E       [1]    EEARL
0x003E       [0]    EEAR7_bit
0x003E       [0]    EEAR6_bit
0x003F       [1]    EEARH
0x003F       [0]    EEAR8_bit
0x0040       [0]    UCSZ1_bit
0x0040       [0]    USBS_bit
0x0040       [0]    UPM0_bit
0x0040       [0]    UPM1_bit
0x0040       [0]    URSEL_bit
0x0040       [0]    UMSEL_bit
0x0040       [0]    UCSZ0_bit
0x0040       [0]    UBRR11_bit
0x0040       [1]    UCSR0C
0x0040       [0]    UBRR10_bit
0x0040       [0]    UBRR9_bit
0x0040       [1]    UBRRH
0x0040       [0]    UCPOL_bit
0x0040       [1]    UCSRC
0x0040       [0]    UBRR8_bit
0x0041       [0]    WDTOE_bit
0x0041       [1]    WDTCR
0x0041       [0]    WDP0_bit
0x0041       [0]    WDP1_bit
0x0041       [0]    WDE_bit
0x0041       [0]    WDP2_bit
0x0042       [0]    TCN2UB_bit
0x0042       [1]    ASSR
0x0042       [0]    AS2_bit
0x0042       [0]    TCR2UB_bit
0x0042       [0]    OCR2UB_bit
0x0043       [0]    OCR2_5_bit
0x0043       [0]    OCR2_7_bit
0x0043       [0]    OCR2_2_bit
0x0043       [0]    OCR2_4_bit
0x0043       [0]    OCR2_1_bit
0x0043       [0]    OCR2_6_bit
0x0043       [0]    OCR2_3_bit
0x0043       [1]    OCR2
0x0043       [0]    OCR2_0_bit
0x0044       [0]    TCNT2_2_bit
0x0044       [0]    TCNT2_7_bit
0x0044       [0]    TCNT2_0_bit
0x0044       [0]    TCNT2_1_bit
0x0044       [0]    TCNT2_6_bit
0x0044       [0]    TCNT2_5_bit
0x0044       [0]    TCNT2_3_bit
0x0044       [0]    TCNT2_4_bit
0x0044       [1]    TCNT2
0x0045       [1]    TCCR2
0x0045       [0]    CS20_bit
0x0045       [0]    COM21_bit
0x0045       [0]    CS22_bit
0x0045       [0]    WGM21_bit
0x0045       [0]    CS21_bit
0x0045       [0]    FOC2_bit
0x0045       [0]    WGM20_bit
0x0045       [0]    COM20_bit
0x0046       [0]    ICR1L4_bit
0x0046       [1]    ICR1L
0x0046       [0]    ICR1L3_bit
0x0046       [0]    ICR1L5_bit
0x0046       [0]    ICR1L1_bit
0x0046       [0]    ICR1L7_bit
0x0046       [0]    ICR1L6_bit
0x0046       [0]    ICR1L2_bit
0x0046       [0]    ICR1L0_bit
0x0047       [0]    ICR1H2_bit
0x0047       [0]    ICR1H7_bit
0x0047       [1]    ICR1H
0x0047       [0]    ICR1H1_bit
0x0047       [0]    ICR1H0_bit
0x0047       [0]    ICR1H4_bit
0x0047       [0]    ICR1H5_bit
0x0047       [0]    ICR1H6_bit
0x0047       [0]    ICR1H3_bit
0x0048       [0]    OCR1BL7_bit
0x0048       [0]    OCR1BL5_bit
0x0048       [0]    OCR1BL3_bit
0x0048       [0]    OCR1BL6_bit
0x0048       [0]    OCR1BL2_bit
0x0048       [1]    OCR1BL
0x0048       [0]    OCR1BL1_bit
0x0048       [0]    OCR1BL4_bit
0x0048       [0]    OCR1BL0_bit
0x0049       [0]    OCR1BH0_bit
0x0049       [0]    OCR1BH2_bit
0x0049       [0]    OCR1BH6_bit
0x0049       [0]    OCR1BH5_bit
0x0049       [0]    OCR1BH4_bit
0x0049       [0]    OCR1BH3_bit
0x0049       [1]    OCR1BH
0x0049       [0]    OCR1BH7_bit
0x0049       [0]    OCR1BH1_bit
0x004A       [1]    OCR1AL
0x004A       [0]    OCR1AL0_bit
0x004A       [0]    OCR1AL3_bit
0x004A       [0]    OCR1AL5_bit
0x004A       [0]    OCR1AL7_bit
0x004A       [0]    OCR1AL1_bit
0x004A       [0]    OCR1AL4_bit
0x004A       [0]    OCR1AL2_bit
0x004A       [0]    OCR1AL6_bit
0x004B       [0]    OCR1AH3_bit
0x004B       [0]    OCR1AH4_bit
0x004B       [0]    OCR1AH2_bit
0x004B       [0]    OCR1AH1_bit
0x004B       [0]    OCR1AH7_bit
0x004B       [0]    OCR1AH6_bit
0x004B       [1]    OCR1AH
0x004B       [0]    OCR1AH0_bit
0x004B       [0]    OCR1AH5_bit
0x004C       [0]    TCNT1L3_bit
0x004C       [0]    TCNT1L4_bit
0x004C       [0]    TCNT1L5_bit
0x004C       [0]    TCNT1L0_bit
0x004C       [0]    TCNT1L2_bit
0x004C       [0]    TCNT1L7_bit
0x004C       [0]    TCNT1L1_bit
0x004C       [1]    TCNT1L
0x004C       [0]    TCNT1L6_bit
0x004D       [0]    TCNT1H6_bit
0x004D       [0]    TCNT1H5_bit
0x004D       [0]    TCNT1H7_bit
0x004D       [0]    TCNT1H1_bit
0x004D       [1]    TCNT1H
0x004D       [0]    TCNT1H0_bit
0x004D       [0]    TCNT1H2_bit
0x004D       [0]    TCNT1H4_bit
0x004D       [0]    TCNT1H3_bit
0x004E       [0]    WGM13_bit
0x004E       [0]    CS12_bit
0x004E       [0]    CS11_bit
0x004E       [0]    CS10_bit
0x004E       [1]    TCCR1B
0x004E       [0]    ICNC1_bit
0x004E       [0]    ICES1_bit
0x004E       [0]    WGM12_bit
0x004F       [0]    COM1A0_bit
0x004F       [0]    FOC1A_bit
0x004F       [0]    WGM10_bit
0x004F       [0]    COM1B0_bit
0x004F       [0]    FOC1B_bit
0x004F       [0]    COM1B1_bit
0x004F       [1]    TCCR1A
0x004F       [0]    COM1A1_bit
0x004F       [0]    WGM11_bit
0x0050       [0]    ADTS1_bit
0x0050       [0]    PUD_bit
0x0050       [0]    ADTS0_bit
0x0050       [1]    SFIOR
0x0050       [0]    PSR10_bit
0x0050       [0]    PSR2_bit
0x0050       [0]    ACME_bit
0x0050       [0]    ADTS2_bit
0x0051       [0]    OCDR1_bit
0x0051       [0]    OCDR0_bit
0x0051       [0]    CAL2_bit
0x0051       [0]    OCDR3_bit
0x0051       [0]    OCDR2_bit
0x0051       [0]    CAL1_bit
0x0051       [0]    CAL4_bit
0x0051       [0]    CAL6_bit
0x0051       [0]    CAL5_bit
0x0051       [1]    OCDR
0x0051       [0]    CAL7_bit
0x0051       [0]    CAL3_bit
0x0051       [0]    OCDR7_bit
0x0051       [1]    OSCCAL
0x0051       [0]    OCDR5_bit
0x0051       [0]    OCDR6_bit
0x0051       [0]    CAL0_bit
0x0051       [0]    OCDR4_bit
0x0052       [0]    TCNT0_3_bit
0x0052       [0]    TCNT0_4_bit
0x0052       [0]    TCNT0_5_bit
0x0052       [0]    TCNT0_6_bit
0x0052       [0]    TCNT0_7_bit
0x0052       [1]    TCNT0
0x0052       [0]    TCNT0_0_bit
0x0052       [0]    TCNT0_1_bit
0x0052       [0]    TCNT0_2_bit
0x0053       [0]    WGM00_bit
0x0053       [0]    COM01_bit
0x0053       [0]    FOC0_bit
0x0053       [0]    COM00_bit
0x0053       [0]    CS01_bit
0x0053       [0]    CS00_bit
0x0053       [1]    TCCR0
0x0053       [0]    WGM01_bit
0x0053       [0]    CS02_bit
0x0054       [0]    EXTRF_bit
0x0054       [0]    BORF_bit
0x0054       [0]    WDRF_bit
0x0054       [0]    ISC2_bit
0x0054       [1]    MCUCSR
0x0054       [0]    PORF_bit
0x0054       [0]    JTRF_bit
0x0054       [0]    JTD_bit
0x0055       [0]    SM2_bit
0x0055       [0]    SE_bit
0x0055       [0]    ISC10_bit
0x0055       [0]    ISC11_bit
0x0055       [0]    ISC00_bit
0x0055       [1]    MCUCR
0x0055       [0]    ISC01_bit
0x0055       [0]    SM0_bit
0x0055       [0]    SM1_bit
0x0056       [0]    TWEN_bit
0x0056       [0]    TWWC_bit
0x0056       [1]    TWCR
0x0056       [0]    TWIE_bit
0x0056       [0]    TWEA_bit
0x0056       [0]    TWINT_bit
0x0056       [0]    TWSTA_bit
0x0056       [0]    TWSTO_bit
0x0057       [0]    PGERS_bit
0x0057       [0]    PGWRT_bit
0x0057       [1]    SPMCSR
0x0057       [0]    SPMEN_bit
0x0057       [0]    BLBSET_bit
0x0057       [0]    SPMIE_bit
0x0057       [0]    RWWSB_bit
0x0057       [0]    RWWSRE_bit
0x0058       [0]    TOV1_bit
0x0058       [0]    OCF1B_bit
0x0058       [0]    OCF0_bit
0x0058       [1]    TIFR
0x0058       [0]    TOV0_bit
0x0058       [0]    TOV2_bit
0x0058       [0]    OCF2_bit
0x0058       [0]    OCF1A_bit
0x0058       [0]    ICF1_bit
0x0059       [0]    TOIE1_bit
0x0059       [0]    OCIE1B_bit
0x0059       [0]    OCIE0_bit
0x0059       [1]    TIMSK
0x0059       [0]    TOIE0_bit
0x0059       [0]    TOIE2_bit
0x0059       [0]    OCIE2_bit
0x0059       [0]    OCIE1A_bit
0x0059       [0]    TICIE1_bit
0x005A       [0]    INTF2_bit
0x005A       [1]    GIFR
0x005A       [0]    INTF0_bit
0x005A       [0]    INTF1_bit
0x005B       [0]    IVSEL_bit
0x005B       [0]    IVCE_bit
0x005B       [1]    GICR
0x005B       [0]    INT1_bit
0x005B       [0]    INT0_bit
0x005B       [0]    INT2_bit
0x005C       [0]    OCR0_4_bit
0x005C       [0]    OCR0_3_bit
0x005C       [0]    OCR0_5_bit
0x005C       [0]    OCR0_7_bit
0x005C       [0]    OCR0_6_bit
0x005C       [0]    OCR0_0_bit
0x005C       [1]    OCR0
0x005C       [0]    OCR0_2_bit
0x005C       [0]    OCR0_1_bit
0x005D       [0]    SP2_bit
0x005D       [0]    SP3_bit
0x005D       [0]    SP4_bit
0x005D       [1]    SPL
0x005D       [0]    SP0_bit
0x005D       [0]    SP1_bit
0x005D       [0]    SP6_bit
0x005D       [0]    SP7_bit
0x005D       [0]    SP5_bit
0x005E       [0]    SP14_bit
0x005E       [1]    SPH
0x005E       [0]    SP13_bit
0x005E       [0]    SP12_bit
0x005E       [0]    SP8_bit
0x005E       [0]    SP9_bit
0x005E       [0]    SP11_bit
0x005E       [0]    SP10_bit
0x005E       [0]    SP15_bit
0x005F       [0]    SREG_N_bit
0x005F       [0]    SREG_T_bit
0x005F       [0]    SREG_I_bit
0x005F       [0]    SREG_V_bit
0x005F       [0]    SREG_H_bit
0x005F       [0]    SREG_C_bit
0x005F       [1]    SREG
0x005F       [0]    SREG_S_bit
0x005F       [0]    SREG_Z_bit
0x0060      [11]    _arr
0x006B       [7]    ?lstr2_lm35
0x0072      [12]    ?lstr1_lm35
0x007E       [2]    _ADC_Get_Sample_Ptr
0x0080       [0]    __Lib_Lcd_cmd_status
//** Constants locations ** 
//ADDRESS    SIZE    CONSTANT
//----------------------------------------------
0x07FE      [11]    ?ICS_arr
0x0809       [7]    ?ICS?lstr2_lm35
0x0810      [12]    ?ICS?lstr1_lm35
//** Label List: ** 
//----------------------------------------------
  L_main0
  L_main1
  L_end_main
  _main
  L__main_end_loop
  L_ADC_Get_Sample0
  L_ADC_Get_Sample1
  L_end_ADC_Init
  _ADC_Init
  L_end_ADC_Get_Sample
  _ADC_Get_Sample
  L_end_ADC_Read
  _ADC_Read
  L_end___Lib_ADC___?ag
  __Lib_ADC____?ag
  L_Delay_1us0
  L_Delay_10us2
  L_Delay_22us4
  L_Delay_50us6
  L_Delay_80us8
  L_Delay_500us10
  L_Delay_5500us12
  L_Delay_1ms14
  L_Delay_5ms16
  L_Delay_8ms18
  L_Delay_100ms20
  L_Delay_10ms22
  L_Delay_1sec24
  L_Delay_Cyc26
  L_Delay_Cyc27
  L_VDelay_ms28
  L_VDelay_ms29
  L_VDelay_Advanced_ms30
  L_VDelay_Advanced_ms31
  L_end_Get_Fosc_kHz
  _Get_Fosc_kHz
  L_end_Delay_1us
  _Delay_1us
  L_end_Delay_10us
  _Delay_10us
  L_end_Delay_22us
  _Delay_22us
  L_end_Delay_50us
  _Delay_50us
  L_end_Delay_80us
  _Delay_80us
  L_end_Delay_500us
  _Delay_500us
  L_end_Delay_5500us
  _Delay_5500us
  L_end_Delay_1ms
  _Delay_1ms
  L_end_Delay_5ms
  _Delay_5ms
  L_end_Delay_8ms
  _Delay_8ms
  L_end_Delay_100ms
  _Delay_100ms
  L_end_Delay_10ms
  _Delay_10ms
  L_end_Delay_1sec
  _Delay_1sec
  L_end_Delay_Cyc
  _Delay_Cyc
  L__Delay_Cyc47
  L_end_VDelay_ms
  _VDelay_ms
  L__VDelay_ms49
  L__VDelay_ms50
  L__VDelay_ms51
  L_end_VDelay_Advanced_ms
  _VDelay_Advanced_ms
  L__VDelay_Advanced_ms53
  L__VDelay_Advanced_ms54
  L__VDelay_Advanced_ms55
  L_end___Lib_Delays___?ag
  __Lib_Delays____?ag
  L_Lcd_Cmd0
  L_Lcd_Cmd1
  L_Lcd_Out_CP2
  L_Lcd_Out_CP3
  L_Lcd_Chr4
  L_Lcd_Chr5
  L_Lcd_Chr6
  L_Lcd_Chr7
  L_Lcd_Chr8
  L_Lcd_Chr9
  L_Lcd_Chr10
  L_Lcd_Out11
  L_Lcd_Out12
  L_Lcd_Out13
  L_Lcd_Out14
  L_Lcd_Out15
  L_Lcd_Out16
  L_Lcd_Out17
  L_Lcd_Out18
  L_Lcd_Out19
  L_end_Lcd_Cmd
  _Lcd_Cmd
  L__Lcd_Cmd21
  L__Lcd_Cmd22
  L__Lcd_Cmd23
  L__Lcd_Cmd24
  L_end_Lcd_Chr_CP
  _Lcd_Chr_CP
  L_end_Lcd_Out_CP
  _Lcd_Out_CP
  L__Lcd_Out_CP27
  L_end_Lcd_Chr
  _Lcd_Chr
  L__Lcd_Chr29
  L__Lcd_Chr30
  L__Lcd_Chr31
  L__Lcd_Chr32
  L_end_Lcd_Init
  _Lcd_Init
  L_end_Lcd_Out
  _Lcd_Out
  L__Lcd_Out35
  L__Lcd_Out36
  L__Lcd_Out37
  L__Lcd_Out38
  L__Lcd_Out39
  L_end___Lib_Lcd___?ag
  __Lib_Lcd____?ag
  L_end___Lib_LcdConsts___?ag
  __Lib_LcdConsts____?ag
  Mul_8x8_U_L1
  Mul_8x8_U_L2
  Mul_16x16_L1
  Mul_16x16_L2
  Mul_16x16_L3
  Mul_32x32_L1
  Mul_32x32_L2
  Mul_32x32_L3
  Div_8x8_U_L2
  Div_8x8_U_L1
  Div_16x16_S_L3
  Div_16x16_S_L1
  Div_16x16_S_L4
  Div_16x16_S_L2
  Div_16x16_S_L6
  Div_16x16_S_L5
  Div_16x16_U_L2
  Div_16x16_U_L1
  Div_32x32_U_L2
  Div_32x32_U_L1
  Div_32x32_S_L3
  Div_32x32_S_L1
  Div_32x32_S_L4
  Div_32x32_S_L2
  Div_32x32_S_L6
  Div_32x32_S_L5
  L_end_Mul_8x8_U
  _Mul_8x8_U
  L_end_Mul_16x16
  _Mul_16x16
  L_end_Mul_32x32
  _Mul_32x32
  L_end_Div_8x8_U
  _Div_8x8_U
  L_end_Div_16x16_S
  _Div_16x16_S
  L_end_Div_16x16_U
  _Div_16x16_U
  L_end_Div_32x32_U
  _Div_32x32_U
  L_end_Div_32x32_S
  _Div_32x32_S
  L_end_HWMul_16x16
  _HWMul_16x16
  L_end_HWMul_32x32
  _HWMul_32x32
  L_end___Lib_Math___?ag
  __Lib_Math____?ag
  L015C
  L01A7
  L0196
  L0178
  L0184
  L0197
  L0187
  L019C
  L0192
  L0196x
  L00FC
  L016E
  L016Ex
  L0154
  L0153
  L0077
  L0073
  L0072int
  L006A
  L0068
  L0063
  L006B
  L007A
  L008A
  L00CC
  L0098
  L00D6
  L00B4
  L00AC
  L00A5
  L00AE
  L00BB
  L00C4
  L00C7
  L00CA
  L00C9
  L00D6x
  L0097
  L009B
  L00A0mul
  L0083
  L0090
  L00A0x
  L0072div
  L00C2
  L00AB
  L00B1
  L00BD
  L0092
  L00A0div
  L00A4
  L00A6
  L00C2x
  L011A
  L0118
  L011Aexit
  op_equ_false
  op_equ_exit
  op_diff_false
  op_diff_exit
  op_gequ_false
  op_gequ_exit
  op_big_false
  op_big_exit
  op_less_false
  op_less_exit
  op_lequ_false
  op_lequ_exit
  L_end_float_neg32
  _float_neg32
  L_end_float_tstr16_r19
  _float_tstr16_r19
  L_end_float_pack
  _float_pack
  L_end_float_normalize_and_pack
  _float_normalize_and_pack
  L_end_float_long2fp
  _float_long2fp
  L_end_float_slong2fp
  _float_slong2fp
  L_end_float_ulong2fp
  _float_ulong2fp
  L_end_float_int2fp
  _float_int2fp
  L_end_float_unpacku
  _float_unpacku
  L_end_float_unpacks
  _float_unpacks
  L_end_float_fpint
  _float_fpint
  L_end_float_fpadd_alt
  _float_fpadd_alt
  L_end_float_fpadd
  _float_fpadd
  L_end_float_fpadd1
  _float_fpadd1
  L_end_float_fpsub
  _float_fpsub
  L_end_float_fpsub1
  _float_fpsub1
  L_end_float_fpmul
  _float_fpmul
  L_end_float_fpmul1
  _float_fpmul1
  L_end_float_fpdiv
  _float_fpdiv
  L_end_float_fpdiv1
  _float_fpdiv1
  L_end_float_fpcmp
  _float_fpcmp
  L_end_float_fpcmp1
  _float_fpcmp1
  L_end_float_op_equ
  _float_op_equ
  L_end_float_op_diff
  _float_op_diff
  L_end_float_op_gequ
  _float_op_gequ
  L_end_float_op_big
  _float_op_big
  L_end_float_op_less
  _float_op_less
  L_end_float_op_lequ
  _float_op_lequ
  L_end___Lib_MathDouble___?ag
  __Lib_MathDouble____?ag
  L_loopDW
  L_loopCA2A
  L_loopCCA2A
  L_loopCFCA2A
  L_loopCS2Ss
  l_CS2Send
  L_loopCCS2Ss
  l_CCS2Send
  L_loopCFCS2Ss
  l_CFCS2Send
  L_loopFZinSWs
  L_end___CC2DW
  ___CC2DW
  L_end___CA2AW
  ___CA2AW
  L_end___CCA2AW
  ___CCA2AW
  L_end___CFCA2A
  ___CFCA2A
  L_end___CS2S
  ___CS2S
  L_end___CCS2S
  ___CCS2S
  L_end___CFCS2S
  ___CFCS2S
  L_end___FZinS
  ___FZinS
  L_end___Lib_System___?ag
  __Lib_System____?ag
