;  LST file generated by mikroListExporter - v.2.0 
; Date/Time: 5/10/2017 3:04:28 PM
;----------------------------------------------

;Address Opcode 	ASM
0x0000	0x002A940C  	JMP        _main
0x0004	0x0000940C  	JMP        0
0x0008	0x0000940C  	JMP        0
0x000C	0x0000940C  	JMP        0
0x0010	0x0000940C  	JMP        0
0x0014	0x0000940C  	JMP        0
0x0018	0x0000940C  	JMP        0
0x001C	0x0000940C  	JMP        0
0x0020	0x0000940C  	JMP        0
0x0024	0x0000940C  	JMP        0
0x0028	0x0000940C  	JMP        0
0x002C	0x0000940C  	JMP        0
0x0030	0x0000940C  	JMP        0
0x0034	0x0000940C  	JMP        0
0x0038	0x0000940C  	JMP        0
0x003C	0x0000940C  	JMP        0
0x0040	0x0000940C  	JMP        0
0x0044	0x0000940C  	JMP        0
0x0048	0x0000940C  	JMP        0
0x004C	0x0000940C  	JMP        0
0x0050	0x0000940C  	JMP        0
_main:
0x0054	0xE5BF    	LDI        R27, 95
0x0056	0xBFBD    	OUT        SPL+0, R27
0x0058	0xE0B4    	LDI        R27, 4
0x005A	0xBFBE    	OUT        SPL+1, R27
;relay.c,5 :: 		void main()
;relay.c,8 :: 		load1_dir = 1;
0x005C	0xB3B4    	IN         R27, DDC0_bit+0
0x005E	0x60B1    	SBR        R27, 1
0x0060	0xBBB4    	OUT        DDC0_bit+0, R27
;relay.c,10 :: 		while(1)
L_main0:
;relay.c,12 :: 		load1 = 1;
0x0062	0xB3B5    	IN         R27, PORTC0_bit+0
0x0064	0x60B1    	SBR        R27, 1
0x0066	0xBBB5    	OUT        PORTC0_bit+0, R27
;relay.c,13 :: 		delay_ms(1000);
0x0068	0xE522    	LDI        R18, 82
0x006A	0xE21B    	LDI        R17, 43
0x006C	0xE000    	LDI        R16, 0
L_main2:
0x006E	0x950A    	DEC        R16
0x0070	0xF7F1    	BRNE       L_main2
0x0072	0x951A    	DEC        R17
0x0074	0xF7E1    	BRNE       L_main2
0x0076	0x952A    	DEC        R18
0x0078	0xF7D1    	BRNE       L_main2
0x007A	0x0000    	NOP
0x007C	0x0000    	NOP
0x007E	0x0000    	NOP
0x0080	0x0000    	NOP
;relay.c,14 :: 		load1 = 0;
0x0082	0xB3B5    	IN         R27, PORTC0_bit+0
0x0084	0x7FBE    	CBR        R27, 1
0x0086	0xBBB5    	OUT        PORTC0_bit+0, R27
;relay.c,15 :: 		delay_ms(1000);
0x0088	0xE522    	LDI        R18, 82
0x008A	0xE21B    	LDI        R17, 43
0x008C	0xE000    	LDI        R16, 0
L_main4:
0x008E	0x950A    	DEC        R16
0x0090	0xF7F1    	BRNE       L_main4
0x0092	0x951A    	DEC        R17
0x0094	0xF7E1    	BRNE       L_main4
0x0096	0x952A    	DEC        R18
0x0098	0xF7D1    	BRNE       L_main4
0x009A	0x0000    	NOP
0x009C	0x0000    	NOP
0x009E	0x0000    	NOP
0x00A0	0x0000    	NOP
;relay.c,16 :: 		}
0x00A2	0xCFDF    	RJMP       L_main0
;relay.c,18 :: 		}
L_end_main:
L__main_end_loop:
0x00A4	0xCFFF    	RJMP       L__main_end_loop
; end of _main
Symbol List:
//** Routines locations **
//ADDRESS    SIZE    PROCEDURE
//----------------------------------------------
0x002A      [41]    _main
//** Variables locations ** 
//ADDRESS    SIZE    VARIABLE
//----------------------------------------------
0x0000       [1]    Delay_Cyc_loc_L0
0x0000       [1]    R0
0x0001       [1]    R1
0x0002       [1]    FARG_Delay_Cyc_cycles_div_by_10
0x0002       [1]    R2
0x0002       [2]    FARG_VDelay_Advanced_ms_Time_ms
0x0002       [2]    FARG_VDelay_ms_Time_ms
0x0003       [1]    R3
0x0004       [2]    FARG_VDelay_Advanced_ms_Current_Fosc_kHz
0x0004       [1]    R4
0x0005       [1]    R5
0x0006       [1]    R6
0x0007       [1]    R7
0x0008       [1]    R8
0x0009       [1]    R9
0x000A       [1]    R10
0x000B       [1]    R11
0x000C       [1]    R12
0x000D       [1]    R13
0x000E       [1]    R14
0x000F       [1]    R15
0x0010       [1]    R16
0x0011       [1]    R17
0x0012       [1]    R18
0x0013       [1]    R19
0x0014       [1]    R20
0x0015       [1]    R21
0x0016       [1]    R22
0x0017       [1]    R23
0x0018       [1]    R24
0x0019       [1]    R25
0x001A       [1]    XL
0x001A       [2]    X
0x001A       [1]    R26
0x001B       [1]    R27
0x001B       [1]    XH
0x001C       [2]    Y
0x001C       [1]    YL
0x001C       [1]    R28
0x001D       [1]    R29
0x001D       [1]    YH
0x001E       [1]    ZL
0x001E       [2]    Z
0x001E       [1]    R30
0x001F       [1]    ZH
0x001F       [1]    R31
0x0020       [0]    TWBR3_bit
0x0020       [0]    TWBR6_bit
0x0020       [0]    TWBR7_bit
0x0020       [1]    TWBR
0x0020       [0]    TWBR4_bit
0x0020       [0]    TWBR2_bit
0x0020       [0]    TWBR1_bit
0x0020       [0]    TWBR5_bit
0x0020       [0]    TWBR0_bit
0x0021       [0]    TWS5_bit
0x0021       [0]    TWPS1_bit
0x0021       [0]    TWS6_bit
0x0021       [0]    TWS7_bit
0x0021       [0]    TWPS0_bit
0x0021       [0]    TWS3_bit
0x0021       [0]    TWS4_bit
0x0021       [1]    TWSR
0x0022       [0]    TWA3_bit
0x0022       [0]    TWA0_bit
0x0022       [1]    TWAR
0x0022       [0]    TWA1_bit
0x0022       [0]    TWA2_bit
0x0022       [0]    TWGCE_bit
0x0022       [0]    TWA4_bit
0x0022       [0]    TWA6_bit
0x0022       [0]    TWA5_bit
0x0023       [0]    TWD7_bit
0x0023       [0]    TWD0_bit
0x0023       [0]    TWD1_bit
0x0023       [0]    TWD3_bit
0x0023       [0]    TWD2_bit
0x0023       [1]    TWDR
0x0023       [0]    TWD6_bit
0x0023       [0]    TWD5_bit
0x0023       [0]    TWD4_bit
0x0024       [0]    ADCL5_bit
0x0024       [0]    ADCL0_bit
0x0024       [0]    ADCL3_bit
0x0024       [0]    ADCL4_bit
0x0024       [0]    ADCL6_bit
0x0024       [0]    ADCL1_bit
0x0024       [0]    ADCL2_bit
0x0024       [1]    ADCL
0x0024       [0]    ADCL7_bit
0x0025       [1]    ADCH
0x0025       [0]    ADCH7_bit
0x0025       [0]    ADCH4_bit
0x0025       [0]    ADCH6_bit
0x0025       [0]    ADCH0_bit
0x0025       [0]    ADCH5_bit
0x0025       [0]    ADCH2_bit
0x0025       [0]    ADCH1_bit
0x0025       [0]    ADCH3_bit
0x0026       [0]    ADSC_bit
0x0026       [0]    ADATE_bit
0x0026       [0]    ADPS1_bit
0x0026       [0]    ADPS0_bit
0x0026       [1]    ADCSRA
0x0026       [0]    ADIF_bit
0x0026       [0]    ADIE_bit
0x0026       [0]    ADPS2_bit
0x0026       [0]    ADEN_bit
0x0027       [0]    MUX4_bit
0x0027       [0]    MUX1_bit
0x0027       [0]    MUX2_bit
0x0027       [0]    MUX3_bit
0x0027       [0]    ADLAR_bit
0x0027       [0]    REFS1_bit
0x0027       [0]    MUX0_bit
0x0027       [1]    ADMUX
0x0027       [0]    REFS0_bit
0x0028       [0]    ACI_bit
0x0028       [0]    ACO_bit
0x0028       [0]    ACIE_bit
0x0028       [0]    ACIS0_bit
0x0028       [1]    ACSR
0x0028       [0]    ACD_bit
0x0028       [0]    ACIS1_bit
0x0028       [0]    ACIC_bit
0x0028       [0]    ACBG_bit
0x0029       [0]    UBRR4_bit
0x0029       [1]    UBRRL
0x0029       [0]    UBRR1_bit
0x0029       [0]    UBRR3_bit
0x0029       [0]    UBRR5_bit
0x0029       [0]    UBRR7_bit
0x0029       [0]    UBRR6_bit
0x0029       [0]    UBRR2_bit
0x0029       [0]    UBRR0_bit
0x002A       [0]    TXB8_bit
0x002A       [0]    RXB8_bit
0x002A       [0]    TXEN_bit
0x002A       [0]    TXCIE_bit
0x002A       [1]    UCSRB
0x002A       [1]    UCSR0B
0x002A       [0]    RXCIE_bit
0x002A       [0]    UCSZ2_bit
0x002A       [0]    RXEN_bit
0x002A       [0]    UDRIE_bit
0x002B       [0]    DOR_bit
0x002B       [0]    TXC0_bit
0x002B       [0]    MPCM_bit
0x002B       [0]    UPE_bit
0x002B       [0]    UDRE_bit
0x002B       [1]    UCSRA
0x002B       [0]    U2X_bit
0x002B       [0]    FE_bit
0x002B       [0]    UDRE0_bit
0x002B       [0]    RXC0_bit
0x002B       [0]    TXC_bit
0x002B       [0]    RXC_bit
0x002C       [0]    UDR1_bit
0x002C       [0]    UDR2_bit
0x002C       [1]    UDR
0x002C       [0]    UDR0__bit
0x002C       [1]    UDR0
0x002C       [0]    UDR4_bit
0x002C       [0]    UDR3_bit
0x002C       [0]    UDR5_bit
0x002C       [0]    UDR7_bit
0x002C       [0]    UDR6_bit
0x002D       [0]    SPE_bit
0x002D       [0]    CPOL_bit
0x002D       [1]    SPCR
0x002D       [0]    MSTR_bit
0x002D       [0]    CPHA_bit
0x002D       [0]    DORD_bit
0x002D       [0]    SPR0_bit
0x002D       [0]    SPIE_bit
0x002D       [0]    SPR1_bit
0x002E       [0]    WCOL_bit
0x002E       [0]    SPI2X_bit
0x002E       [0]    SPIF_bit
0x002E       [1]    SPSR
0x002F       [0]    SPDR5_bit
0x002F       [0]    SPDR6_bit
0x002F       [0]    SPDR0_bit
0x002F       [1]    SPDR
0x002F       [0]    SPDR2_bit
0x002F       [0]    SPDR4_bit
0x002F       [0]    SPDR3_bit
0x002F       [0]    SPDR1_bit
0x002F       [0]    SPDR7_bit
0x0030       [0]    PIND2_bit
0x0030       [0]    PIND3_bit
0x0030       [0]    PIND4_bit
0x0030       [0]    PIND7_bit
0x0030       [1]    PIND
0x0030       [0]    PIND6_bit
0x0030       [0]    PIND0_bit
0x0030       [0]    PIND5_bit
0x0030       [0]    PIND1_bit
0x0031       [0]    DDD3_bit
0x0031       [0]    DDD2_bit
0x0031       [0]    DDD5_bit
0x0031       [1]    DDRD
0x0031       [0]    DDD4_bit
0x0031       [0]    DDD0_bit
0x0031       [0]    DDD7_bit
0x0031       [0]    DDD1_bit
0x0031       [0]    DDD6_bit
0x0032       [0]    PORTD1_bit
0x0032       [0]    PORTD5_bit
0x0032       [0]    PORTD6_bit
0x0032       [0]    PORTD4_bit
0x0032       [0]    PORTD2_bit
0x0032       [0]    PORTD3_bit
0x0032       [0]    PORTD7_bit
0x0032       [1]    PORTD
0x0032       [0]    PORTD0_bit
0x0033       [0]    PINC3_bit
0x0033       [0]    PINC0_bit
0x0033       [0]    PINC2_bit
0x0033       [0]    PINC1_bit
0x0033       [0]    PINC4_bit
0x0033       [0]    PINC6_bit
0x0033       [0]    PINC7_bit
0x0033       [1]    PINC
0x0033       [0]    PINC5_bit
0x0034       [0]    DDC2_bit
0x0034       [0]    DDC3_bit
0x0034       [0]    DDC1_bit
0x0034       [1]    DDRC
0x0034       [0]    DDC0_bit
0x0034       [0]    DDC7_bit
0x0034       [0]    load1_dir
0x0034       [0]    DDC6_bit
0x0034       [0]    DDC4_bit
0x0034       [0]    DDC5_bit
0x0035       [0]    PORTC2_bit
0x0035       [0]    PORTC3_bit
0x0035       [0]    PORTC1_bit
0x0035       [1]    PORTC
0x0035       [0]    PORTC0_bit
0x0035       [0]    PORTC7_bit
0x0035       [0]    load1
0x0035       [0]    PORTC6_bit
0x0035       [0]    PORTC4_bit
0x0035       [0]    PORTC5_bit
0x0036       [0]    PINB1_bit
0x0036       [0]    PINB2_bit
0x0036       [1]    PINB
0x0036       [0]    PINB0_bit
0x0036       [0]    PINB3_bit
0x0036       [0]    PINB6_bit
0x0036       [0]    PINB7_bit
0x0036       [0]    PINB4_bit
0x0036       [0]    PINB5_bit
0x0037       [0]    DDB1_bit
0x0037       [0]    DDB2_bit
0x0037       [1]    DDRB
0x0037       [0]    DDB0_bit
0x0037       [0]    DDB3_bit
0x0037       [0]    DDB6_bit
0x0037       [0]    DDB7_bit
0x0037       [0]    DDB4_bit
0x0037       [0]    DDB5_bit
0x0038       [0]    PORTB1_bit
0x0038       [0]    PORTB2_bit
0x0038       [1]    PORTB
0x0038       [0]    PORTB0_bit
0x0038       [0]    PORTB3_bit
0x0038       [0]    PORTB6_bit
0x0038       [0]    PORTB7_bit
0x0038       [0]    PORTB4_bit
0x0038       [0]    PORTB5_bit
0x0039       [0]    PINA1_bit
0x0039       [0]    PINA2_bit
0x0039       [1]    PINA
0x0039       [0]    PINA0_bit
0x0039       [0]    PINA3_bit
0x0039       [0]    PINA6_bit
0x0039       [0]    PINA7_bit
0x0039       [0]    PINA4_bit
0x0039       [0]    PINA5_bit
0x003A       [0]    DDA1_bit
0x003A       [0]    DDA2_bit
0x003A       [1]    DDRA
0x003A       [0]    DDA0_bit
0x003A       [0]    DDA3_bit
0x003A       [0]    DDA6_bit
0x003A       [0]    DDA7_bit
0x003A       [0]    DDA4_bit
0x003A       [0]    DDA5_bit
0x003B       [0]    PORTA1_bit
0x003B       [0]    PORTA2_bit
0x003B       [1]    PORTA
0x003B       [0]    PORTA0_bit
0x003B       [0]    PORTA3_bit
0x003B       [0]    PORTA6_bit
0x003B       [0]    PORTA7_bit
0x003B       [0]    PORTA4_bit
0x003B       [0]    PORTA5_bit
0x003C       [0]    EERE_bit
0x003C       [1]    EECR
0x003C       [0]    EEWE_bit
0x003C       [0]    EERIE_bit
0x003C       [0]    EEMWE_bit
0x003D       [0]    EEDR1_bit
0x003D       [0]    EEDR2_bit
0x003D       [1]    EEDR
0x003D       [0]    EEDR0_bit
0x003D       [0]    EEDR3_bit
0x003D       [0]    EEDR6_bit
0x003D       [0]    EEDR7_bit
0x003D       [0]    EEDR4_bit
0x003D       [0]    EEDR5_bit
0x003E       [0]    EEAR1_bit
0x003E       [0]    EEAR2_bit
0x003E       [1]    EEARL
0x003E       [0]    EEAR0_bit
0x003E       [0]    EEAR3_bit
0x003E       [0]    EEAR6_bit
0x003E       [0]    EEAR7_bit
0x003E       [0]    EEAR4_bit
0x003E       [0]    EEAR5_bit
0x003F       [1]    EEARH
0x003F       [0]    EEAR8_bit
0x0040       [0]    UBRR11_bit
0x0040       [1]    UCSR0C
0x0040       [1]    UCSRC
0x0040       [0]    UBRR10_bit
0x0040       [1]    UBRRH
0x0040       [0]    UBRR8_bit
0x0040       [0]    UBRR9_bit
0x0040       [0]    UCPOL_bit
0x0040       [0]    UPM1_bit
0x0040       [0]    UMSEL_bit
0x0040       [0]    URSEL_bit
0x0040       [0]    UPM0_bit
0x0040       [0]    UCSZ0_bit
0x0040       [0]    UCSZ1_bit
0x0040       [0]    USBS_bit
0x0041       [0]    WDP1_bit
0x0041       [0]    WDP0_bit
0x0041       [1]    WDTCR
0x0041       [0]    WDTOE_bit
0x0041       [0]    WDE_bit
0x0041       [0]    WDP2_bit
0x0042       [0]    TCR2UB_bit
0x0042       [1]    ASSR
0x0042       [0]    OCR2UB_bit
0x0042       [0]    AS2_bit
0x0042       [0]    TCN2UB_bit
0x0043       [0]    OCR2_1_bit
0x0043       [0]    OCR2_2_bit
0x0043       [1]    OCR2
0x0043       [0]    OCR2_0_bit
0x0043       [0]    OCR2_3_bit
0x0043       [0]    OCR2_6_bit
0x0043       [0]    OCR2_7_bit
0x0043       [0]    OCR2_4_bit
0x0043       [0]    OCR2_5_bit
0x0044       [0]    TCNT2_1_bit
0x0044       [0]    TCNT2_2_bit
0x0044       [1]    TCNT2
0x0044       [0]    TCNT2_0_bit
0x0044       [0]    TCNT2_3_bit
0x0044       [0]    TCNT2_6_bit
0x0044       [0]    TCNT2_7_bit
0x0044       [0]    TCNT2_4_bit
0x0044       [0]    TCNT2_5_bit
0x0045       [0]    CS21_bit
0x0045       [0]    CS22_bit
0x0045       [1]    TCCR2
0x0045       [0]    CS20_bit
0x0045       [0]    WGM21_bit
0x0045       [0]    WGM20_bit
0x0045       [0]    FOC2_bit
0x0045       [0]    COM20_bit
0x0045       [0]    COM21_bit
0x0046       [0]    ICR1L1_bit
0x0046       [0]    ICR1L2_bit
0x0046       [1]    ICR1L
0x0046       [0]    ICR1L0_bit
0x0046       [0]    ICR1L3_bit
0x0046       [0]    ICR1L6_bit
0x0046       [0]    ICR1L7_bit
0x0046       [0]    ICR1L4_bit
0x0046       [0]    ICR1L5_bit
0x0047       [0]    ICR1H1_bit
0x0047       [0]    ICR1H2_bit
0x0047       [1]    ICR1H
0x0047       [0]    ICR1H0_bit
0x0047       [0]    ICR1H3_bit
0x0047       [0]    ICR1H6_bit
0x0047       [0]    ICR1H7_bit
0x0047       [0]    ICR1H4_bit
0x0047       [0]    ICR1H5_bit
0x0048       [0]    OCR1BL1_bit
0x0048       [0]    OCR1BL2_bit
0x0048       [1]    OCR1BL
0x0048       [0]    OCR1BL0_bit
0x0048       [0]    OCR1BL3_bit
0x0048       [0]    OCR1BL6_bit
0x0048       [0]    OCR1BL7_bit
0x0048       [0]    OCR1BL4_bit
0x0048       [0]    OCR1BL5_bit
0x0049       [0]    OCR1BH1_bit
0x0049       [0]    OCR1BH2_bit
0x0049       [1]    OCR1BH
0x0049       [0]    OCR1BH0_bit
0x0049       [0]    OCR1BH3_bit
0x0049       [0]    OCR1BH6_bit
0x0049       [0]    OCR1BH7_bit
0x0049       [0]    OCR1BH4_bit
0x0049       [0]    OCR1BH5_bit
0x004A       [0]    OCR1AL1_bit
0x004A       [0]    OCR1AL2_bit
0x004A       [1]    OCR1AL
0x004A       [0]    OCR1AL0_bit
0x004A       [0]    OCR1AL3_bit
0x004A       [0]    OCR1AL6_bit
0x004A       [0]    OCR1AL7_bit
0x004A       [0]    OCR1AL4_bit
0x004A       [0]    OCR1AL5_bit
0x004B       [0]    OCR1AH1_bit
0x004B       [0]    OCR1AH2_bit
0x004B       [1]    OCR1AH
0x004B       [0]    OCR1AH0_bit
0x004B       [0]    OCR1AH3_bit
0x004B       [0]    OCR1AH6_bit
0x004B       [0]    OCR1AH7_bit
0x004B       [0]    OCR1AH4_bit
0x004B       [0]    OCR1AH5_bit
0x004C       [0]    TCNT1L1_bit
0x004C       [0]    TCNT1L2_bit
0x004C       [1]    TCNT1L
0x004C       [0]    TCNT1L0_bit
0x004C       [0]    TCNT1L3_bit
0x004C       [0]    TCNT1L6_bit
0x004C       [0]    TCNT1L7_bit
0x004C       [0]    TCNT1L4_bit
0x004C       [0]    TCNT1L5_bit
0x004D       [0]    TCNT1H1_bit
0x004D       [0]    TCNT1H2_bit
0x004D       [1]    TCNT1H
0x004D       [0]    TCNT1H0_bit
0x004D       [0]    TCNT1H3_bit
0x004D       [0]    TCNT1H6_bit
0x004D       [0]    TCNT1H7_bit
0x004D       [0]    TCNT1H4_bit
0x004D       [0]    TCNT1H5_bit
0x004E       [0]    CS11_bit
0x004E       [0]    CS12_bit
0x004E       [1]    TCCR1B
0x004E       [0]    CS10_bit
0x004E       [0]    ICES1_bit
0x004E       [0]    ICNC1_bit
0x004E       [0]    WGM12_bit
0x004E       [0]    WGM13_bit
0x004F       [0]    WGM11_bit
0x004F       [0]    FOC1B_bit
0x004F       [1]    TCCR1A
0x004F       [0]    WGM10_bit
0x004F       [0]    FOC1A_bit
0x004F       [0]    COM1A0_bit
0x004F       [0]    COM1A1_bit
0x004F       [0]    COM1B0_bit
0x004F       [0]    COM1B1_bit
0x0050       [0]    PSR2_bit
0x0050       [0]    PUD_bit
0x0050       [1]    SFIOR
0x0050       [0]    PSR10_bit
0x0050       [0]    ADTS1_bit
0x0050       [0]    ADTS2_bit
0x0050       [0]    ACME_bit
0x0050       [0]    ADTS0_bit
0x0051       [0]    CAL5_bit
0x0051       [0]    CAL4_bit
0x0051       [0]    CAL7_bit
0x0051       [0]    CAL6_bit
0x0051       [0]    CAL3_bit
0x0051       [0]    CAL0_bit
0x0051       [1]    OSCCAL
0x0051       [0]    CAL2_bit
0x0051       [0]    CAL1_bit
0x0051       [0]    OCDR5_bit
0x0051       [0]    OCDR4_bit
0x0051       [0]    OCDR7_bit
0x0051       [0]    OCDR6_bit
0x0051       [0]    OCDR3_bit
0x0051       [0]    OCDR0_bit
0x0051       [1]    OCDR
0x0051       [0]    OCDR2_bit
0x0051       [0]    OCDR1_bit
0x0052       [0]    TCNT0_1_bit
0x0052       [0]    TCNT0_2_bit
0x0052       [1]    TCNT0
0x0052       [0]    TCNT0_0_bit
0x0052       [0]    TCNT0_3_bit
0x0052       [0]    TCNT0_6_bit
0x0052       [0]    TCNT0_7_bit
0x0052       [0]    TCNT0_4_bit
0x0052       [0]    TCNT0_5_bit
0x0053       [0]    CS01_bit
0x0053       [0]    CS02_bit
0x0053       [1]    TCCR0
0x0053       [0]    CS00_bit
0x0053       [0]    WGM01_bit
0x0053       [0]    WGM00_bit
0x0053       [0]    FOC0_bit
0x0053       [0]    COM00_bit
0x0053       [0]    COM01_bit
0x0054       [0]    PORF_bit
0x0054       [0]    EXTRF_bit
0x0054       [1]    MCUCSR
0x0054       [0]    ISC2_bit
0x0054       [0]    JTRF_bit
0x0054       [0]    JTD_bit
0x0054       [0]    BORF_bit
0x0054       [0]    WDRF_bit
0x0055       [0]    ISC01_bit
0x0055       [0]    ISC10_bit
0x0055       [1]    MCUCR
0x0055       [0]    ISC00_bit
0x0055       [0]    ISC11_bit
0x0055       [0]    SE_bit
0x0055       [0]    SM2_bit
0x0055       [0]    SM0_bit
0x0055       [0]    SM1_bit
0x0056       [0]    TWEN_bit
0x0056       [0]    TWWC_bit
0x0056       [1]    TWCR
0x0056       [0]    TWIE_bit
0x0056       [0]    TWEA_bit
0x0056       [0]    TWINT_bit
0x0056       [0]    TWSTO_bit
0x0056       [0]    TWSTA_bit
0x0057       [0]    PGERS_bit
0x0057       [0]    PGWRT_bit
0x0057       [1]    SPMCSR
0x0057       [0]    SPMEN_bit
0x0057       [0]    RWWSB_bit
0x0057       [0]    SPMIE_bit
0x0057       [0]    BLBSET_bit
0x0057       [0]    RWWSRE_bit
0x0058       [0]    OCF0_bit
0x0058       [0]    TOV1_bit
0x0058       [1]    TIFR
0x0058       [0]    TOV0_bit
0x0058       [0]    OCF1B_bit
0x0058       [0]    TOV2_bit
0x0058       [0]    OCF2_bit
0x0058       [0]    OCF1A_bit
0x0058       [0]    ICF1_bit
0x0059       [0]    OCIE0_bit
0x0059       [0]    TOIE1_bit
0x0059       [1]    TIMSK
0x0059       [0]    TOIE0_bit
0x0059       [0]    OCIE1B_bit
0x0059       [0]    TOIE2_bit
0x0059       [0]    OCIE2_bit
0x0059       [0]    OCIE1A_bit
0x0059       [0]    TICIE1_bit
0x005A       [0]    INTF2_bit
0x005A       [1]    GIFR
0x005A       [0]    INTF1_bit
0x005A       [0]    INTF0_bit
0x005B       [0]    IVSEL_bit
0x005B       [0]    IVCE_bit
0x005B       [1]    GICR
0x005B       [0]    INT1_bit
0x005B       [0]    INT0_bit
0x005B       [0]    INT2_bit
0x005C       [0]    OCR0_1_bit
0x005C       [0]    OCR0_2_bit
0x005C       [1]    OCR0
0x005C       [0]    OCR0_0_bit
0x005C       [0]    OCR0_3_bit
0x005C       [0]    OCR0_6_bit
0x005C       [0]    OCR0_7_bit
0x005C       [0]    OCR0_4_bit
0x005C       [0]    OCR0_5_bit
0x005D       [0]    SP1_bit
0x005D       [0]    SP2_bit
0x005D       [1]    SPL
0x005D       [0]    SP0_bit
0x005D       [0]    SP3_bit
0x005D       [0]    SP6_bit
0x005D       [0]    SP7_bit
0x005D       [0]    SP4_bit
0x005D       [0]    SP5_bit
0x005E       [0]    SP9_bit
0x005E       [0]    SP10_bit
0x005E       [1]    SPH
0x005E       [0]    SP8_bit
0x005E       [0]    SP11_bit
0x005E       [0]    SP14_bit
0x005E       [0]    SP15_bit
0x005E       [0]    SP12_bit
0x005E       [0]    SP13_bit
0x005F       [0]    SREG_Z_bit
0x005F       [0]    SREG_N_bit
0x005F       [1]    SREG
0x005F       [0]    SREG_C_bit
0x005F       [0]    SREG_V_bit
0x005F       [0]    SREG_T_bit
0x005F       [0]    SREG_I_bit
0x005F       [0]    SREG_S_bit
0x005F       [0]    SREG_H_bit
//** Label List: ** 
//----------------------------------------------
  L_main0
  L_main1
  L_main2
  L_main4
  L_end_main
  _main
  L__main_end_loop
  L_Delay_1us0
  L_Delay_10us2
  L_Delay_22us4
  L_Delay_50us6
  L_Delay_80us8
  L_Delay_500us10
  L_Delay_5500us12
  L_Delay_1ms14
  L_Delay_5ms16
  L_Delay_8ms18
  L_Delay_100ms20
  L_Delay_10ms22
  L_Delay_1sec24
  L_Delay_Cyc26
  L_Delay_Cyc27
  L_VDelay_ms28
  L_VDelay_ms29
  L_VDelay_Advanced_ms30
  L_VDelay_Advanced_ms31
  L_end_Get_Fosc_kHz
  _Get_Fosc_kHz
  L_end_Delay_1us
  _Delay_1us
  L_end_Delay_10us
  _Delay_10us
  L_end_Delay_22us
  _Delay_22us
  L_end_Delay_50us
  _Delay_50us
  L_end_Delay_80us
  _Delay_80us
  L_end_Delay_500us
  _Delay_500us
  L_end_Delay_5500us
  _Delay_5500us
  L_end_Delay_1ms
  _Delay_1ms
  L_end_Delay_5ms
  _Delay_5ms
  L_end_Delay_8ms
  _Delay_8ms
  L_end_Delay_100ms
  _Delay_100ms
  L_end_Delay_10ms
  _Delay_10ms
  L_end_Delay_1sec
  _Delay_1sec
  L_end_Delay_Cyc
  _Delay_Cyc
  L__Delay_Cyc47
  L_end_VDelay_ms
  _VDelay_ms
  L__VDelay_ms49
  L__VDelay_ms50
  L__VDelay_ms51
  L_end_VDelay_Advanced_ms
  _VDelay_Advanced_ms
  L__VDelay_Advanced_ms53
  L__VDelay_Advanced_ms54
  L__VDelay_Advanced_ms55
  L_end___Lib_Delays___?ag
  __Lib_Delays____?ag
  Mul_8x8_U_L1
  Mul_8x8_U_L2
  Mul_16x16_L1
  Mul_16x16_L2
  Mul_16x16_L3
  Mul_32x32_L1
  Mul_32x32_L2
  Mul_32x32_L3
  Div_8x8_U_L2
  Div_8x8_U_L1
  Div_16x16_S_L3
  Div_16x16_S_L1
  Div_16x16_S_L4
  Div_16x16_S_L2
  Div_16x16_S_L6
  Div_16x16_S_L5
  Div_16x16_U_L2
  Div_16x16_U_L1
  Div_32x32_U_L2
  Div_32x32_U_L1
  Div_32x32_S_L3
  Div_32x32_S_L1
  Div_32x32_S_L4
  Div_32x32_S_L2
  Div_32x32_S_L6
  Div_32x32_S_L5
  L_end_Mul_8x8_U
  _Mul_8x8_U
  L_end_Mul_16x16
  _Mul_16x16
  L_end_Mul_32x32
  _Mul_32x32
  L_end_Div_8x8_U
  _Div_8x8_U
  L_end_Div_16x16_S
  _Div_16x16_S
  L_end_Div_16x16_U
  _Div_16x16_U
  L_end_Div_32x32_U
  _Div_32x32_U
  L_end_Div_32x32_S
  _Div_32x32_S
  L_end_HWMul_16x16
  _HWMul_16x16
  L_end_HWMul_32x32
  _HWMul_32x32
  L_end___Lib_Math___?ag
  __Lib_Math____?ag
  L015C
  L01A7
  L0196
  L0178
  L0184
  L0197
  L0187
  L019C
  L0192
  L0196x
  L00FC
  L016E
  L016Ex
  L0154
  L0153
  L0077
  L0073
  L0072int
  L006A
  L0068
  L0063
  L006B
  L007A
  L008A
  L00CC
  L0098
  L00D6
  L00B4
  L00AC
  L00A5
  L00AE
  L00BB
  L00C4
  L00C7
  L00CA
  L00C9
  L00D6x
  L0097
  L009B
  L00A0mul
  L0083
  L0090
  L00A0x
  L0072div
  L00C2
  L00AB
  L00B1
  L00BD
  L0092
  L00A0div
  L00A4
  L00A6
  L00C2x
  L011A
  L0118
  L011Aexit
  op_equ_false
  op_equ_exit
  op_diff_false
  op_diff_exit
  op_gequ_false
  op_gequ_exit
  op_big_false
  op_big_exit
  op_less_false
  op_less_exit
  op_lequ_false
  op_lequ_exit
  L_end_float_neg32
  _float_neg32
  L_end_float_tstr16_r19
  _float_tstr16_r19
  L_end_float_pack
  _float_pack
  L_end_float_normalize_and_pack
  _float_normalize_and_pack
  L_end_float_long2fp
  _float_long2fp
  L_end_float_slong2fp
  _float_slong2fp
  L_end_float_ulong2fp
  _float_ulong2fp
  L_end_float_int2fp
  _float_int2fp
  L_end_float_unpacku
  _float_unpacku
  L_end_float_unpacks
  _float_unpacks
  L_end_float_fpint
  _float_fpint
  L_end_float_fpadd_alt
  _float_fpadd_alt
  L_end_float_fpadd
  _float_fpadd
  L_end_float_fpadd1
  _float_fpadd1
  L_end_float_fpsub
  _float_fpsub
  L_end_float_fpsub1
  _float_fpsub1
  L_end_float_fpmul
  _float_fpmul
  L_end_float_fpmul1
  _float_fpmul1
  L_end_float_fpdiv
  _float_fpdiv
  L_end_float_fpdiv1
  _float_fpdiv1
  L_end_float_fpcmp
  _float_fpcmp
  L_end_float_fpcmp1
  _float_fpcmp1
  L_end_float_op_equ
  _float_op_equ
  L_end_float_op_diff
  _float_op_diff
  L_end_float_op_gequ
  _float_op_gequ
  L_end_float_op_big
  _float_op_big
  L_end_float_op_less
  _float_op_less
  L_end_float_op_lequ
  _float_op_lequ
  L_end___Lib_MathDouble___?ag
  __Lib_MathDouble____?ag
  L_loopDW
  L_loopCA2A
  L_loopCCA2A
  L_loopCFCA2A
  L_loopCS2Ss
  l_CS2Send
  L_loopCCS2Ss
  l_CCS2Send
  L_loopCFCS2Ss
  l_CFCS2Send
  L_loopFZinSWs
  L_end___CC2DW
  ___CC2DW
  L_end___CA2AW
  ___CA2AW
  L_end___CCA2AW
  ___CCA2AW
  L_end___CFCA2A
  ___CFCA2A
  L_end___CS2S
  ___CS2S
  L_end___CCS2S
  ___CCS2S
  L_end___CFCS2S
  ___CFCS2S
  L_end___FZinS
  ___FZinS
  L_end___Lib_System___?ag
  __Lib_System____?ag
